{"meta": {"format": 3, "version": "7.11.0", "timestamp": "2025-10-22T12:01:23.981096", "branch_coverage": false, "show_contexts": false}, "files": {"repoq/__init__.py": {"executed_lines": [1], "summary": {"covered_lines": 1, "num_statements": 1, "percent_covered": 100.0, "percent_covered_display": "100", "missing_lines": 0, "excluded_lines": 0}, "missing_lines": [], "excluded_lines": [], "functions": {"": {"executed_lines": [1], "summary": {"covered_lines": 1, "num_statements": 1, "percent_covered": 100.0, "percent_covered_display": "100", "missing_lines": 0, "excluded_lines": 0}, "missing_lines": [], "excluded_lines": []}}, "classes": {"": {"executed_lines": [1], "summary": {"covered_lines": 1, "num_statements": 1, "percent_covered": 100.0, "percent_covered_display": "100", "missing_lines": 0, "excluded_lines": 0}, "missing_lines": [], "excluded_lines": []}}}, "repoq/__main__.py": {"executed_lines": [], "summary": {"covered_lines": 0, "num_statements": 1, "percent_covered": 0.0, "percent_covered_display": "0", "missing_lines": 1, "excluded_lines": 2}, "missing_lines": [3], "excluded_lines": [5, 6], "functions": {"": {"executed_lines": [], "summary": {"covered_lines": 0, "num_statements": 1, "percent_covered": 0.0, "percent_covered_display": "0", "missing_lines": 1, "excluded_lines": 2}, "missing_lines": [3], "excluded_lines": [5, 6]}}, "classes": {"": {"executed_lines": [], "summary": {"covered_lines": 0, "num_statements": 1, "percent_covered": 0.0, "percent_covered_display": "0", "missing_lines": 1, "excluded_lines": 2}, "missing_lines": [3], "excluded_lines": [5, 6]}}}, "repoq/ai/__init__.py": {"executed_lines": [], "summary": {"covered_lines": 0, "num_statements": 2, "percent_covered": 0.0, "percent_covered_display": "0", "missing_lines": 2, "excluded_lines": 0}, "missing_lines": [18, 26], "excluded_lines": [], "functions": {"": {"executed_lines": [], "summary": {"covered_lines": 0, "num_statements": 2, "percent_covered": 0.0, "percent_covered_display": "0", "missing_lines": 2, "excluded_lines": 0}, "missing_lines": [18, 26], "excluded_lines": []}}, "classes": {"": {"executed_lines": [], "summary": {"covered_lines": 0, "num_statements": 2, "percent_covered": 0.0, "percent_covered_display": "0", "missing_lines": 2, "excluded_lines": 0}, "missing_lines": [18, 26], "excluded_lines": []}}}, "repoq/ai/baml_agent.py": {"executed_lines": [], "summary": {"covered_lines": 0, "num_statements": 132, "percent_covered": 0.0, "percent_covered_display": "0", "missing_lines": 132, "excluded_lines": 0}, "missing_lines": [14, 15, 16, 17, 18, 20, 28, 31, 32, 33, 34, 35, 38, 39, 42, 43, 44, 45, 46, 49, 50, 52, 53, 55, 57, 58, 60, 62, 64, 66, 67, 68, 73, 74, 79, 80, 82, 90, 101, 102, 105, 106, 107, 110, 112, 113, 115, 117, 120, 122, 123, 124, 125, 130, 132, 133, 135, 137, 151, 152, 159, 161, 166, 167, 169, 171, 178, 180, 181, 182, 186, 188, 189, 190, 191, 192, 194, 201, 202, 203, 210, 218, 219, 226, 227, 233, 234, 236, 237, 244, 245, 246, 247, 251, 252, 253, 254, 255, 256, 258, 265, 266, 267, 274, 282, 283, 290, 291, 297, 298, 300, 301, 308, 309, 310, 314, 315, 316, 317, 318, 323, 330, 331, 332, 344, 347, 357, 358, 360, 363, 377, 382], "excluded_lines": [], "functions": {"AgentConfig.is_enabled": {"executed_lines": [], "summary": {"covered_lines": 0, "num_statements": 1, "percent_covered": 0.0, "percent_covered_display": "0", "missing_lines": 1, "excluded_lines": 0}, "missing_lines": [55], "excluded_lines": []}, "AgentConfig.can_block": {"executed_lines": [], "summary": {"covered_lines": 0, "num_statements": 1, "percent_covered": 0.0, "percent_covered_display": "0", "missing_lines": 1, "excluded_lines": 0}, "missing_lines": [60], "excluded_lines": []}, "AgentConfig.validate": {"executed_lines": [], "summary": {"covered_lines": 0, "num_statements": 9, "percent_covered": 0.0, "percent_covered_display": "0", "missing_lines": 9, "excluded_lines": 0}, "missing_lines": [64, 66, 67, 68, 73, 74, 79, 80, 82], "excluded_lines": []}, "BAMLAgent.__init__": {"executed_lines": [], "summary": {"covered_lines": 0, "num_statements": 7, "percent_covered": 0.0, "percent_covered_display": "0", "missing_lines": 7, "excluded_lines": 0}, "missing_lines": [102, 105, 106, 107, 110, 112, 113], "excluded_lines": []}, "BAMLAgent._initialize_baml_client": {"executed_lines": [], "summary": {"covered_lines": 0, "num_statements": 7, "percent_covered": 0.0, "percent_covered_display": "0", "missing_lines": 7, "excluded_lines": 0}, "missing_lines": [117, 120, 122, 123, 124, 125, 130], "excluded_lines": []}, "BAMLAgent.is_available": {"executed_lines": [], "summary": {"covered_lines": 0, "num_statements": 1, "percent_covered": 0.0, "percent_covered_display": "0", "missing_lines": 1, "excluded_lines": 0}, "missing_lines": [135], "excluded_lines": []}, "BAMLAgent.validate_trs_rule": {"executed_lines": [], "summary": {"covered_lines": 0, "num_statements": 22, "percent_covered": 0.0, "percent_covered_display": "0", "missing_lines": 22, "excluded_lines": 0}, "missing_lines": [151, 152, 159, 161, 166, 167, 169, 171, 178, 180, 181, 182, 186, 188, 189, 190, 191, 192, 194, 201, 202, 203], "excluded_lines": []}, "BAMLAgent.validate_ontology": {"executed_lines": [], "summary": {"covered_lines": 0, "num_statements": 22, "percent_covered": 0.0, "percent_covered_display": "0", "missing_lines": 22, "excluded_lines": 0}, "missing_lines": [218, 219, 226, 227, 233, 234, 236, 237, 244, 245, 246, 247, 251, 252, 253, 254, 255, 256, 258, 265, 266, 267], "excluded_lines": []}, "BAMLAgent.analyze_stratification": {"executed_lines": [], "summary": {"covered_lines": 0, "num_statements": 20, "percent_covered": 0.0, "percent_covered_display": "0", "missing_lines": 20, "excluded_lines": 0}, "missing_lines": [282, 283, 290, 291, 297, 298, 300, 301, 308, 309, 310, 314, 315, 316, 317, 318, 323, 330, 331, 332], "excluded_lines": []}, "get_agent": {"executed_lines": [], "summary": {"covered_lines": 0, "num_statements": 3, "percent_covered": 0.0, "percent_covered_display": "0", "missing_lines": 3, "excluded_lines": 0}, "missing_lines": [357, 358, 360], "excluded_lines": []}, "configure_agent": {"executed_lines": [], "summary": {"covered_lines": 0, "num_statements": 2, "percent_covered": 0.0, "percent_covered_display": "0", "missing_lines": 2, "excluded_lines": 0}, "missing_lines": [377, 382], "excluded_lines": []}, "": {"executed_lines": [], "summary": {"covered_lines": 0, "num_statements": 37, "percent_covered": 0.0, "percent_covered_display": "0", "missing_lines": 37, "excluded_lines": 0}, "missing_lines": [14, 15, 16, 17, 18, 20, 28, 31, 32, 33, 34, 35, 38, 39, 42, 43, 44, 45, 46, 49, 50, 52, 53, 57, 58, 62, 90, 101, 115, 132, 133, 137, 210, 274, 344, 347, 363], "excluded_lines": []}}, "classes": {"AgentPhase": {"executed_lines": [], "summary": {"covered_lines": 0, "num_statements": 0, "percent_covered": 100.0, "percent_covered_display": "100", "missing_lines": 0, "excluded_lines": 0}, "missing_lines": [], "excluded_lines": []}, "AgentConfig": {"executed_lines": [], "summary": {"covered_lines": 0, "num_statements": 11, "percent_covered": 0.0, "percent_covered_display": "0", "missing_lines": 11, "excluded_lines": 0}, "missing_lines": [55, 60, 64, 66, 67, 68, 73, 74, 79, 80, 82], "excluded_lines": []}, "BAMLAgent": {"executed_lines": [], "summary": {"covered_lines": 0, "num_statements": 79, "percent_covered": 0.0, "percent_covered_display": "0", "missing_lines": 79, "excluded_lines": 0}, "missing_lines": [102, 105, 106, 107, 110, 112, 113, 117, 120, 122, 123, 124, 125, 130, 135, 151, 152, 159, 161, 166, 167, 169, 171, 178, 180, 181, 182, 186, 188, 189, 190, 191, 192, 194, 201, 202, 203, 218, 219, 226, 227, 233, 234, 236, 237, 244, 245, 246, 247, 251, 252, 253, 254, 255, 256, 258, 265, 266, 267, 282, 283, 290, 291, 297, 298, 300, 301, 308, 309, 310, 314, 315, 316, 317, 318, 323, 330, 331, 332], "excluded_lines": []}, "": {"executed_lines": [], "summary": {"covered_lines": 0, "num_statements": 42, "percent_covered": 0.0, "percent_covered_display": "0", "missing_lines": 42, "excluded_lines": 0}, "missing_lines": [14, 15, 16, 17, 18, 20, 28, 31, 32, 33, 34, 35, 38, 39, 42, 43, 44, 45, 46, 49, 50, 52, 53, 57, 58, 62, 90, 101, 115, 132, 133, 137, 210, 274, 344, 347, 357, 358, 360, 363, 377, 382], "excluded_lines": []}}}, "repoq/analyzers/__init__.py": {"executed_lines": [], "summary": {"covered_lines": 0, "num_statements": 1, "percent_covered": 0.0, "percent_covered_display": "0", "missing_lines": 1, "excluded_lines": 0}, "missing_lines": [13], "excluded_lines": [], "functions": {"": {"executed_lines": [], "summary": {"covered_lines": 0, "num_statements": 1, "percent_covered": 0.0, "percent_covered_display": "0", "missing_lines": 1, "excluded_lines": 0}, "missing_lines": [13], "excluded_lines": []}}, "classes": {"": {"executed_lines": [], "summary": {"covered_lines": 0, "num_statements": 1, "percent_covered": 0.0, "percent_covered_display": "0", "missing_lines": 1, "excluded_lines": 0}, "missing_lines": [13], "excluded_lines": []}}}, "repoq/analyzers/base.py": {"executed_lines": [], "summary": {"covered_lines": 0, "num_statements": 6, "percent_covered": 0.0, "percent_covered_display": "0", "missing_lines": 6, "excluded_lines": 14}, "missing_lines": [7, 9, 11, 12, 15, 33], "excluded_lines": [35, 36, 37, 38, 39, 40, 41, 42, 43, 44, 45, 46, 47, 48], "functions": {"Analyzer.run": {"executed_lines": [], "summary": {"covered_lines": 0, "num_statements": 0, "percent_covered": 100.0, "percent_covered_display": "100", "missing_lines": 0, "excluded_lines": 12}, "missing_lines": [], "excluded_lines": [37, 38, 39, 40, 41, 42, 43, 44, 45, 46, 47, 48]}, "": {"executed_lines": [], "summary": {"covered_lines": 0, "num_statements": 6, "percent_covered": 0.0, "percent_covered_display": "0", "missing_lines": 6, "excluded_lines": 2}, "missing_lines": [7, 9, 11, 12, 15, 33], "excluded_lines": [35, 36]}}, "classes": {"Analyzer": {"executed_lines": [], "summary": {"covered_lines": 0, "num_statements": 0, "percent_covered": 100.0, "percent_covered_display": "100", "missing_lines": 0, "excluded_lines": 12}, "missing_lines": [], "excluded_lines": [37, 38, 39, 40, 41, 42, 43, 44, 45, 46, 47, 48]}, "": {"executed_lines": [], "summary": {"covered_lines": 0, "num_statements": 6, "percent_covered": 0.0, "percent_covered_display": "0", "missing_lines": 6, "excluded_lines": 2}, "missing_lines": [7, 9, 11, 12, 15, 33], "excluded_lines": [35, 36]}}}, "repoq/analyzers/ci_qm.py": {"executed_lines": [], "summary": {"covered_lines": 0, "num_statements": 50, "percent_covered": 0.0, "percent_covered_display": "0", "missing_lines": 50, "excluded_lines": 0}, "missing_lines": [10, 12, 13, 14, 15, 17, 18, 20, 22, 31, 44, 46, 60, 61, 62, 63, 64, 65, 66, 67, 68, 69, 70, 71, 72, 73, 74, 75, 76, 77, 82, 83, 87, 88, 89, 90, 91, 92, 93, 94, 96, 97, 98, 99, 100, 101, 102, 103, 105, 108], "excluded_lines": [], "functions": {"CIQualityAnalyzer.run": {"executed_lines": [], "summary": {"covered_lines": 0, "num_statements": 38, "percent_covered": 0.0, "percent_covered_display": "0", "missing_lines": 38, "excluded_lines": 0}, "missing_lines": [60, 61, 62, 63, 64, 65, 66, 67, 68, 69, 70, 71, 72, 73, 74, 75, 76, 77, 82, 83, 87, 88, 89, 90, 91, 92, 93, 94, 96, 97, 98, 99, 100, 101, 102, 103, 105, 108], "excluded_lines": []}, "": {"executed_lines": [], "summary": {"covered_lines": 0, "num_statements": 12, "percent_covered": 0.0, "percent_covered_display": "0", "missing_lines": 12, "excluded_lines": 0}, "missing_lines": [10, 12, 13, 14, 15, 17, 18, 20, 22, 31, 44, 46], "excluded_lines": []}}, "classes": {"CIQualityAnalyzer": {"executed_lines": [], "summary": {"covered_lines": 0, "num_statements": 38, "percent_covered": 0.0, "percent_covered_display": "0", "missing_lines": 38, "excluded_lines": 0}, "missing_lines": [60, 61, 62, 63, 64, 65, 66, 67, 68, 69, 70, 71, 72, 73, 74, 75, 76, 77, 82, 83, 87, 88, 89, 90, 91, 92, 93, 94, 96, 97, 98, 99, 100, 101, 102, 103, 105, 108], "excluded_lines": []}, "": {"executed_lines": [], "summary": {"covered_lines": 0, "num_statements": 12, "percent_covered": 0.0, "percent_covered_display": "0", "missing_lines": 12, "excluded_lines": 0}, "missing_lines": [10, 12, 13, 14, 15, 17, 18, 20, 22, 31, 44, 46], "excluded_lines": []}}}, "repoq/analyzers/complexity.py": {"executed_lines": [], "summary": {"covered_lines": 0, "num_statements": 61, "percent_covered": 0.0, "percent_covered_display": "0", "missing_lines": 61, "excluded_lines": 0}, "missing_lines": [10, 12, 13, 14, 16, 17, 18, 20, 23, 34, 36, 49, 50, 51, 52, 53, 54, 55, 56, 58, 59, 60, 61, 62, 63, 65, 67, 68, 69, 70, 71, 72, 74, 75, 78, 80, 93, 94, 96, 97, 98, 99, 100, 101, 102, 103, 105, 106, 107, 108, 109, 110, 111, 112, 113, 114, 115, 116, 117, 118, 119], "excluded_lines": [], "functions": {"ComplexityAnalyzer.run": {"executed_lines": [], "summary": {"covered_lines": 0, "num_statements": 50, "percent_covered": 0.0, "percent_covered_display": "0", "missing_lines": 50, "excluded_lines": 0}, "missing_lines": [49, 50, 51, 52, 53, 54, 55, 56, 58, 59, 60, 61, 62, 63, 65, 67, 68, 69, 70, 71, 72, 74, 75, 78, 80, 93, 94, 96, 97, 98, 99, 100, 101, 102, 103, 105, 106, 107, 108, 109, 110, 111, 112, 113, 114, 115, 116, 117, 118, 119], "excluded_lines": []}, "": {"executed_lines": [], "summary": {"covered_lines": 0, "num_statements": 11, "percent_covered": 0.0, "percent_covered_display": "0", "missing_lines": 11, "excluded_lines": 0}, "missing_lines": [10, 12, 13, 14, 16, 17, 18, 20, 23, 34, 36], "excluded_lines": []}}, "classes": {"ComplexityAnalyzer": {"executed_lines": [], "summary": {"covered_lines": 0, "num_statements": 50, "percent_covered": 0.0, "percent_covered_display": "0", "missing_lines": 50, "excluded_lines": 0}, "missing_lines": [49, 50, 51, 52, 53, 54, 55, 56, 58, 59, 60, 61, 62, 63, 65, 67, 68, 69, 70, 71, 72, 74, 75, 78, 80, 93, 94, 96, 97, 98, 99, 100, 101, 102, 103, 105, 106, 107, 108, 109, 110, 111, 112, 113, 114, 115, 116, 117, 118, 119], "excluded_lines": []}, "": {"executed_lines": [], "summary": {"covered_lines": 0, "num_statements": 11, "percent_covered": 0.0, "percent_covered_display": "0", "missing_lines": 11, "excluded_lines": 0}, "missing_lines": [10, 12, 13, 14, 16, 17, 18, 20, 23, 34, 36], "excluded_lines": []}}}, "repoq/analyzers/history.py": {"executed_lines": [], "summary": {"covered_lines": 0, "num_statements": 166, "percent_covered": 0.0, "percent_covered_display": "0", "missing_lines": 166, "excluded_lines": 0}, "missing_lines": [13, 15, 16, 17, 18, 20, 29, 30, 32, 35, 45, 46, 47, 48, 51, 64, 66, 79, 80, 81, 82, 83, 84, 85, 86, 87, 89, 96, 99, 104, 105, 106, 107, 108, 109, 116, 117, 120, 121, 131, 141, 143, 156, 158, 159, 160, 161, 162, 163, 165, 166, 167, 168, 171, 172, 173, 174, 175, 182, 185, 187, 189, 193, 194, 195, 196, 198, 207, 208, 209, 210, 212, 215, 216, 217, 220, 221, 222, 225, 226, 228, 240, 242, 243, 246, 248, 251, 252, 253, 254, 257, 258, 261, 266, 269, 271, 272, 273, 274, 276, 277, 281, 282, 283, 284, 285, 286, 287, 288, 289, 290, 291, 292, 294, 295, 296, 297, 298, 299, 300, 301, 302, 303, 304, 305, 306, 307, 308, 309, 311, 312, 314, 315, 316, 317, 324, 326, 327, 328, 335, 336, 337, 338, 339, 345, 347, 348, 349, 350, 353, 362, 363, 364, 365, 366, 367, 368, 369, 370, 371, 372, 373, 374, 375, 376, 377], "excluded_lines": [], "functions": {"_run": {"executed_lines": [], "summary": {"covered_lines": 0, "num_statements": 4, "percent_covered": 0.0, "percent_covered_display": "0", "missing_lines": 4, "excluded_lines": 0}, "missing_lines": [45, 46, 47, 48], "excluded_lines": []}, "HistoryAnalyzer.run": {"executed_lines": [], "summary": {"covered_lines": 0, "num_statements": 9, "percent_covered": 0.0, "percent_covered_display": "0", "missing_lines": 9, "excluded_lines": 0}, "missing_lines": [79, 80, 81, 82, 83, 84, 85, 86, 87], "excluded_lines": []}, "HistoryAnalyzer._process_commit_metadata": {"executed_lines": [], "summary": {"covered_lines": 0, "num_statements": 14, "percent_covered": 0.0, "percent_covered_display": "0", "missing_lines": 14, "excluded_lines": 0}, "missing_lines": [96, 99, 104, 105, 106, 107, 108, 109, 116, 117, 120, 121, 131, 141], "excluded_lines": []}, "HistoryAnalyzer._process_modifications": {"executed_lines": [], "summary": {"covered_lines": 0, "num_statements": 19, "percent_covered": 0.0, "percent_covered_display": "0", "missing_lines": 19, "excluded_lines": 0}, "missing_lines": [156, 158, 159, 160, 161, 162, 163, 165, 166, 167, 168, 171, 172, 173, 174, 175, 182, 185, 187], "excluded_lines": []}, "HistoryAnalyzer._update_coupling": {"executed_lines": [], "summary": {"covered_lines": 0, "num_statements": 4, "percent_covered": 0.0, "percent_covered_display": "0", "missing_lines": 4, "excluded_lines": 0}, "missing_lines": [193, 194, 195, 196], "excluded_lines": []}, "HistoryAnalyzer._aggregate_ownership_stats": {"executed_lines": [], "summary": {"covered_lines": 0, "num_statements": 13, "percent_covered": 0.0, "percent_covered_display": "0", "missing_lines": 13, "excluded_lines": 0}, "missing_lines": [207, 208, 209, 210, 212, 215, 216, 217, 220, 221, 222, 225, 226], "excluded_lines": []}, "HistoryAnalyzer._run_pydriller": {"executed_lines": [], "summary": {"covered_lines": 0, "num_statements": 14, "percent_covered": 0.0, "percent_covered_display": "0", "missing_lines": 14, "excluded_lines": 0}, "missing_lines": [240, 242, 243, 246, 248, 251, 252, 253, 254, 257, 258, 261, 266, 269], "excluded_lines": []}, "HistoryAnalyzer._run_git": {"executed_lines": [], "summary": {"covered_lines": 0, "num_statements": 70, "percent_covered": 0.0, "percent_covered_display": "0", "missing_lines": 70, "excluded_lines": 0}, "missing_lines": [272, 273, 274, 276, 277, 281, 282, 283, 284, 285, 286, 287, 288, 289, 290, 291, 292, 294, 295, 296, 297, 298, 299, 300, 301, 302, 303, 304, 305, 306, 307, 308, 309, 311, 312, 314, 315, 316, 317, 324, 326, 327, 328, 335, 336, 337, 338, 339, 345, 347, 348, 349, 350, 353, 362, 363, 364, 365, 366, 367, 368, 369, 370, 371, 372, 373, 374, 375, 376, 377], "excluded_lines": []}, "": {"executed_lines": [], "summary": {"covered_lines": 0, "num_statements": 19, "percent_covered": 0.0, "percent_covered_display": "0", "missing_lines": 19, "excluded_lines": 0}, "missing_lines": [13, 15, 16, 17, 18, 20, 29, 30, 32, 35, 51, 64, 66, 89, 143, 189, 198, 228, 271], "excluded_lines": []}}, "classes": {"HistoryAnalyzer": {"executed_lines": [], "summary": {"covered_lines": 0, "num_statements": 143, "percent_covered": 0.0, "percent_covered_display": "0", "missing_lines": 143, "excluded_lines": 0}, "missing_lines": [79, 80, 81, 82, 83, 84, 85, 86, 87, 96, 99, 104, 105, 106, 107, 108, 109, 116, 117, 120, 121, 131, 141, 156, 158, 159, 160, 161, 162, 163, 165, 166, 167, 168, 171, 172, 173, 174, 175, 182, 185, 187, 193, 194, 195, 196, 207, 208, 209, 210, 212, 215, 216, 217, 220, 221, 222, 225, 226, 240, 242, 243, 246, 248, 251, 252, 253, 254, 257, 258, 261, 266, 269, 272, 273, 274, 276, 277, 281, 282, 283, 284, 285, 286, 287, 288, 289, 290, 291, 292, 294, 295, 296, 297, 298, 299, 300, 301, 302, 303, 304, 305, 306, 307, 308, 309, 311, 312, 314, 315, 316, 317, 324, 326, 327, 328, 335, 336, 337, 338, 339, 345, 347, 348, 349, 350, 353, 362, 363, 364, 365, 366, 367, 368, 369, 370, 371, 372, 373, 374, 375, 376, 377], "excluded_lines": []}, "": {"executed_lines": [], "summary": {"covered_lines": 0, "num_statements": 23, "percent_covered": 0.0, "percent_covered_display": "0", "missing_lines": 23, "excluded_lines": 0}, "missing_lines": [13, 15, 16, 17, 18, 20, 29, 30, 32, 35, 45, 46, 47, 48, 51, 64, 66, 89, 143, 189, 198, 228, 271], "excluded_lines": []}}}, "repoq/analyzers/hotspots.py": {"executed_lines": [], "summary": {"covered_lines": 0, "num_statements": 27, "percent_covered": 0.0, "percent_covered_display": "0", "missing_lines": 27, "excluded_lines": 0}, "missing_lines": [12, 14, 16, 17, 19, 22, 32, 35, 48, 50, 61, 62, 63, 65, 66, 67, 71, 72, 74, 75, 76, 77, 78, 79, 80, 89, 90], "excluded_lines": [], "functions": {"_norm": {"executed_lines": [], "summary": {"covered_lines": 0, "num_statements": 1, "percent_covered": 0.0, "percent_covered_display": "0", "missing_lines": 1, "excluded_lines": 0}, "missing_lines": [32], "excluded_lines": []}, "HotspotsAnalyzer.run": {"executed_lines": [], "summary": {"covered_lines": 0, "num_statements": 17, "percent_covered": 0.0, "percent_covered_display": "0", "missing_lines": 17, "excluded_lines": 0}, "missing_lines": [61, 62, 63, 65, 66, 67, 71, 72, 74, 75, 76, 77, 78, 79, 80, 89, 90], "excluded_lines": []}, "": {"executed_lines": [], "summary": {"covered_lines": 0, "num_statements": 9, "percent_covered": 0.0, "percent_covered_display": "0", "missing_lines": 9, "excluded_lines": 0}, "missing_lines": [12, 14, 16, 17, 19, 22, 35, 48, 50], "excluded_lines": []}}, "classes": {"HotspotsAnalyzer": {"executed_lines": [], "summary": {"covered_lines": 0, "num_statements": 17, "percent_covered": 0.0, "percent_covered_display": "0", "missing_lines": 17, "excluded_lines": 0}, "missing_lines": [61, 62, 63, 65, 66, 67, 71, 72, 74, 75, 76, 77, 78, 79, 80, 89, 90], "excluded_lines": []}, "": {"executed_lines": [], "summary": {"covered_lines": 0, "num_statements": 10, "percent_covered": 0.0, "percent_covered_display": "0", "missing_lines": 10, "excluded_lines": 0}, "missing_lines": [12, 14, 16, 17, 19, 22, 32, 35, 48, 50], "excluded_lines": []}}}, "repoq/analyzers/incremental.py": {"executed_lines": [], "summary": {"covered_lines": 0, "num_statements": 83, "percent_covered": 0.0, "percent_covered_display": "0", "missing_lines": 83, "excluded_lines": 0}, "missing_lines": [24, 26, 27, 28, 29, 30, 32, 34, 37, 40, 41, 42, 43, 44, 47, 48, 57, 58, 59, 62, 83, 94, 95, 97, 98, 99, 100, 102, 123, 125, 127, 129, 132, 133, 134, 136, 138, 141, 142, 144, 145, 152, 153, 160, 168, 169, 170, 177, 178, 180, 182, 191, 193, 199, 201, 202, 203, 204, 206, 208, 234, 235, 237, 239, 240, 242, 243, 245, 268, 270, 271, 274, 277, 285, 291, 297, 306, 308, 314, 316, 325, 328, 341], "excluded_lines": [], "functions": {"IncrementalAnalyzer.__init__": {"executed_lines": [], "summary": {"covered_lines": 0, "num_statements": 6, "percent_covered": 0.0, "percent_covered_display": "0", "missing_lines": 6, "excluded_lines": 0}, "missing_lines": [94, 95, 97, 98, 99, 100], "excluded_lines": []}, "IncrementalAnalyzer.get_changed_files": {"executed_lines": [], "summary": {"covered_lines": 0, "num_statements": 22, "percent_covered": 0.0, "percent_covered_display": "0", "missing_lines": 22, "excluded_lines": 0}, "missing_lines": [123, 125, 127, 129, 132, 133, 134, 136, 138, 141, 142, 144, 145, 152, 153, 160, 168, 169, 170, 177, 178, 180], "excluded_lines": []}, "IncrementalAnalyzer.filter_python_files": {"executed_lines": [], "summary": {"covered_lines": 0, "num_statements": 1, "percent_covered": 0.0, "percent_covered_display": "0", "missing_lines": 1, "excluded_lines": 0}, "missing_lines": [191], "excluded_lines": []}, "IncrementalAnalyzer.get_all_python_files": {"executed_lines": [], "summary": {"covered_lines": 0, "num_statements": 6, "percent_covered": 0.0, "percent_covered_display": "0", "missing_lines": 6, "excluded_lines": 0}, "missing_lines": [199, 201, 202, 203, 204, 206], "excluded_lines": []}, "IncrementalAnalyzer.should_use_incremental": {"executed_lines": [], "summary": {"covered_lines": 0, "num_statements": 7, "percent_covered": 0.0, "percent_covered_display": "0", "missing_lines": 7, "excluded_lines": 0}, "missing_lines": [234, 235, 237, 239, 240, 242, 243], "excluded_lines": []}, "IncrementalAnalyzer.analyze_with_cache": {"executed_lines": [], "summary": {"covered_lines": 0, "num_statements": 5, "percent_covered": 0.0, "percent_covered_display": "0", "missing_lines": 5, "excluded_lines": 0}, "missing_lines": [268, 270, 271, 274, 277], "excluded_lines": []}, "IncrementalAnalyzer.get_cache_stats": {"executed_lines": [], "summary": {"covered_lines": 0, "num_statements": 1, "percent_covered": 0.0, "percent_covered_display": "0", "missing_lines": 1, "excluded_lines": 0}, "missing_lines": [291], "excluded_lines": []}, "IncrementalAnalyzer.invalidate_cache": {"executed_lines": [], "summary": {"covered_lines": 0, "num_statements": 1, "percent_covered": 0.0, "percent_covered_display": "0", "missing_lines": 1, "excluded_lines": 0}, "missing_lines": [306], "excluded_lines": []}, "IncrementalAnalyzer.save_cache": {"executed_lines": [], "summary": {"covered_lines": 0, "num_statements": 1, "percent_covered": 0.0, "percent_covered_display": "0", "missing_lines": 1, "excluded_lines": 0}, "missing_lines": [314], "excluded_lines": []}, "IncrementalAnalyzer.load_cache": {"executed_lines": [], "summary": {"covered_lines": 0, "num_statements": 1, "percent_covered": 0.0, "percent_covered_display": "0", "missing_lines": 1, "excluded_lines": 0}, "missing_lines": [325], "excluded_lines": []}, "create_incremental_analyzer": {"executed_lines": [], "summary": {"covered_lines": 0, "num_statements": 1, "percent_covered": 0.0, "percent_covered_display": "0", "missing_lines": 1, "excluded_lines": 0}, "missing_lines": [341], "excluded_lines": []}, "": {"executed_lines": [], "summary": {"covered_lines": 0, "num_statements": 31, "percent_covered": 0.0, "percent_covered_display": "0", "missing_lines": 31, "excluded_lines": 0}, "missing_lines": [24, 26, 27, 28, 29, 30, 32, 34, 37, 40, 41, 42, 43, 44, 47, 48, 57, 58, 59, 62, 83, 102, 182, 193, 208, 245, 285, 297, 308, 316, 328], "excluded_lines": []}}, "classes": {"ChangeType": {"executed_lines": [], "summary": {"covered_lines": 0, "num_statements": 0, "percent_covered": 100.0, "percent_covered_display": "100", "missing_lines": 0, "excluded_lines": 0}, "missing_lines": [], "excluded_lines": []}, "FileChange": {"executed_lines": [], "summary": {"covered_lines": 0, "num_statements": 0, "percent_covered": 100.0, "percent_covered_display": "100", "missing_lines": 0, "excluded_lines": 0}, "missing_lines": [], "excluded_lines": []}, "IncrementalAnalyzer": {"executed_lines": [], "summary": {"covered_lines": 0, "num_statements": 51, "percent_covered": 0.0, "percent_covered_display": "0", "missing_lines": 51, "excluded_lines": 0}, "missing_lines": [94, 95, 97, 98, 99, 100, 123, 125, 127, 129, 132, 133, 134, 136, 138, 141, 142, 144, 145, 152, 153, 160, 168, 169, 170, 177, 178, 180, 191, 199, 201, 202, 203, 204, 206, 234, 235, 237, 239, 240, 242, 243, 268, 270, 271, 274, 277, 291, 306, 314, 325], "excluded_lines": []}, "": {"executed_lines": [], "summary": {"covered_lines": 0, "num_statements": 32, "percent_covered": 0.0, "percent_covered_display": "0", "missing_lines": 32, "excluded_lines": 0}, "missing_lines": [24, 26, 27, 28, 29, 30, 32, 34, 37, 40, 41, 42, 43, 44, 47, 48, 57, 58, 59, 62, 83, 102, 182, 193, 208, 245, 285, 297, 308, 316, 328, 341], "excluded_lines": []}}}, "repoq/analyzers/structure.py": {"executed_lines": [], "summary": {"covered_lines": 0, "num_statements": 246, "percent_covered": 0.0, "percent_covered_display": "0", "missing_lines": 246, "excluded_lines": 0}, "missing_lines": [13, 15, 16, 17, 18, 19, 21, 22, 23, 24, 25, 26, 28, 30, 67, 76, 79, 85, 87, 88, 89, 90, 91, 92, 95, 96, 97, 98, 99, 100, 101, 102, 103, 104, 105, 106, 107, 109, 111, 112, 114, 117, 124, 127, 128, 129, 130, 132, 133, 136, 137, 138, 139, 153, 154, 155, 156, 157, 170, 171, 174, 175, 176, 177, 178, 179, 180, 181, 182, 183, 195, 196, 199, 200, 201, 202, 204, 205, 208, 209, 221, 222, 233, 234, 236, 239, 251, 254, 256, 257, 258, 259, 261, 262, 263, 265, 268, 285, 288, 289, 290, 291, 292, 293, 294, 295, 298, 299, 302, 303, 306, 307, 308, 309, 310, 311, 312, 315, 316, 317, 318, 319, 320, 321, 322, 323, 325, 328, 343, 344, 346, 347, 348, 351, 352, 353, 354, 364, 365, 366, 367, 375, 376, 379, 393, 394, 395, 396, 397, 398, 399, 402, 405, 406, 407, 408, 409, 410, 411, 412, 413, 414, 417, 433, 435, 448, 449, 452, 455, 458, 460, 463, 466, 469, 474, 476, 484, 485, 490, 491, 493, 511, 513, 515, 516, 524, 525, 526, 529, 530, 531, 532, 533, 534, 536, 537, 538, 541, 542, 543, 546, 547, 550, 552, 554, 556, 563, 564, 565, 566, 567, 569, 577, 579, 580, 581, 583, 585, 586, 593, 594, 595, 598, 599, 601, 602, 603, 604, 605, 606, 608, 610, 611, 617, 627, 629, 631, 634, 637, 638, 640, 642, 646, 647, 648, 649], "excluded_lines": [], "functions": {"_is_textlike": {"executed_lines": [], "summary": {"covered_lines": 0, "num_statements": 1, "percent_covered": 0.0, "percent_covered_display": "0", "missing_lines": 1, "excluded_lines": 0}, "missing_lines": [76], "excluded_lines": []}, "_detect_spdx_license": {"executed_lines": [], "summary": {"covered_lines": 0, "num_statements": 24, "percent_covered": 0.0, "percent_covered_display": "0", "missing_lines": 24, "excluded_lines": 0}, "missing_lines": [85, 87, 88, 89, 90, 91, 92, 95, 96, 97, 98, 99, 100, 101, 102, 103, 104, 105, 106, 107, 109, 111, 112, 114], "excluded_lines": []}, "_parse_dependency_manifests": {"executed_lines": [], "summary": {"covered_lines": 0, "num_statements": 43, "percent_covered": 0.0, "percent_covered_display": "0", "missing_lines": 43, "excluded_lines": 0}, "missing_lines": [124, 127, 128, 129, 130, 132, 133, 136, 137, 138, 139, 153, 154, 155, 156, 157, 170, 171, 174, 175, 176, 177, 178, 179, 180, 181, 182, 183, 195, 196, 199, 200, 201, 202, 204, 205, 208, 209, 221, 222, 233, 234, 236], "excluded_lines": []}, "_parse_python_dep": {"executed_lines": [], "summary": {"covered_lines": 0, "num_statements": 10, "percent_covered": 0.0, "percent_covered_display": "0", "missing_lines": 10, "excluded_lines": 0}, "missing_lines": [251, 254, 256, 257, 258, 259, 261, 262, 263, 265], "excluded_lines": []}, "_process_file": {"executed_lines": [], "summary": {"covered_lines": 0, "num_statements": 30, "percent_covered": 0.0, "percent_covered_display": "0", "missing_lines": 30, "excluded_lines": 0}, "missing_lines": [285, 288, 289, 290, 291, 292, 293, 294, 295, 298, 299, 302, 303, 306, 307, 308, 309, 310, 311, 312, 315, 316, 317, 318, 319, 320, 321, 322, 323, 325], "excluded_lines": []}, "_extract_file_dependencies": {"executed_lines": [], "summary": {"covered_lines": 0, "num_statements": 15, "percent_covered": 0.0, "percent_covered_display": "0", "missing_lines": 15, "excluded_lines": 0}, "missing_lines": [343, 344, 346, 347, 348, 351, 352, 353, 354, 364, 365, 366, 367, 375, 376], "excluded_lines": []}, "_process_repository_metadata": {"executed_lines": [], "summary": {"covered_lines": 0, "num_statements": 18, "percent_covered": 0.0, "percent_covered_display": "0", "missing_lines": 18, "excluded_lines": 0}, "missing_lines": [393, 394, 395, 396, 397, 398, 399, 402, 405, 406, 407, 408, 409, 410, 411, 412, 413, 414], "excluded_lines": []}, "StructureAnalyzer.run": {"executed_lines": [], "summary": {"covered_lines": 0, "num_statements": 10, "percent_covered": 0.0, "percent_covered_display": "0", "missing_lines": 10, "excluded_lines": 0}, "missing_lines": [448, 449, 452, 455, 458, 460, 463, 466, 469, 474], "excluded_lines": []}, "StructureAnalyzer._init_modules": {"executed_lines": [], "summary": {"covered_lines": 0, "num_statements": 4, "percent_covered": 0.0, "percent_covered_display": "0", "missing_lines": 4, "excluded_lines": 0}, "missing_lines": [484, 485, 490, 491], "excluded_lines": []}, "StructureAnalyzer._scan_and_process_files": {"executed_lines": [], "summary": {"covered_lines": 0, "num_statements": 24, "percent_covered": 0.0, "percent_covered_display": "0", "missing_lines": 24, "excluded_lines": 0}, "missing_lines": [511, 513, 515, 516, 524, 525, 526, 529, 530, 531, 532, 533, 534, 536, 537, 538, 541, 542, 543, 546, 547, 550, 552, 554], "excluded_lines": []}, "StructureAnalyzer._extract_manifest_dependencies": {"executed_lines": [], "summary": {"covered_lines": 0, "num_statements": 5, "percent_covered": 0.0, "percent_covered_display": "0", "missing_lines": 5, "excluded_lines": 0}, "missing_lines": [563, 564, 565, 566, 567], "excluded_lines": []}, "StructureAnalyzer._check_stale_files": {"executed_lines": [], "summary": {"covered_lines": 0, "num_statements": 21, "percent_covered": 0.0, "percent_covered_display": "0", "missing_lines": 21, "excluded_lines": 0}, "missing_lines": [577, 579, 580, 581, 583, 585, 586, 593, 594, 595, 598, 599, 601, 602, 603, 604, 605, 606, 608, 610, 611], "excluded_lines": []}, "StructureAnalyzer._enrich_with_ontological_analysis": {"executed_lines": [], "summary": {"covered_lines": 0, "num_statements": 12, "percent_covered": 0.0, "percent_covered_display": "0", "missing_lines": 12, "excluded_lines": 0}, "missing_lines": [627, 629, 631, 634, 637, 638, 640, 642, 646, 647, 648, 649], "excluded_lines": []}, "": {"executed_lines": [], "summary": {"covered_lines": 0, "num_statements": 29, "percent_covered": 0.0, "percent_covered_display": "0", "missing_lines": 29, "excluded_lines": 0}, "missing_lines": [13, 15, 16, 17, 18, 19, 21, 22, 23, 24, 25, 26, 28, 30, 67, 79, 117, 239, 268, 328, 379, 417, 433, 435, 476, 493, 556, 569, 617], "excluded_lines": []}}, "classes": {"StructureAnalyzer": {"executed_lines": [], "summary": {"covered_lines": 0, "num_statements": 76, "percent_covered": 0.0, "percent_covered_display": "0", "missing_lines": 76, "excluded_lines": 0}, "missing_lines": [448, 449, 452, 455, 458, 460, 463, 466, 469, 474, 484, 485, 490, 491, 511, 513, 515, 516, 524, 525, 526, 529, 530, 531, 532, 533, 534, 536, 537, 538, 541, 542, 543, 546, 547, 550, 552, 554, 563, 564, 565, 566, 567, 577, 579, 580, 581, 583, 585, 586, 593, 594, 595, 598, 599, 601, 602, 603, 604, 605, 606, 608, 610, 611, 627, 629, 631, 634, 637, 638, 640, 642, 646, 647, 648, 649], "excluded_lines": []}, "": {"executed_lines": [], "summary": {"covered_lines": 0, "num_statements": 170, "percent_covered": 0.0, "percent_covered_display": "0", "missing_lines": 170, "excluded_lines": 0}, "missing_lines": [13, 15, 16, 17, 18, 19, 21, 22, 23, 24, 25, 26, 28, 30, 67, 76, 79, 85, 87, 88, 89, 90, 91, 92, 95, 96, 97, 98, 99, 100, 101, 102, 103, 104, 105, 106, 107, 109, 111, 112, 114, 117, 124, 127, 128, 129, 130, 132, 133, 136, 137, 138, 139, 153, 154, 155, 156, 157, 170, 171, 174, 175, 176, 177, 178, 179, 180, 181, 182, 183, 195, 196, 199, 200, 201, 202, 204, 205, 208, 209, 221, 222, 233, 234, 236, 239, 251, 254, 256, 257, 258, 259, 261, 262, 263, 265, 268, 285, 288, 289, 290, 291, 292, 293, 294, 295, 298, 299, 302, 303, 306, 307, 308, 309, 310, 311, 312, 315, 316, 317, 318, 319, 320, 321, 322, 323, 325, 328, 343, 344, 346, 347, 348, 351, 352, 353, 354, 364, 365, 366, 367, 375, 376, 379, 393, 394, 395, 396, 397, 398, 399, 402, 405, 406, 407, 408, 409, 410, 411, 412, 413, 414, 417, 433, 435, 476, 493, 556, 569, 617], "excluded_lines": []}}}, "repoq/analyzers/weakness.py": {"executed_lines": [], "summary": {"covered_lines": 0, "num_statements": 37, "percent_covered": 0.0, "percent_covered_display": "0", "missing_lines": 37, "excluded_lines": 0}, "missing_lines": [11, 13, 14, 15, 17, 18, 20, 22, 29, 38, 39, 40, 41, 42, 45, 56, 58, 70, 71, 72, 73, 74, 75, 76, 77, 78, 79, 80, 81, 82, 83, 84, 85, 86, 95, 96, 97], "excluded_lines": [], "functions": {"_severity_for": {"executed_lines": [], "summary": {"covered_lines": 0, "num_statements": 5, "percent_covered": 0.0, "percent_covered_display": "0", "missing_lines": 5, "excluded_lines": 0}, "missing_lines": [38, 39, 40, 41, 42], "excluded_lines": []}, "WeaknessAnalyzer.run": {"executed_lines": [], "summary": {"covered_lines": 0, "num_statements": 20, "percent_covered": 0.0, "percent_covered_display": "0", "missing_lines": 20, "excluded_lines": 0}, "missing_lines": [70, 71, 72, 73, 74, 75, 76, 77, 78, 79, 80, 81, 82, 83, 84, 85, 86, 95, 96, 97], "excluded_lines": []}, "": {"executed_lines": [], "summary": {"covered_lines": 0, "num_statements": 12, "percent_covered": 0.0, "percent_covered_display": "0", "missing_lines": 12, "excluded_lines": 0}, "missing_lines": [11, 13, 14, 15, 17, 18, 20, 22, 29, 45, 56, 58], "excluded_lines": []}}, "classes": {"WeaknessAnalyzer": {"executed_lines": [], "summary": {"covered_lines": 0, "num_statements": 20, "percent_covered": 0.0, "percent_covered_display": "0", "missing_lines": 20, "excluded_lines": 0}, "missing_lines": [70, 71, 72, 73, 74, 75, 76, 77, 78, 79, 80, 81, 82, 83, 84, 85, 86, 95, 96, 97], "excluded_lines": []}, "": {"executed_lines": [], "summary": {"covered_lines": 0, "num_statements": 17, "percent_covered": 0.0, "percent_covered_display": "0", "missing_lines": 17, "excluded_lines": 0}, "missing_lines": [11, 13, 14, 15, 17, 18, 20, 22, 29, 38, 39, 40, 41, 42, 45, 56, 58], "excluded_lines": []}}}, "repoq/cli.py": {"executed_lines": [], "summary": {"covered_lines": 0, "num_statements": 483, "percent_covered": 0.0, "percent_covered_display": "0", "missing_lines": 483, "excluded_lines": 2}, "missing_lines": [16, 18, 19, 20, 21, 22, 23, 24, 26, 27, 28, 30, 31, 32, 33, 34, 35, 36, 38, 40, 51, 52, 54, 55, 57, 64, 77, 79, 80, 82, 83, 84, 85, 86, 89, 102, 104, 105, 107, 108, 109, 111, 114, 131, 132, 134, 137, 144, 146, 147, 149, 150, 156, 172, 173, 174, 176, 177, 178, 179, 182, 192, 193, 195, 196, 197, 198, 199, 200, 203, 217, 218, 219, 227, 245, 246, 247, 250, 251, 265, 266, 269, 270, 321, 339, 340, 380, 394, 395, 451, 471, 472, 546, 566, 567, 591, 592, 593, 594, 595, 596, 597, 598, 599, 602, 651, 652, 653, 658, 660, 662, 677, 679, 680, 683, 684, 686, 687, 690, 691, 693, 694, 695, 696, 697, 698, 699, 700, 701, 703, 704, 705, 706, 707, 709, 710, 712, 713, 715, 716, 718, 719, 721, 722, 724, 725, 728, 730, 733, 734, 735, 737, 738, 739, 741, 742, 744, 747, 749, 750, 751, 753, 759, 760, 763, 764, 765, 766, 767, 768, 769, 770, 773, 775, 778, 779, 781, 784, 787, 788, 791, 799, 800, 802, 803, 804, 806, 808, 809, 812, 813, 814, 815, 816, 817, 819, 820, 822, 823, 830, 831, 832, 833, 834, 835, 837, 838, 840, 841, 842, 843, 844, 845, 846, 848, 849, 851, 852, 855, 857, 858, 859, 862, 863, 866, 869, 870, 873, 875, 877, 878, 880, 888, 890, 891, 894, 896, 898, 899, 900, 902, 903, 904, 906, 907, 908, 909, 911, 912, 915, 917, 919, 920, 921, 923, 924, 925, 927, 928, 929, 930, 931, 933, 934, 937, 938, 982, 984, 986, 988, 989, 990, 992, 993, 994, 997, 1000, 1001, 1003, 1005, 1007, 1008, 1009, 1010, 1011, 1012, 1014, 1015, 1017, 1019, 1021, 1023, 1026, 1027, 1034, 1035, 1036, 1037, 1040, 1042, 1043, 1044, 1045, 1046, 1047, 1049, 1050, 1052, 1053, 1055, 1056, 1058, 1059, 1061, 1062, 1064, 1065, 1067, 1068, 1070, 1072, 1073, 1076, 1077, 1078, 1083, 1085, 1086, 1091, 1094, 1095, 1097, 1098, 1100, 1101, 1108, 1109, 1111, 1112, 1114, 1115, 1116, 1117, 1120, 1121, 1175, 1177, 1179, 1180, 1181, 1183, 1184, 1185, 1187, 1189, 1197, 1198, 1201, 1202, 1203, 1225, 1226, 1229, 1230, 1231, 1233, 1234, 1235, 1236, 1237, 1239, 1240, 1241, 1242, 1245, 1246, 1283, 1285, 1286, 1288, 1290, 1292, 1293, 1294, 1295, 1296, 1298, 1299, 1300, 1301, 1304, 1307, 1310, 1313, 1314, 1315, 1317, 1318, 1319, 1320, 1321, 1324, 1325, 1327, 1329, 1330, 1331, 1332, 1333, 1334, 1337, 1338, 1410, 1412, 1414, 1416, 1418, 1420, 1421, 1424, 1430, 1431, 1434, 1435, 1438, 1440, 1441, 1442, 1443, 1447, 1448, 1449, 1450, 1451, 1454, 1468, 1470, 1471, 1473, 1474, 1475, 1476, 1478, 1480, 1481, 1483, 1490, 1491, 1492, 1493, 1495, 1497, 1498, 1500, 1502, 1503, 1504, 1505, 1506, 1507, 1508, 1509, 1510, 1512, 1515, 1516, 1517, 1520, 1521, 1522, 1523, 1524, 1525, 1528, 1529, 1530, 1532, 1533, 1534, 1535, 1536, 1537, 1538], "excluded_lines": [1541, 1542], "functions": {"_load_jsonld_analysis": {"executed_lines": [], "summary": {"covered_lines": 0, "num_statements": 8, "percent_covered": 0.0, "percent_covered_display": "0", "missing_lines": 8, "excluded_lines": 0}, "missing_lines": [77, 79, 80, 82, 83, 84, 85, 86], "excluded_lines": []}, "_validate_file_exists": {"executed_lines": [], "summary": {"covered_lines": 0, "num_statements": 7, "percent_covered": 0.0, "percent_covered_display": "0", "missing_lines": 7, "excluded_lines": 0}, "missing_lines": [102, 104, 105, 107, 108, 109, 111], "excluded_lines": []}, "_setup_output_paths": {"executed_lines": [], "summary": {"covered_lines": 0, "num_statements": 3, "percent_covered": 0.0, "percent_covered_display": "0", "missing_lines": 3, "excluded_lines": 0}, "missing_lines": [131, 132, 134], "excluded_lines": []}, "_format_error": {"executed_lines": [], "summary": {"covered_lines": 0, "num_statements": 5, "percent_covered": 0.0, "percent_covered_display": "0", "missing_lines": 5, "excluded_lines": 0}, "missing_lines": [144, 146, 147, 149, 150], "excluded_lines": []}, "_infer_project_id_name": {"executed_lines": [], "summary": {"covered_lines": 0, "num_statements": 7, "percent_covered": 0.0, "percent_covered_display": "0", "missing_lines": 7, "excluded_lines": 0}, "missing_lines": [172, 173, 174, 176, 177, 178, 179], "excluded_lines": []}, "_save_md": {"executed_lines": [], "summary": {"covered_lines": 0, "num_statements": 8, "percent_covered": 0.0, "percent_covered_display": "0", "missing_lines": 8, "excluded_lines": 0}, "missing_lines": [192, 193, 195, 196, 197, 198, 199, 200], "excluded_lines": []}, "_apply_config": {"executed_lines": [], "summary": {"covered_lines": 0, "num_statements": 7, "percent_covered": 0.0, "percent_covered_display": "0", "missing_lines": 7, "excluded_lines": 0}, "missing_lines": [217, 218, 219, 227, 245, 246, 247], "excluded_lines": []}, "main": {"executed_lines": [], "summary": {"covered_lines": 0, "num_statements": 2, "percent_covered": 0.0, "percent_covered_display": "0", "missing_lines": 2, "excluded_lines": 0}, "missing_lines": [265, 266], "excluded_lines": []}, "structure": {"executed_lines": [], "summary": {"covered_lines": 0, "num_statements": 1, "percent_covered": 0.0, "percent_covered_display": "0", "missing_lines": 1, "excluded_lines": 0}, "missing_lines": [321], "excluded_lines": []}, "history": {"executed_lines": [], "summary": {"covered_lines": 0, "num_statements": 1, "percent_covered": 0.0, "percent_covered_display": "0", "missing_lines": 1, "excluded_lines": 0}, "missing_lines": [380], "excluded_lines": []}, "full": {"executed_lines": [], "summary": {"covered_lines": 0, "num_statements": 1, "percent_covered": 0.0, "percent_covered_display": "0", "missing_lines": 1, "excluded_lines": 0}, "missing_lines": [451], "excluded_lines": []}, "analyze": {"executed_lines": [], "summary": {"covered_lines": 0, "num_statements": 1, "percent_covered": 0.0, "percent_covered_display": "0", "missing_lines": 1, "excluded_lines": 0}, "missing_lines": [546], "excluded_lines": []}, "diff": {"executed_lines": [], "summary": {"covered_lines": 0, "num_statements": 9, "percent_covered": 0.0, "percent_covered_display": "0", "missing_lines": 9, "excluded_lines": 0}, "missing_lines": [591, 592, 593, 594, 595, 596, 597, 598, 599], "excluded_lines": []}, "_run_command": {"executed_lines": [], "summary": {"covered_lines": 0, "num_statements": 72, "percent_covered": 0.0, "percent_covered_display": "0", "missing_lines": 72, "excluded_lines": 0}, "missing_lines": [651, 652, 653, 658, 660, 662, 677, 679, 680, 683, 684, 686, 687, 690, 691, 693, 694, 695, 696, 697, 698, 699, 700, 701, 703, 704, 705, 706, 707, 709, 710, 712, 713, 715, 716, 718, 719, 721, 722, 724, 725, 728, 730, 733, 734, 735, 737, 738, 739, 741, 742, 744, 747, 749, 750, 751, 753, 759, 760, 763, 764, 765, 766, 767, 768, 769, 770, 773, 775, 778, 779, 781], "excluded_lines": []}, "_run_trs_verification": {"executed_lines": [], "summary": {"covered_lines": 0, "num_statements": 40, "percent_covered": 0.0, "percent_covered_display": "0", "missing_lines": 40, "excluded_lines": 0}, "missing_lines": [787, 788, 791, 799, 800, 802, 803, 804, 806, 808, 809, 812, 813, 814, 815, 816, 817, 819, 820, 822, 823, 830, 831, 832, 833, 834, 835, 837, 838, 840, 841, 842, 843, 844, 845, 846, 848, 849, 851, 852], "excluded_lines": []}, "_run_self_application": {"executed_lines": [], "summary": {"covered_lines": 0, "num_statements": 16, "percent_covered": 0.0, "percent_covered_display": "0", "missing_lines": 16, "excluded_lines": 0}, "missing_lines": [857, 858, 859, 862, 863, 866, 869, 870, 873, 875, 877, 878, 880, 888, 890, 891], "excluded_lines": []}, "_print_trs_summary": {"executed_lines": [], "summary": {"covered_lines": 0, "num_statements": 13, "percent_covered": 0.0, "percent_covered_display": "0", "missing_lines": 13, "excluded_lines": 0}, "missing_lines": [896, 898, 899, 900, 902, 903, 904, 906, 907, 908, 909, 911, 912], "excluded_lines": []}, "_print_self_summary": {"executed_lines": [], "summary": {"covered_lines": 0, "num_statements": 14, "percent_covered": 0.0, "percent_covered_display": "0", "missing_lines": 14, "excluded_lines": 0}, "missing_lines": [917, 919, 920, 921, 923, 924, 925, 927, 928, 929, 930, 931, 933, 934], "excluded_lines": []}, "meta_self": {"executed_lines": [], "summary": {"covered_lines": 0, "num_statements": 77, "percent_covered": 0.0, "percent_covered_display": "0", "missing_lines": 77, "excluded_lines": 0}, "missing_lines": [982, 984, 986, 988, 989, 990, 992, 993, 994, 997, 1000, 1001, 1003, 1005, 1007, 1008, 1009, 1010, 1011, 1012, 1014, 1015, 1017, 1019, 1021, 1023, 1026, 1027, 1034, 1035, 1036, 1037, 1040, 1042, 1043, 1044, 1045, 1046, 1047, 1049, 1050, 1052, 1053, 1055, 1056, 1058, 1059, 1061, 1062, 1064, 1065, 1067, 1068, 1070, 1072, 1073, 1076, 1077, 1078, 1083, 1085, 1086, 1091, 1094, 1095, 1097, 1098, 1100, 1101, 1108, 1109, 1111, 1112, 1114, 1115, 1116, 1117], "excluded_lines": []}, "gate": {"executed_lines": [], "summary": {"covered_lines": 0, "num_statements": 29, "percent_covered": 0.0, "percent_covered_display": "0", "missing_lines": 29, "excluded_lines": 0}, "missing_lines": [1175, 1177, 1179, 1180, 1181, 1183, 1184, 1185, 1187, 1189, 1197, 1198, 1201, 1202, 1203, 1225, 1226, 1229, 1230, 1231, 1233, 1234, 1235, 1236, 1237, 1239, 1240, 1241, 1242], "excluded_lines": []}, "verify": {"executed_lines": [], "summary": {"covered_lines": 0, "num_statements": 34, "percent_covered": 0.0, "percent_covered_display": "0", "missing_lines": 34, "excluded_lines": 0}, "missing_lines": [1283, 1285, 1286, 1288, 1290, 1292, 1293, 1294, 1295, 1296, 1298, 1299, 1300, 1301, 1304, 1307, 1310, 1313, 1314, 1315, 1317, 1318, 1319, 1320, 1321, 1324, 1325, 1327, 1329, 1330, 1331, 1332, 1333, 1334], "excluded_lines": []}, "refactor_plan": {"executed_lines": [], "summary": {"covered_lines": 0, "num_statements": 22, "percent_covered": 0.0, "percent_covered_display": "0", "missing_lines": 22, "excluded_lines": 0}, "missing_lines": [1410, 1412, 1414, 1416, 1418, 1420, 1421, 1424, 1430, 1431, 1434, 1435, 1438, 1440, 1441, 1442, 1443, 1447, 1448, 1449, 1450, 1451], "excluded_lines": []}, "_handle_refactor_plan_output": {"executed_lines": [], "summary": {"covered_lines": 0, "num_statements": 48, "percent_covered": 0.0, "percent_covered_display": "0", "missing_lines": 48, "excluded_lines": 0}, "missing_lines": [1468, 1470, 1471, 1473, 1474, 1475, 1476, 1478, 1480, 1481, 1483, 1490, 1491, 1492, 1493, 1495, 1497, 1498, 1500, 1502, 1503, 1504, 1505, 1506, 1507, 1508, 1509, 1510, 1512, 1515, 1516, 1517, 1520, 1521, 1522, 1523, 1524, 1525, 1528, 1529, 1530, 1532, 1533, 1534, 1535, 1536, 1537, 1538], "excluded_lines": []}, "": {"executed_lines": [], "summary": {"covered_lines": 0, "num_statements": 58, "percent_covered": 0.0, "percent_covered_display": "0", "missing_lines": 58, "excluded_lines": 2}, "missing_lines": [16, 18, 19, 20, 21, 22, 23, 24, 26, 27, 28, 30, 31, 32, 33, 34, 35, 36, 38, 40, 51, 52, 54, 55, 57, 64, 89, 114, 137, 156, 182, 203, 250, 251, 269, 270, 339, 340, 394, 395, 471, 472, 566, 567, 602, 784, 855, 894, 915, 937, 938, 1120, 1121, 1245, 1246, 1337, 1338, 1454], "excluded_lines": [1541, 1542]}}, "classes": {"": {"executed_lines": [], "summary": {"covered_lines": 0, "num_statements": 483, "percent_covered": 0.0, "percent_covered_display": "0", "missing_lines": 483, "excluded_lines": 2}, "missing_lines": [16, 18, 19, 20, 21, 22, 23, 24, 26, 27, 28, 30, 31, 32, 33, 34, 35, 36, 38, 40, 51, 52, 54, 55, 57, 64, 77, 79, 80, 82, 83, 84, 85, 86, 89, 102, 104, 105, 107, 108, 109, 111, 114, 131, 132, 134, 137, 144, 146, 147, 149, 150, 156, 172, 173, 174, 176, 177, 178, 179, 182, 192, 193, 195, 196, 197, 198, 199, 200, 203, 217, 218, 219, 227, 245, 246, 247, 250, 251, 265, 266, 269, 270, 321, 339, 340, 380, 394, 395, 451, 471, 472, 546, 566, 567, 591, 592, 593, 594, 595, 596, 597, 598, 599, 602, 651, 652, 653, 658, 660, 662, 677, 679, 680, 683, 684, 686, 687, 690, 691, 693, 694, 695, 696, 697, 698, 699, 700, 701, 703, 704, 705, 706, 707, 709, 710, 712, 713, 715, 716, 718, 719, 721, 722, 724, 725, 728, 730, 733, 734, 735, 737, 738, 739, 741, 742, 744, 747, 749, 750, 751, 753, 759, 760, 763, 764, 765, 766, 767, 768, 769, 770, 773, 775, 778, 779, 781, 784, 787, 788, 791, 799, 800, 802, 803, 804, 806, 808, 809, 812, 813, 814, 815, 816, 817, 819, 820, 822, 823, 830, 831, 832, 833, 834, 835, 837, 838, 840, 841, 842, 843, 844, 845, 846, 848, 849, 851, 852, 855, 857, 858, 859, 862, 863, 866, 869, 870, 873, 875, 877, 878, 880, 888, 890, 891, 894, 896, 898, 899, 900, 902, 903, 904, 906, 907, 908, 909, 911, 912, 915, 917, 919, 920, 921, 923, 924, 925, 927, 928, 929, 930, 931, 933, 934, 937, 938, 982, 984, 986, 988, 989, 990, 992, 993, 994, 997, 1000, 1001, 1003, 1005, 1007, 1008, 1009, 1010, 1011, 1012, 1014, 1015, 1017, 1019, 1021, 1023, 1026, 1027, 1034, 1035, 1036, 1037, 1040, 1042, 1043, 1044, 1045, 1046, 1047, 1049, 1050, 1052, 1053, 1055, 1056, 1058, 1059, 1061, 1062, 1064, 1065, 1067, 1068, 1070, 1072, 1073, 1076, 1077, 1078, 1083, 1085, 1086, 1091, 1094, 1095, 1097, 1098, 1100, 1101, 1108, 1109, 1111, 1112, 1114, 1115, 1116, 1117, 1120, 1121, 1175, 1177, 1179, 1180, 1181, 1183, 1184, 1185, 1187, 1189, 1197, 1198, 1201, 1202, 1203, 1225, 1226, 1229, 1230, 1231, 1233, 1234, 1235, 1236, 1237, 1239, 1240, 1241, 1242, 1245, 1246, 1283, 1285, 1286, 1288, 1290, 1292, 1293, 1294, 1295, 1296, 1298, 1299, 1300, 1301, 1304, 1307, 1310, 1313, 1314, 1315, 1317, 1318, 1319, 1320, 1321, 1324, 1325, 1327, 1329, 1330, 1331, 1332, 1333, 1334, 1337, 1338, 1410, 1412, 1414, 1416, 1418, 1420, 1421, 1424, 1430, 1431, 1434, 1435, 1438, 1440, 1441, 1442, 1443, 1447, 1448, 1449, 1450, 1451, 1454, 1468, 1470, 1471, 1473, 1474, 1475, 1476, 1478, 1480, 1481, 1483, 1490, 1491, 1492, 1493, 1495, 1497, 1498, 1500, 1502, 1503, 1504, 1505, 1506, 1507, 1508, 1509, 1510, 1512, 1515, 1516, 1517, 1520, 1521, 1522, 1523, 1524, 1525, 1528, 1529, 1530, 1532, 1533, 1534, 1535, 1536, 1537, 1538], "excluded_lines": [1541, 1542]}}}, "repoq/cli_meta.py": {"executed_lines": [], "summary": {"covered_lines": 0, "num_statements": 155, "percent_covered": 0.0, "percent_covered_display": "0", "missing_lines": 155, "excluded_lines": 2}, "missing_lines": [9, 10, 12, 13, 14, 15, 16, 18, 19, 22, 23, 26, 27, 44, 45, 46, 48, 49, 50, 53, 54, 55, 56, 57, 58, 59, 62, 63, 64, 65, 66, 67, 69, 70, 73, 74, 78, 79, 80, 81, 82, 84, 85, 86, 87, 88, 91, 92, 93, 95, 104, 106, 107, 109, 110, 111, 112, 114, 115, 116, 117, 118, 120, 122, 123, 124, 126, 144, 146, 147, 149, 150, 151, 152, 154, 155, 157, 160, 161, 178, 179, 180, 181, 182, 183, 184, 185, 188, 190, 191, 193, 194, 195, 196, 199, 200, 201, 202, 203, 204, 205, 206, 208, 211, 212, 216, 218, 219, 220, 222, 223, 224, 225, 226, 229, 238, 240, 241, 242, 244, 245, 246, 248, 249, 252, 253, 261, 262, 263, 266, 267, 268, 269, 270, 271, 272, 273, 276, 288, 290, 291, 292, 294, 295, 296, 297, 299, 300, 301, 305, 307, 308, 309, 310, 311], "excluded_lines": [314, 315], "functions": {"meta_inspect": {"executed_lines": [], "summary": {"covered_lines": 0, "num_statements": 64, "percent_covered": 0.0, "percent_covered_display": "0", "missing_lines": 64, "excluded_lines": 0}, "missing_lines": [44, 45, 46, 48, 49, 50, 53, 54, 55, 56, 57, 58, 59, 62, 63, 64, 65, 66, 67, 69, 70, 73, 74, 78, 79, 80, 81, 82, 84, 85, 86, 87, 88, 91, 92, 93, 95, 104, 106, 107, 109, 110, 111, 112, 114, 115, 116, 117, 118, 120, 122, 123, 124, 126, 144, 146, 147, 149, 150, 151, 152, 154, 155, 157], "excluded_lines": []}, "validate_ontology": {"executed_lines": [], "summary": {"covered_lines": 0, "num_statements": 45, "percent_covered": 0.0, "percent_covered_display": "0", "missing_lines": 45, "excluded_lines": 0}, "missing_lines": [178, 179, 180, 181, 182, 183, 184, 185, 188, 190, 191, 193, 194, 195, 196, 199, 200, 201, 202, 203, 204, 205, 206, 208, 211, 212, 216, 218, 219, 220, 222, 223, 224, 225, 226, 229, 238, 240, 241, 242, 244, 245, 246, 248, 249], "excluded_lines": []}, "coverage_ontology": {"executed_lines": [], "summary": {"covered_lines": 0, "num_statements": 29, "percent_covered": 0.0, "percent_covered_display": "0", "missing_lines": 29, "excluded_lines": 0}, "missing_lines": [261, 262, 263, 266, 267, 268, 269, 270, 271, 272, 273, 276, 288, 290, 291, 292, 294, 295, 296, 297, 299, 300, 301, 305, 307, 308, 309, 310, 311], "excluded_lines": []}, "": {"executed_lines": [], "summary": {"covered_lines": 0, "num_statements": 17, "percent_covered": 0.0, "percent_covered_display": "0", "missing_lines": 17, "excluded_lines": 2}, "missing_lines": [9, 10, 12, 13, 14, 15, 16, 18, 19, 22, 23, 26, 27, 160, 161, 252, 253], "excluded_lines": [314, 315]}}, "classes": {"": {"executed_lines": [], "summary": {"covered_lines": 0, "num_statements": 155, "percent_covered": 0.0, "percent_covered_display": "0", "missing_lines": 155, "excluded_lines": 2}, "missing_lines": [9, 10, 12, 13, 14, 15, 16, 18, 19, 22, 23, 26, 27, 44, 45, 46, 48, 49, 50, 53, 54, 55, 56, 57, 58, 59, 62, 63, 64, 65, 66, 67, 69, 70, 73, 74, 78, 79, 80, 81, 82, 84, 85, 86, 87, 88, 91, 92, 93, 95, 104, 106, 107, 109, 110, 111, 112, 114, 115, 116, 117, 118, 120, 122, 123, 124, 126, 144, 146, 147, 149, 150, 151, 152, 154, 155, 157, 160, 161, 178, 179, 180, 181, 182, 183, 184, 185, 188, 190, 191, 193, 194, 195, 196, 199, 200, 201, 202, 203, 204, 205, 206, 208, 211, 212, 216, 218, 219, 220, 222, 223, 224, 225, 226, 229, 238, 240, 241, 242, 244, 245, 246, 248, 249, 252, 253, 261, 262, 263, 266, 267, 268, 269, 270, 271, 272, 273, 276, 288, 290, 291, 292, 294, 295, 296, 297, 299, 300, 301, 305, 307, 308, 309, 310, 311], "excluded_lines": [314, 315]}}}, "repoq/config/__init__.py": {"executed_lines": [], "summary": {"covered_lines": 0, "num_statements": 2, "percent_covered": 0.0, "percent_covered_display": "0", "missing_lines": 2, "excluded_lines": 0}, "missing_lines": [8, 10], "excluded_lines": [], "functions": {"": {"executed_lines": [], "summary": {"covered_lines": 0, "num_statements": 2, "percent_covered": 0.0, "percent_covered_display": "0", "missing_lines": 2, "excluded_lines": 0}, "missing_lines": [8, 10], "excluded_lines": []}}, "classes": {"": {"executed_lines": [], "summary": {"covered_lines": 0, "num_statements": 2, "percent_covered": 0.0, "percent_covered_display": "0", "missing_lines": 2, "excluded_lines": 0}, "missing_lines": [8, 10], "excluded_lines": []}}}, "repoq/config/quality_policy.py": {"executed_lines": [], "summary": {"covered_lines": 0, "num_statements": 147, "percent_covered": 0.0, "percent_covered_display": "0", "missing_lines": 147, "excluded_lines": 0}, "missing_lines": [44, 46, 47, 48, 50, 53, 54, 55, 56, 57, 58, 61, 62, 70, 71, 73, 74, 76, 79, 80, 83, 86, 87, 95, 96, 98, 99, 101, 109, 110, 118, 119, 121, 122, 124, 132, 133, 142, 143, 144, 146, 147, 149, 156, 157, 166, 167, 168, 170, 179, 180, 181, 183, 184, 186, 195, 196, 205, 206, 207, 209, 218, 220, 221, 223, 230, 231, 239, 240, 242, 243, 245, 246, 247, 248, 250, 253, 254, 265, 266, 267, 268, 269, 271, 280, 283, 284, 286, 289, 290, 291, 292, 294, 297, 298, 299, 300, 302, 305, 306, 307, 308, 310, 313, 316, 328, 330, 331, 334, 335, 336, 337, 338, 341, 342, 343, 344, 347, 356, 359, 365, 367, 392, 393, 396, 399, 408, 411, 412, 414, 415, 417, 418, 419, 420, 421, 423, 424, 427, 440, 441, 443, 444, 446, 450, 452, 453], "excluded_lines": [], "functions": {"GateConfig.from_dict": {"executed_lines": [], "summary": {"covered_lines": 0, "num_statements": 1, "percent_covered": 0.0, "percent_covered_display": "0", "missing_lines": 1, "excluded_lines": 0}, "missing_lines": [76], "excluded_lines": []}, "ConfluenceGateConfig.from_dict": {"executed_lines": [], "summary": {"covered_lines": 0, "num_statements": 1, "percent_covered": 0.0, "percent_covered_display": "0", "missing_lines": 1, "excluded_lines": 0}, "missing_lines": [101], "excluded_lines": []}, "TerminationGateConfig.from_dict": {"executed_lines": [], "summary": {"covered_lines": 0, "num_statements": 1, "percent_covered": 0.0, "percent_covered_display": "0", "missing_lines": 1, "excluded_lines": 0}, "missing_lines": [124], "excluded_lines": []}, "GatesConfig.from_dict": {"executed_lines": [], "summary": {"covered_lines": 0, "num_statements": 1, "percent_covered": 0.0, "percent_covered_display": "0", "missing_lines": 1, "excluded_lines": 0}, "missing_lines": [149], "excluded_lines": []}, "StratificationConfig.is_valid_self_analysis_level": {"executed_lines": [], "summary": {"covered_lines": 0, "num_statements": 3, "percent_covered": 0.0, "percent_covered_display": "0", "missing_lines": 3, "excluded_lines": 0}, "missing_lines": [179, 180, 181], "excluded_lines": []}, "StratificationConfig.from_dict": {"executed_lines": [], "summary": {"covered_lines": 0, "num_statements": 1, "percent_covered": 0.0, "percent_covered_display": "0", "missing_lines": 1, "excluded_lines": 0}, "missing_lines": [186], "excluded_lines": []}, "QualityThresholdsConfig.validate_coverage": {"executed_lines": [], "summary": {"covered_lines": 0, "num_statements": 1, "percent_covered": 0.0, "percent_covered_display": "0", "missing_lines": 1, "excluded_lines": 0}, "missing_lines": [218], "excluded_lines": []}, "QualityThresholdsConfig.from_dict": {"executed_lines": [], "summary": {"covered_lines": 0, "num_statements": 1, "percent_covered": 0.0, "percent_covered_display": "0", "missing_lines": 1, "excluded_lines": 0}, "missing_lines": [223], "excluded_lines": []}, "ProjectConfig.from_dict": {"executed_lines": [], "summary": {"covered_lines": 0, "num_statements": 5, "percent_covered": 0.0, "percent_covered_display": "0", "missing_lines": 5, "excluded_lines": 0}, "missing_lines": [245, 246, 247, 248, 250], "excluded_lines": []}, "QualityPolicy.__init__": {"executed_lines": [], "summary": {"covered_lines": 0, "num_statements": 19, "percent_covered": 0.0, "percent_covered_display": "0", "missing_lines": 19, "excluded_lines": 0}, "missing_lines": [280, 283, 284, 286, 289, 290, 291, 292, 294, 297, 298, 299, 300, 302, 305, 306, 307, 308, 310], "excluded_lines": []}, "QualityPolicyParser.parse": {"executed_lines": [], "summary": {"covered_lines": 0, "num_statements": 13, "percent_covered": 0.0, "percent_covered_display": "0", "missing_lines": 13, "excluded_lines": 0}, "missing_lines": [328, 330, 331, 334, 335, 336, 337, 338, 341, 342, 343, 344, 347], "excluded_lines": []}, "QualityPolicyGenerator.generate_default": {"executed_lines": [], "summary": {"covered_lines": 0, "num_statements": 4, "percent_covered": 0.0, "percent_covered_display": "0", "missing_lines": 4, "excluded_lines": 0}, "missing_lines": [365, 367, 392, 393], "excluded_lines": []}, "QualityPolicyValidator.validate": {"executed_lines": [], "summary": {"covered_lines": 0, "num_statements": 12, "percent_covered": 0.0, "percent_covered_display": "0", "missing_lines": 12, "excluded_lines": 0}, "missing_lines": [408, 411, 412, 414, 415, 417, 418, 419, 420, 421, 423, 424], "excluded_lines": []}, "load_policy": {"executed_lines": [], "summary": {"covered_lines": 0, "num_statements": 8, "percent_covered": 0.0, "percent_covered_display": "0", "missing_lines": 8, "excluded_lines": 0}, "missing_lines": [440, 441, 443, 444, 446, 450, 452, 453], "excluded_lines": []}, "": {"executed_lines": [], "summary": {"covered_lines": 0, "num_statements": 76, "percent_covered": 0.0, "percent_covered_display": "0", "missing_lines": 76, "excluded_lines": 0}, "missing_lines": [44, 46, 47, 48, 50, 53, 54, 55, 56, 57, 58, 61, 62, 70, 71, 73, 74, 79, 80, 83, 86, 87, 95, 96, 98, 99, 109, 110, 118, 119, 121, 122, 132, 133, 142, 143, 144, 146, 147, 156, 157, 166, 167, 168, 170, 183, 184, 195, 196, 205, 206, 207, 209, 220, 221, 230, 231, 239, 240, 242, 243, 253, 254, 265, 266, 267, 268, 269, 271, 313, 316, 356, 359, 396, 399, 427], "excluded_lines": []}}, "classes": {"GateConfig": {"executed_lines": [], "summary": {"covered_lines": 0, "num_statements": 1, "percent_covered": 0.0, "percent_covered_display": "0", "missing_lines": 1, "excluded_lines": 0}, "missing_lines": [76], "excluded_lines": []}, "SoundnessGateConfig": {"executed_lines": [], "summary": {"covered_lines": 0, "num_statements": 0, "percent_covered": 100.0, "percent_covered_display": "100", "missing_lines": 0, "excluded_lines": 0}, "missing_lines": [], "excluded_lines": []}, "ConfluenceGateConfig": {"executed_lines": [], "summary": {"covered_lines": 0, "num_statements": 1, "percent_covered": 0.0, "percent_covered_display": "0", "missing_lines": 1, "excluded_lines": 0}, "missing_lines": [101], "excluded_lines": []}, "TerminationGateConfig": {"executed_lines": [], "summary": {"covered_lines": 0, "num_statements": 1, "percent_covered": 0.0, "percent_covered_display": "0", "missing_lines": 1, "excluded_lines": 0}, "missing_lines": [124], "excluded_lines": []}, "GatesConfig": {"executed_lines": [], "summary": {"covered_lines": 0, "num_statements": 1, "percent_covered": 0.0, "percent_covered_display": "0", "missing_lines": 1, "excluded_lines": 0}, "missing_lines": [149], "excluded_lines": []}, "StratificationConfig": {"executed_lines": [], "summary": {"covered_lines": 0, "num_statements": 4, "percent_covered": 0.0, "percent_covered_display": "0", "missing_lines": 4, "excluded_lines": 0}, "missing_lines": [179, 180, 181, 186], "excluded_lines": []}, "QualityThresholdsConfig": {"executed_lines": [], "summary": {"covered_lines": 0, "num_statements": 2, "percent_covered": 0.0, "percent_covered_display": "0", "missing_lines": 2, "excluded_lines": 0}, "missing_lines": [218, 223], "excluded_lines": []}, "ProjectConfig": {"executed_lines": [], "summary": {"covered_lines": 0, "num_statements": 5, "percent_covered": 0.0, "percent_covered_display": "0", "missing_lines": 5, "excluded_lines": 0}, "missing_lines": [245, 246, 247, 248, 250], "excluded_lines": []}, "QualityPolicy": {"executed_lines": [], "summary": {"covered_lines": 0, "num_statements": 19, "percent_covered": 0.0, "percent_covered_display": "0", "missing_lines": 19, "excluded_lines": 0}, "missing_lines": [280, 283, 284, 286, 289, 290, 291, 292, 294, 297, 298, 299, 300, 302, 305, 306, 307, 308, 310], "excluded_lines": []}, "QualityPolicyParser": {"executed_lines": [], "summary": {"covered_lines": 0, "num_statements": 13, "percent_covered": 0.0, "percent_covered_display": "0", "missing_lines": 13, "excluded_lines": 0}, "missing_lines": [328, 330, 331, 334, 335, 336, 337, 338, 341, 342, 343, 344, 347], "excluded_lines": []}, "QualityPolicyGenerator": {"executed_lines": [], "summary": {"covered_lines": 0, "num_statements": 4, "percent_covered": 0.0, "percent_covered_display": "0", "missing_lines": 4, "excluded_lines": 0}, "missing_lines": [365, 367, 392, 393], "excluded_lines": []}, "QualityPolicyValidator": {"executed_lines": [], "summary": {"covered_lines": 0, "num_statements": 12, "percent_covered": 0.0, "percent_covered_display": "0", "missing_lines": 12, "excluded_lines": 0}, "missing_lines": [408, 411, 412, 414, 415, 417, 418, 419, 420, 421, 423, 424], "excluded_lines": []}, "": {"executed_lines": [], "summary": {"covered_lines": 0, "num_statements": 84, "percent_covered": 0.0, "percent_covered_display": "0", "missing_lines": 84, "excluded_lines": 0}, "missing_lines": [44, 46, 47, 48, 50, 53, 54, 55, 56, 57, 58, 61, 62, 70, 71, 73, 74, 79, 80, 83, 86, 87, 95, 96, 98, 99, 109, 110, 118, 119, 121, 122, 132, 133, 142, 143, 144, 146, 147, 156, 157, 166, 167, 168, 170, 183, 184, 195, 196, 205, 206, 207, 209, 220, 221, 230, 231, 239, 240, 242, 243, 253, 254, 265, 266, 267, 268, 269, 271, 313, 316, 356, 359, 396, 399, 427, 440, 441, 443, 444, 446, 450, 452, 453], "excluded_lines": []}}}, "repoq/config/settings.py": {"executed_lines": [], "summary": {"covered_lines": 0, "num_statements": 51, "percent_covered": 0.0, "percent_covered_display": "0", "missing_lines": 51, "excluded_lines": 0}, "missing_lines": [13, 15, 16, 17, 18, 20, 22, 25, 26, 36, 37, 38, 39, 42, 43, 72, 73, 74, 75, 86, 87, 88, 89, 90, 91, 92, 93, 94, 95, 96, 97, 98, 99, 100, 103, 121, 122, 124, 125, 126, 128, 129, 130, 131, 132, 133, 134, 135, 136, 137, 138], "excluded_lines": [], "functions": {"load_config": {"executed_lines": [], "summary": {"covered_lines": 0, "num_statements": 16, "percent_covered": 0.0, "percent_covered_display": "0", "missing_lines": 16, "excluded_lines": 0}, "missing_lines": [121, 122, 124, 125, 126, 128, 129, 130, 131, 132, 133, 134, 135, 136, 137, 138], "excluded_lines": []}, "": {"executed_lines": [], "summary": {"covered_lines": 0, "num_statements": 35, "percent_covered": 0.0, "percent_covered_display": "0", "missing_lines": 35, "excluded_lines": 0}, "missing_lines": [13, 15, 16, 17, 18, 20, 22, 25, 26, 36, 37, 38, 39, 42, 43, 72, 73, 74, 75, 86, 87, 88, 89, 90, 91, 92, 93, 94, 95, 96, 97, 98, 99, 100, 103], "excluded_lines": []}}, "classes": {"Thresholds": {"executed_lines": [], "summary": {"covered_lines": 0, "num_statements": 0, "percent_covered": 100.0, "percent_covered_display": "100", "missing_lines": 0, "excluded_lines": 0}, "missing_lines": [], "excluded_lines": []}, "AnalyzeConfig": {"executed_lines": [], "summary": {"covered_lines": 0, "num_statements": 0, "percent_covered": 100.0, "percent_covered_display": "100", "missing_lines": 0, "excluded_lines": 0}, "missing_lines": [], "excluded_lines": []}, "": {"executed_lines": [], "summary": {"covered_lines": 0, "num_statements": 51, "percent_covered": 0.0, "percent_covered_display": "0", "missing_lines": 51, "excluded_lines": 0}, "missing_lines": [13, 15, 16, 17, 18, 20, 22, 25, 26, 36, 37, 38, 39, 42, 43, 72, 73, 74, 75, 86, 87, 88, 89, 90, 91, 92, 93, 94, 95, 96, 97, 98, 99, 100, 103, 121, 122, 124, 125, 126, 128, 129, 130, 131, 132, 133, 134, 135, 136, 137, 138], "excluded_lines": []}}}, "repoq/core/__init__.py": {"executed_lines": [1, 13], "summary": {"covered_lines": 1, "num_statements": 1, "percent_covered": 100.0, "percent_covered_display": "100", "missing_lines": 0, "excluded_lines": 0}, "missing_lines": [], "excluded_lines": [], "functions": {"": {"executed_lines": [1, 13], "summary": {"covered_lines": 1, "num_statements": 1, "percent_covered": 100.0, "percent_covered_display": "100", "missing_lines": 0, "excluded_lines": 0}, "missing_lines": [], "excluded_lines": []}}, "classes": {"": {"executed_lines": [1, 13], "summary": {"covered_lines": 1, "num_statements": 1, "percent_covered": 100.0, "percent_covered_display": "100", "missing_lines": 0, "excluded_lines": 0}, "missing_lines": [], "excluded_lines": []}}}, "repoq/core/deps.py": {"executed_lines": [], "summary": {"covered_lines": 0, "num_statements": 41, "percent_covered": 0.0, "percent_covered_display": "0", "missing_lines": 41, "excluded_lines": 0}, "missing_lines": [10, 12, 13, 14, 15, 17, 19, 20, 25, 42, 43, 44, 45, 46, 47, 48, 49, 50, 51, 52, 53, 54, 55, 56, 57, 58, 59, 60, 61, 62, 63, 64, 65, 68, 89, 90, 91, 92, 93, 94, 95], "excluded_lines": [], "functions": {"python_imports": {"executed_lines": [], "summary": {"covered_lines": 0, "num_statements": 24, "percent_covered": 0.0, "percent_covered_display": "0", "missing_lines": 24, "excluded_lines": 0}, "missing_lines": [42, 43, 44, 45, 46, 47, 48, 49, 50, 51, 52, 53, 54, 55, 56, 57, 58, 59, 60, 61, 62, 63, 64, 65], "excluded_lines": []}, "js_imports": {"executed_lines": [], "summary": {"covered_lines": 0, "num_statements": 7, "percent_covered": 0.0, "percent_covered_display": "0", "missing_lines": 7, "excluded_lines": 0}, "missing_lines": [89, 90, 91, 92, 93, 94, 95], "excluded_lines": []}, "": {"executed_lines": [], "summary": {"covered_lines": 0, "num_statements": 10, "percent_covered": 0.0, "percent_covered_display": "0", "missing_lines": 10, "excluded_lines": 0}, "missing_lines": [10, 12, 13, 14, 15, 17, 19, 20, 25, 68], "excluded_lines": []}}, "classes": {"": {"executed_lines": [], "summary": {"covered_lines": 0, "num_statements": 41, "percent_covered": 0.0, "percent_covered_display": "0", "missing_lines": 41, "excluded_lines": 0}, "missing_lines": [10, 12, 13, 14, 15, 17, 19, 20, 25, 42, 43, 44, 45, 46, 47, 48, 49, 50, 51, 52, 53, 54, 55, 56, 57, 58, 59, 60, 61, 62, 63, 64, 65, 68, 89, 90, 91, 92, 93, 94, 95], "excluded_lines": []}}}, "repoq/core/jsonld.py": {"executed_lines": [1, 8, 10, 11, 12, 13, 14, 16, 18, 21, 34, 37, 38, 39, 43, 44, 46, 50, 63, 68, 105, 108, 110, 111, 112, 113, 115, 116, 121, 151, 169, 170, 191, 206, 212, 214, 231, 247, 267, 287, 292, 301, 312, 324, 336, 339], "summary": {"covered_lines": 45, "num_statements": 115, "percent_covered": 39.130434782608695, "percent_covered_display": "39", "missing_lines": 70, "excluded_lines": 0}, "missing_lines": [35, 40, 41, 47, 48, 52, 53, 54, 55, 56, 57, 58, 59, 60, 106, 109, 117, 118, 119, 152, 192, 207, 215, 240, 241, 242, 243, 244, 245, 258, 259, 260, 261, 262, 263, 264, 265, 268, 280, 281, 282, 283, 284, 285, 288, 293, 302, 313, 325, 364, 365, 368, 369, 372, 375, 376, 378, 379, 380, 382, 384, 385, 386, 388, 389, 390, 392, 393, 394, 396], "excluded_lines": [], "functions": {"_load_context": {"executed_lines": [34, 37, 38, 39, 43, 44, 46, 50], "summary": {"covered_lines": 8, "num_statements": 22, "percent_covered": 36.36363636363637, "percent_covered_display": "36", "missing_lines": 14, "excluded_lines": 0}, "missing_lines": [35, 40, 41, 47, 48, 52, 53, 54, 55, 56, 57, 58, 59, 60], "excluded_lines": []}, "to_jsonld": {"executed_lines": [105, 108, 110, 111, 112, 113, 115, 116, 121, 151, 169, 170, 191, 206, 212, 214, 231, 247, 267, 287, 292, 301, 312, 324, 336], "summary": {"covered_lines": 25, "num_statements": 46, "percent_covered": 54.34782608695652, "percent_covered_display": "54", "missing_lines": 21, "excluded_lines": 0}, "missing_lines": [106, 109, 117, 118, 119, 152, 192, 207, 215, 268, 280, 281, 282, 283, 284, 285, 288, 293, 302, 313, 325], "excluded_lines": []}, "to_jsonld._oslc_sev": {"executed_lines": [], "summary": {"covered_lines": 0, "num_statements": 6, "percent_covered": 0.0, "percent_covered_display": "0", "missing_lines": 6, "excluded_lines": 0}, "missing_lines": [240, 241, 242, 243, 244, 245], "excluded_lines": []}, "to_jsonld._oslc_pri": {"executed_lines": [], "summary": {"covered_lines": 0, "num_statements": 8, "percent_covered": 0.0, "percent_covered_display": "0", "missing_lines": 8, "excluded_lines": 0}, "missing_lines": [258, 259, 260, 261, 262, 263, 264, 265], "excluded_lines": []}, "dump_jsonld": {"executed_lines": [], "summary": {"covered_lines": 0, "num_statements": 21, "percent_covered": 0.0, "percent_covered_display": "0", "missing_lines": 21, "excluded_lines": 0}, "missing_lines": [364, 365, 368, 369, 372, 375, 376, 378, 379, 380, 382, 384, 385, 386, 388, 389, 390, 392, 393, 394, 396], "excluded_lines": []}, "": {"executed_lines": [1, 8, 10, 11, 12, 13, 14, 16, 18, 21, 63, 68, 339], "summary": {"covered_lines": 12, "num_statements": 12, "percent_covered": 100.0, "percent_covered_display": "100", "missing_lines": 0, "excluded_lines": 0}, "missing_lines": [], "excluded_lines": []}}, "classes": {"": {"executed_lines": [1, 8, 10, 11, 12, 13, 14, 16, 18, 21, 34, 37, 38, 39, 43, 44, 46, 50, 63, 68, 105, 108, 110, 111, 112, 113, 115, 116, 121, 151, 169, 170, 191, 206, 212, 214, 231, 247, 267, 287, 292, 301, 312, 324, 336, 339], "summary": {"covered_lines": 45, "num_statements": 115, "percent_covered": 39.130434782608695, "percent_covered_display": "39", "missing_lines": 70, "excluded_lines": 0}, "missing_lines": [35, 40, 41, 47, 48, 52, 53, 54, 55, 56, 57, 58, 59, 60, 106, 109, 117, 118, 119, 152, 192, 207, 215, 240, 241, 242, 243, 244, 245, 258, 259, 260, 261, 262, 263, 264, 265, 268, 280, 281, 282, 283, 284, 285, 288, 293, 302, 313, 325, 364, 365, 368, 369, 372, 375, 376, 378, 379, 380, 382, 384, 385, 386, 388, 389, 390, 392, 393, 394, 396], "excluded_lines": []}}}, "repoq/core/metric_cache.py": {"executed_lines": [], "summary": {"covered_lines": 0, "num_statements": 88, "percent_covered": 0.0, "percent_covered_display": "0", "missing_lines": 88, "excluded_lines": 0}, "missing_lines": [31, 33, 34, 35, 36, 37, 38, 39, 41, 44, 45, 57, 58, 59, 60, 61, 62, 65, 94, 100, 101, 102, 104, 120, 121, 123, 132, 134, 150, 152, 153, 155, 156, 157, 159, 178, 179, 181, 190, 192, 193, 196, 198, 200, 233, 236, 237, 238, 241, 244, 253, 255, 265, 266, 268, 269, 270, 273, 278, 279, 280, 282, 284, 285, 287, 299, 301, 307, 308, 314, 315, 317, 326, 327, 329, 330, 332, 333, 335, 336, 337, 342, 344, 348, 351, 358, 359, 360], "excluded_lines": [], "functions": {"MetricCache.__init__": {"executed_lines": [], "summary": {"covered_lines": 0, "num_statements": 3, "percent_covered": 0.0, "percent_covered_display": "0", "missing_lines": 3, "excluded_lines": 0}, "missing_lines": [100, 101, 102], "excluded_lines": []}, "MetricCache._make_key": {"executed_lines": [], "summary": {"covered_lines": 0, "num_statements": 2, "percent_covered": 0.0, "percent_covered_display": "0", "missing_lines": 2, "excluded_lines": 0}, "missing_lines": [120, 121], "excluded_lines": []}, "MetricCache._compute_file_sha": {"executed_lines": [], "summary": {"covered_lines": 0, "num_statements": 1, "percent_covered": 0.0, "percent_covered_display": "0", "missing_lines": 1, "excluded_lines": 0}, "missing_lines": [132], "excluded_lines": []}, "MetricCache.get": {"executed_lines": [], "summary": {"covered_lines": 0, "num_statements": 6, "percent_covered": 0.0, "percent_covered_display": "0", "missing_lines": 6, "excluded_lines": 0}, "missing_lines": [150, 152, 153, 155, 156, 157], "excluded_lines": []}, "MetricCache.set": {"executed_lines": [], "summary": {"covered_lines": 0, "num_statements": 8, "percent_covered": 0.0, "percent_covered_display": "0", "missing_lines": 8, "excluded_lines": 0}, "missing_lines": [178, 179, 181, 190, 192, 193, 196, 198], "excluded_lines": []}, "MetricCache.get_or_compute": {"executed_lines": [], "summary": {"covered_lines": 0, "num_statements": 7, "percent_covered": 0.0, "percent_covered_display": "0", "missing_lines": 7, "excluded_lines": 0}, "missing_lines": [233, 236, 237, 238, 241, 244, 253], "excluded_lines": []}, "MetricCache.invalidate": {"executed_lines": [], "summary": {"covered_lines": 0, "num_statements": 9, "percent_covered": 0.0, "percent_covered_display": "0", "missing_lines": 9, "excluded_lines": 0}, "missing_lines": [265, 266, 268, 269, 270, 273, 278, 279, 280], "excluded_lines": []}, "MetricCache.size": {"executed_lines": [], "summary": {"covered_lines": 0, "num_statements": 2, "percent_covered": 0.0, "percent_covered_display": "0", "missing_lines": 2, "excluded_lines": 0}, "missing_lines": [284, 285], "excluded_lines": []}, "MetricCache.hit_rate": {"executed_lines": [], "summary": {"covered_lines": 0, "num_statements": 1, "percent_covered": 0.0, "percent_covered_display": "0", "missing_lines": 1, "excluded_lines": 0}, "missing_lines": [299], "excluded_lines": []}, "MetricCache.save": {"executed_lines": [], "summary": {"covered_lines": 0, "num_statements": 4, "percent_covered": 0.0, "percent_covered_display": "0", "missing_lines": 4, "excluded_lines": 0}, "missing_lines": [307, 308, 314, 315], "excluded_lines": []}, "MetricCache.load": {"executed_lines": [], "summary": {"covered_lines": 0, "num_statements": 11, "percent_covered": 0.0, "percent_covered_display": "0", "missing_lines": 11, "excluded_lines": 0}, "missing_lines": [326, 327, 329, 330, 332, 333, 335, 336, 337, 342, 344], "excluded_lines": []}, "get_global_cache": {"executed_lines": [], "summary": {"covered_lines": 0, "num_statements": 3, "percent_covered": 0.0, "percent_covered_display": "0", "missing_lines": 3, "excluded_lines": 0}, "missing_lines": [358, 359, 360], "excluded_lines": []}, "": {"executed_lines": [], "summary": {"covered_lines": 0, "num_statements": 31, "percent_covered": 0.0, "percent_covered_display": "0", "missing_lines": 31, "excluded_lines": 0}, "missing_lines": [31, 33, 34, 35, 36, 37, 38, 39, 41, 44, 45, 57, 58, 59, 60, 61, 62, 65, 94, 104, 123, 134, 159, 200, 255, 282, 287, 301, 317, 348, 351], "excluded_lines": []}}, "classes": {"CachedMetrics": {"executed_lines": [], "summary": {"covered_lines": 0, "num_statements": 0, "percent_covered": 100.0, "percent_covered_display": "100", "missing_lines": 0, "excluded_lines": 0}, "missing_lines": [], "excluded_lines": []}, "MetricCache": {"executed_lines": [], "summary": {"covered_lines": 0, "num_statements": 54, "percent_covered": 0.0, "percent_covered_display": "0", "missing_lines": 54, "excluded_lines": 0}, "missing_lines": [100, 101, 102, 120, 121, 132, 150, 152, 153, 155, 156, 157, 178, 179, 181, 190, 192, 193, 196, 198, 233, 236, 237, 238, 241, 244, 253, 265, 266, 268, 269, 270, 273, 278, 279, 280, 284, 285, 299, 307, 308, 314, 315, 326, 327, 329, 330, 332, 333, 335, 336, 337, 342, 344], "excluded_lines": []}, "": {"executed_lines": [], "summary": {"covered_lines": 0, "num_statements": 34, "percent_covered": 0.0, "percent_covered_display": "0", "missing_lines": 34, "excluded_lines": 0}, "missing_lines": [31, 33, 34, 35, 36, 37, 38, 39, 41, 44, 45, 57, 58, 59, 60, 61, 62, 65, 94, 104, 123, 134, 159, 200, 255, 282, 287, 301, 317, 348, 351, 358, 359, 360], "excluded_lines": []}}}, "repoq/core/model.py": {"executed_lines": [1, 8, 10, 11, 12, 15, 36, 64, 65, 66, 85, 86, 87, 88, 89, 90, 91, 92, 93, 94, 97, 98, 99, 115, 116, 117, 118, 119, 120, 121, 122, 125, 126, 127, 145, 146, 147, 148, 149, 150, 151, 152, 153, 154, 157, 158, 159, 184, 185, 186, 187, 188, 189, 190, 191, 192, 193, 194, 195, 196, 197, 198, 199, 200, 201, 204, 205, 206, 224, 225, 226, 227, 228, 229, 230, 231, 232, 233, 234, 237, 238, 239, 250, 251, 252, 253, 254, 255, 258, 259, 260, 268, 269, 270, 273, 274, 275, 284, 285, 286, 287, 290, 291, 292, 302, 303, 304, 305, 306, 309, 310, 311, 319, 320, 321, 324, 325, 326, 336, 337, 338, 339, 340, 343, 344, 345, 374, 375, 376, 377, 378, 379, 380, 381, 382, 383, 384, 385, 386, 387, 388, 389, 390, 391, 392, 393, 395], "summary": {"covered_lines": 134, "num_statements": 141, "percent_covered": 95.0354609929078, "percent_covered_display": "95", "missing_lines": 7, "excluded_lines": 0}, "missing_lines": [31, 32, 33, 59, 60, 61, 402], "excluded_lines": [], "functions": {"hash_email": {"executed_lines": [], "summary": {"covered_lines": 0, "num_statements": 3, "percent_covered": 0.0, "percent_covered_display": "0", "missing_lines": 3, "excluded_lines": 0}, "missing_lines": [31, 32, 33], "excluded_lines": []}, "foaf_sha1": {"executed_lines": [], "summary": {"covered_lines": 0, "num_statements": 3, "percent_covered": 0.0, "percent_covered_display": "0", "missing_lines": 3, "excluded_lines": 0}, "missing_lines": [59, 60, 61], "excluded_lines": []}, "Project.to_dict": {"executed_lines": [], "summary": {"covered_lines": 0, "num_statements": 1, "percent_covered": 0.0, "percent_covered_display": "0", "missing_lines": 1, "excluded_lines": 0}, "missing_lines": [402], "excluded_lines": []}, "": {"executed_lines": [1, 8, 10, 11, 12, 15, 36, 64, 65, 66, 85, 86, 87, 88, 89, 90, 91, 92, 93, 94, 97, 98, 99, 115, 116, 117, 118, 119, 120, 121, 122, 125, 126, 127, 145, 146, 147, 148, 149, 150, 151, 152, 153, 154, 157, 158, 159, 184, 185, 186, 187, 188, 189, 190, 191, 192, 193, 194, 195, 196, 197, 198, 199, 200, 201, 204, 205, 206, 224, 225, 226, 227, 228, 229, 230, 231, 232, 233, 234, 237, 238, 239, 250, 251, 252, 253, 254, 255, 258, 259, 260, 268, 269, 270, 273, 274, 275, 284, 285, 286, 287, 290, 291, 292, 302, 303, 304, 305, 306, 309, 310, 311, 319, 320, 321, 324, 325, 326, 336, 337, 338, 339, 340, 343, 344, 345, 374, 375, 376, 377, 378, 379, 380, 381, 382, 383, 384, 385, 386, 387, 388, 389, 390, 391, 392, 393, 395], "summary": {"covered_lines": 134, "num_statements": 134, "percent_covered": 100.0, "percent_covered_display": "100", "missing_lines": 0, "excluded_lines": 0}, "missing_lines": [], "excluded_lines": []}}, "classes"
[...]
, "missing_lines": 6, "excluded_lines": 0}, "missing_lines": [49, 50, 51, 52, 53, 54], "excluded_lines": []}, "compute_quality_score": {"executed_lines": [], "summary": {"covered_lines": 0, "num_statements": 21, "percent_covered": 0.0, "percent_covered_display": "0", "missing_lines": 21, "excluded_lines": 0}, "missing_lines": [79, 81, 83, 98, 99, 100, 101, 104, 107, 112, 113, 117, 118, 120, 121, 122, 123, 126, 129, 132, 138], "excluded_lines": []}, "_compute_grade": {"executed_lines": [], "summary": {"covered_lines": 0, "num_statements": 11, "percent_covered": 0.0, "percent_covered_display": "0", "missing_lines": 11, "excluded_lines": 0}, "missing_lines": [158, 159, 160, 161, 162, 163, 164, 165, 166, 167, 169], "excluded_lines": []}, "compare_metrics": {"executed_lines": [], "summary": {"covered_lines": 0, "num_statements": 1, "percent_covered": 0.0, "percent_covered_display": "0", "missing_lines": 1, "excluded_lines": 0}, "missing_lines": [189], "excluded_lines": []}, "calculate_pcq": {"executed_lines": [], "summary": {"covered_lines": 0, "num_statements": 18, "percent_covered": 0.0, "percent_covered_display": "0", "missing_lines": 18, "excluded_lines": 0}, "missing_lines": [220, 222, 223, 226, 228, 230, 236, 237, 238, 239, 241, 244, 245, 246, 248, 250, 253, 255], "excluded_lines": []}, "generate_pce_witness": {"executed_lines": [], "summary": {"covered_lines": 0, "num_statements": 22, "percent_covered": 0.0, "percent_covered_display": "0", "missing_lines": 22, "excluded_lines": 0}, "missing_lines": [289, 290, 292, 294, 296, 299, 301, 302, 305, 306, 307, 317, 320, 321, 322, 332, 333, 334, 343, 346, 349, 351], "excluded_lines": []}, "": {"executed_lines": [], "summary": {"covered_lines": 0, "num_statements": 19, "percent_covered": 0.0, "percent_covered_display": "0", "missing_lines": 19, "excluded_lines": 0}, "missing_lines": [17, 19, 20, 22, 25, 26, 39, 40, 41, 42, 43, 44, 45, 47, 57, 149, 172, 199, 258], "excluded_lines": []}}, "classes": {"QualityMetrics": {"executed_lines": [], "summary": {"covered_lines": 0, "num_statements": 6, "percent_covered": 0.0, "percent_covered_display": "0", "missing_lines": 6, "excluded_lines": 0}, "missing_lines": [49, 50, 51, 52, 53, 54], "excluded_lines": []}, "": {"executed_lines": [], "summary": {"covered_lines": 0, "num_statements": 92, "percent_covered": 0.0, "percent_covered_display": "0", "missing_lines": 92, "excluded_lines": 0}, "missing_lines": [17, 19, 20, 22, 25, 26, 39, 40, 41, 42, 43, 44, 45, 47, 57, 79, 81, 83, 98, 99, 100, 101, 104, 107, 112, 113, 117, 118, 120, 121, 122, 123, 126, 129, 132, 138, 149, 158, 159, 160, 161, 162, 163, 164, 165, 166, 167, 169, 172, 189, 199, 220, 222, 223, 226, 228, 230, 236, 237, 238, 239, 241, 244, 245, 246, 248, 250, 253, 255, 258, 289, 290, 292, 294, 296, 299, 301, 302, 305, 306, 307, 317, 320, 321, 322, 332, 333, 334, 343, 346, 349, 351], "excluded_lines": []}}}, "repoq/refactoring.py": {"executed_lines": [], "summary": {"covered_lines": 0, "num_statements": 214, "percent_covered": 0.0, "percent_covered_display": "0", "missing_lines": 214, "excluded_lines": 0}, "missing_lines": [21, 23, 24, 25, 26, 29, 30, 33, 34, 35, 36, 37, 38, 39, 40, 42, 44, 55, 57, 64, 73, 74, 76, 77, 78, 80, 81, 82, 84, 85, 87, 89, 91, 101, 102, 104, 105, 106, 108, 109, 110, 112, 120, 127, 128, 131, 132, 133, 134, 136, 138, 153, 154, 155, 157, 158, 159, 160, 162, 164, 165, 167, 186, 189, 204, 205, 206, 207, 210, 211, 212, 213, 216, 217, 218, 219, 221, 228, 231, 248, 249, 252, 253, 256, 257, 260, 261, 264, 267, 269, 272, 281, 282, 283, 284, 285, 286, 288, 291, 300, 301, 302, 303, 304, 305, 308, 309, 310, 312, 313, 314, 315, 316, 319, 321, 322, 323, 324, 325, 326, 329, 332, 333, 341, 342, 343, 344, 345, 346, 348, 350, 358, 361, 367, 368, 372, 373, 378, 379, 384, 385, 386, 387, 390, 391, 393, 394, 395, 396, 399, 400, 402, 405, 417, 419, 420, 421, 422, 423, 424, 426, 429, 439, 440, 441, 442, 443, 444, 446, 449, 474, 475, 476, 478, 481, 482, 483, 486, 487, 488, 490, 491, 500, 503, 506, 507, 509, 510, 511, 512, 514, 515, 516, 517, 519, 527, 528, 529, 530, 531, 532, 533, 535, 536, 537, 539, 550, 551, 555, 556, 558, 559, 561, 563], "excluded_lines": [], "functions": {"RefactoringTask.to_dict": {"executed_lines": [], "summary": {"covered_lines": 0, "num_statements": 1, "percent_covered": 0.0, "percent_covered_display": "0", "missing_lines": 1, "excluded_lines": 0}, "missing_lines": [44], "excluded_lines": []}, "RefactoringTask.to_markdown": {"executed_lines": [], "summary": {"covered_lines": 0, "num_statements": 12, "percent_covered": 0.0, "percent_covered_display": "0", "missing_lines": 12, "excluded_lines": 0}, "missing_lines": [57, 64, 73, 74, 76, 77, 78, 80, 81, 82, 84, 85], "excluded_lines": []}, "RefactoringTask.to_github_issue": {"executed_lines": [], "summary": {"covered_lines": 0, "num_statements": 12, "percent_covered": 0.0, "percent_covered_display": "0", "missing_lines": 12, "excluded_lines": 0}, "missing_lines": [89, 91, 101, 102, 104, 105, 106, 108, 109, 110, 112, 120], "excluded_lines": []}, "RefactoringPlan.to_markdown": {"executed_lines": [], "summary": {"covered_lines": 0, "num_statements": 13, "percent_covered": 0.0, "percent_covered_display": "0", "missing_lines": 13, "excluded_lines": 0}, "missing_lines": [138, 153, 154, 155, 157, 158, 159, 160, 162, 164, 165, 167, 186], "excluded_lines": []}, "calculate_delta_q": {"executed_lines": [], "summary": {"covered_lines": 0, "num_statements": 14, "percent_covered": 0.0, "percent_covered_display": "0", "missing_lines": 14, "excluded_lines": 0}, "missing_lines": [204, 205, 206, 207, 210, 211, 212, 213, 216, 217, 218, 219, 221, 228], "excluded_lines": []}, "_estimate_function_delta_q": {"executed_lines": [], "summary": {"covered_lines": 0, "num_statements": 11, "percent_covered": 0.0, "percent_covered_display": "0", "missing_lines": 11, "excluded_lines": 0}, "missing_lines": [248, 249, 252, 253, 256, 257, 260, 261, 264, 267, 269], "excluded_lines": []}, "_get_function_priority": {"executed_lines": [], "summary": {"covered_lines": 0, "num_statements": 7, "percent_covered": 0.0, "percent_covered_display": "0", "missing_lines": 7, "excluded_lines": 0}, "missing_lines": [281, 282, 283, 284, 285, 286, 288], "excluded_lines": []}, "generate_recommendations": {"executed_lines": [], "summary": {"covered_lines": 0, "num_statements": 53, "percent_covered": 0.0, "percent_covered_display": "0", "missing_lines": 53, "excluded_lines": 0}, "missing_lines": [300, 301, 302, 303, 304, 305, 308, 309, 310, 312, 313, 314, 315, 316, 319, 321, 322, 323, 324, 325, 326, 329, 332, 333, 341, 342, 343, 344, 345, 346, 348, 350, 358, 361, 367, 368, 372, 373, 378, 379, 384, 385, 386, 387, 390, 391, 393, 394, 395, 396, 399, 400, 402], "excluded_lines": []}, "estimate_effort": {"executed_lines": [], "summary": {"covered_lines": 0, "num_statements": 8, "percent_covered": 0.0, "percent_covered_display": "0", "missing_lines": 8, "excluded_lines": 0}, "missing_lines": [417, 419, 420, 421, 422, 423, 424, 426], "excluded_lines": []}, "assign_priority": {"executed_lines": [], "summary": {"covered_lines": 0, "num_statements": 7, "percent_covered": 0.0, "percent_covered_display": "0", "missing_lines": 7, "excluded_lines": 0}, "missing_lines": [439, 440, 441, 442, 443, 444, 446], "excluded_lines": []}, "generate_refactoring_plan": {"executed_lines": [], "summary": {"covered_lines": 0, "num_statements": 44, "percent_covered": 0.0, "percent_covered_display": "0", "missing_lines": 44, "excluded_lines": 0}, "missing_lines": [474, 475, 476, 478, 481, 482, 483, 486, 487, 488, 490, 491, 500, 503, 506, 507, 509, 510, 511, 512, 514, 515, 516, 517, 519, 527, 528, 529, 530, 531, 532, 533, 535, 536, 537, 539, 550, 551, 555, 556, 558, 559, 561, 563], "excluded_lines": []}, "": {"executed_lines": [], "summary": {"covered_lines": 0, "num_statements": 32, "percent_covered": 0.0, "percent_covered_display": "0", "missing_lines": 32, "excluded_lines": 0}, "missing_lines": [21, 23, 24, 25, 26, 29, 30, 33, 34, 35, 36, 37, 38, 39, 40, 42, 55, 87, 127, 128, 131, 132, 133, 134, 136, 189, 231, 272, 291, 405, 429, 449], "excluded_lines": []}}, "classes": {"RefactoringTask": {"executed_lines": [], "summary": {"covered_lines": 0, "num_statements": 25, "percent_covered": 0.0, "percent_covered_display": "0", "missing_lines": 25, "excluded_lines": 0}, "missing_lines": [44, 57, 64, 73, 74, 76, 77, 78, 80, 81, 82, 84, 85, 89, 91, 101, 102, 104, 105, 106, 108, 109, 110, 112, 120], "excluded_lines": []}, "RefactoringPlan": {"executed_lines": [], "summary": {"covered_lines": 0, "num_statements": 13, "percent_covered": 0.0, "percent_covered_display": "0", "missing_lines": 13, "excluded_lines": 0}, "missing_lines": [138, 153, 154, 155, 157, 158, 159, 160, 162, 164, 165, 167, 186], "excluded_lines": []}, "": {"executed_lines": [], "summary": {"covered_lines": 0, "num_statements": 176, "percent_covered": 0.0, "percent_covered_display": "0", "missing_lines": 176, "excluded_lines": 0}, "missing_lines": [21, 23, 24, 25, 26, 29, 30, 33, 34, 35, 36, 37, 38, 39, 40, 42, 55, 87, 127, 128, 131, 132, 133, 134, 136, 189, 204, 205, 206, 207, 210, 211, 212, 213, 216, 217, 218, 219, 221, 228, 231, 248, 249, 252, 253, 256, 257, 260, 261, 264, 267, 269, 272, 281, 282, 283, 284, 285, 286, 288, 291, 300, 301, 302, 303, 304, 305, 308, 309, 310, 312, 313, 314, 315, 316, 319, 321, 322, 323, 324, 325, 326, 329, 332, 333, 341, 342, 343, 344, 345, 346, 348, 350, 358, 361, 367, 368, 372, 373, 378, 379, 384, 385, 386, 387, 390, 391, 393, 394, 395, 396, 399, 400, 402, 405, 417, 419, 420, 421, 422, 423, 424, 426, 429, 439, 440, 441, 442, 443, 444, 446, 449, 474, 475, 476, 478, 481, 482, 483, 486, 487, 488, 490, 491, 500, 503, 506, 507, 509, 510, 511, 512, 514, 515, 516, 517, 519, 527, 528, 529, 530, 531, 532, 533, 535, 536, 537, 539, 550, 551, 555, 556, 558, 559, 561, 563], "excluded_lines": []}}}, "repoq/reporting/__init__.py": {"executed_lines": [], "summary": {"covered_lines": 0, "num_statements": 1, "percent_covered": 0.0, "percent_covered_display": "0", "missing_lines": 1, "excluded_lines": 0}, "missing_lines": [9], "excluded_lines": [], "functions": {"": {"executed_lines": [], "summary": {"covered_lines": 0, "num_statements": 1, "percent_covered": 0.0, "percent_covered_display": "0", "missing_lines": 1, "excluded_lines": 0}, "missing_lines": [9], "excluded_lines": []}}, "classes": {"": {"executed_lines": [], "summary": {"covered_lines": 0, "num_statements": 1, "percent_covered": 0.0, "percent_covered_display": "0", "missing_lines": 1, "excluded_lines": 0}, "missing_lines": [9], "excluded_lines": []}}}, "repoq/reporting/diff.py": {"executed_lines": [], "summary": {"covered_lines": 0, "num_statements": 35, "percent_covered": 0.0, "percent_covered_display": "0", "missing_lines": 35, "excluded_lines": 0}, "missing_lines": [12, 14, 15, 17, 20, 33, 34, 35, 36, 37, 38, 39, 40, 41, 44, 71, 72, 74, 75, 77, 78, 80, 81, 82, 83, 84, 85, 86, 87, 88, 89, 90, 91, 92, 93], "excluded_lines": [], "functions": {"load_json": {"executed_lines": [], "summary": {"covered_lines": 0, "num_statements": 9, "percent_covered": 0.0, "percent_covered_display": "0", "missing_lines": 9, "excluded_lines": 0}, "missing_lines": [33, 34, 35, 36, 37, 38, 39, 40, 41], "excluded_lines": []}, "diff_jsonld": {"executed_lines": [], "summary": {"covered_lines": 0, "num_statements": 18, "percent_covered": 0.0, "percent_covered_display": "0", "missing_lines": 18, "excluded_lines": 0}, "missing_lines": [71, 72, 74, 77, 80, 81, 82, 83, 84, 85, 86, 87, 88, 89, 90, 91, 92, 93], "excluded_lines": []}, "diff_jsonld.idx_issues": {"executed_lines": [], "summary": {"covered_lines": 0, "num_statements": 1, "percent_covered": 0.0, "percent_covered_display": "0", "missing_lines": 1, "excluded_lines": 0}, "missing_lines": [75], "excluded_lines": []}, "diff_jsonld.idx_files": {"executed_lines": [], "summary": {"covered_lines": 0, "num_statements": 1, "percent_covered": 0.0, "percent_covered_display": "0", "missing_lines": 1, "excluded_lines": 0}, "missing_lines": [78], "excluded_lines": []}, "": {"executed_lines": [], "summary": {"covered_lines": 0, "num_statements": 6, "percent_covered": 0.0, "percent_covered_display": "0", "missing_lines": 6, "excluded_lines": 0}, "missing_lines": [12, 14, 15, 17, 20, 44], "excluded_lines": []}}, "classes": {"": {"executed_lines": [], "summary": {"covered_lines": 0, "num_statements": 35, "percent_covered": 0.0, "percent_covered_display": "0", "missing_lines": 35, "excluded_lines": 0}, "missing_lines": [12, 14, 15, 17, 20, 33, 34, 35, 36, 37, 38, 39, 40, 41, 44, 71, 72, 74, 75, 77, 78, 80, 81, 82, 83, 84, 85, 86, 87, 88, 89, 90, 91, 92, 93], "excluded_lines": []}}}, "repoq/reporting/graphviz.py": {"executed_lines": [], "summary": {"covered_lines": 0, "num_statements": 57, "percent_covered": 0.0, "percent_covered_display": "0", "missing_lines": 57, "excluded_lines": 0}, "missing_lines": [10, 12, 13, 15, 17, 20, 39, 40, 41, 44, 54, 55, 57, 58, 59, 60, 61, 62, 63, 64, 65, 66, 67, 68, 69, 70, 71, 72, 73, 74, 75, 76, 77, 78, 79, 80, 81, 84, 94, 95, 97, 98, 99, 100, 101, 102, 103, 104, 105, 106, 107, 108, 109, 110, 111, 112, 113], "excluded_lines": [], "functions": {"export_graphs": {"executed_lines": [], "summary": {"covered_lines": 0, "num_statements": 3, "percent_covered": 0.0, "percent_covered_display": "0", "missing_lines": 3, "excluded_lines": 0}, "missing_lines": [39, 40, 41], "excluded_lines": []}, "_graph_dependencies": {"executed_lines": [], "summary": {"covered_lines": 0, "num_statements": 27, "percent_covered": 0.0, "percent_covered_display": "0", "missing_lines": 27, "excluded_lines": 0}, "missing_lines": [54, 55, 57, 58, 59, 60, 61, 62, 63, 64, 65, 66, 67, 68, 69, 70, 71, 72, 73, 74, 75, 76, 77, 78, 79, 80, 81], "excluded_lines": []}, "_graph_coupling": {"executed_lines": [], "summary": {"covered_lines": 0, "num_statements": 19, "percent_covered": 0.0, "percent_covered_display": "0", "missing_lines": 19, "excluded_lines": 0}, "missing_lines": [94, 95, 97, 98, 99, 100, 101, 102, 103, 104, 105, 106, 107, 108, 109, 110, 111, 112, 113], "excluded_lines": []}, "": {"executed_lines": [], "summary": {"covered_lines": 0, "num_statements": 8, "percent_covered": 0.0, "percent_covered_display": "0", "missing_lines": 8, "excluded_lines": 0}, "missing_lines": [10, 12, 13, 15, 17, 20, 44, 84], "excluded_lines": []}}, "classes": {"": {"executed_lines": [], "summary": {"covered_lines": 0, "num_statements": 57, "percent_covered": 0.0, "percent_covered_display": "0", "missing_lines": 57, "excluded_lines": 0}, "missing_lines": [10, 12, 13, 15, 17, 20, 39, 40, 41, 44, 54, 55, 57, 58, 59, 60, 61, 62, 63, 64, 65, 66, 67, 68, 69, 70, 71, 72, 73, 74, 75, 76, 77, 78, 79, 80, 81, 84, 94, 95, 97, 98, 99, 100, 101, 102, 103, 104, 105, 106, 107, 108, 109, 110, 111, 112, 113], "excluded_lines": []}}}, "repoq/reporting/markdown.py": {"executed_lines": [], "summary": {"covered_lines": 0, "num_statements": 12, "percent_covered": 0.0, "percent_covered_display": "0", "missing_lines": 12, "excluded_lines": 0}, "missing_lines": [15, 17, 19, 21, 23, 25, 76, 99, 100, 101, 102, 103], "excluded_lines": [], "functions": {"render_markdown": {"executed_lines": [], "summary": {"covered_lines": 0, "num_statements": 5, "percent_covered": 0.0, "percent_covered_display": "0", "missing_lines": 5, "excluded_lines": 0}, "missing_lines": [99, 100, 101, 102, 103], "excluded_lines": []}, "": {"executed_lines": [], "summary": {"covered_lines": 0, "num_statements": 7, "percent_covered": 0.0, "percent_covered_display": "0", "missing_lines": 7, "excluded_lines": 0}, "missing_lines": [15, 17, 19, 21, 23, 25, 76], "excluded_lines": []}}, "classes": {"": {"executed_lines": [], "summary": {"covered_lines": 0, "num_statements": 12, "percent_covered": 0.0, "percent_covered_display": "0", "missing_lines": 12, "excluded_lines": 0}, "missing_lines": [15, 17, 19, 21, 23, 25, 76, 99, 100, 101, 102, 103], "excluded_lines": []}}}, "repoq/vc_verification.py": {"executed_lines": [], "summary": {"covered_lines": 0, "num_statements": 135, "percent_covered": 0.0, "percent_covered_display": "0", "missing_lines": 135, "excluded_lines": 0}, "missing_lines": [30, 32, 33, 34, 35, 36, 37, 39, 40, 41, 44, 45, 57, 58, 59, 60, 61, 62, 65, 82, 85, 86, 87, 88, 89, 95, 96, 97, 103, 104, 105, 106, 109, 110, 111, 112, 113, 114, 115, 118, 119, 121, 122, 123, 133, 134, 135, 136, 137, 138, 139, 149, 150, 160, 162, 163, 164, 165, 174, 177, 180, 183, 184, 190, 191, 201, 210, 211, 212, 220, 221, 222, 232, 241, 244, 245, 246, 247, 249, 250, 251, 252, 254, 255, 257, 258, 260, 261, 263, 264, 266, 267, 268, 269, 270, 272, 275, 285, 286, 287, 290, 292, 295, 304, 306, 307, 308, 310, 311, 312, 314, 315, 316, 317, 319, 320, 322, 323, 325, 327, 328, 329, 330, 331, 332, 333, 334, 336, 337, 338, 339, 340, 341, 343, 345], "excluded_lines": [], "functions": {"verify_vc": {"executed_lines": [], "summary": {"covered_lines": 0, "num_statements": 53, "percent_covered": 0.0, "percent_covered_display": "0", "missing_lines": 53, "excluded_lines": 0}, "missing_lines": [82, 85, 86, 87, 88, 89, 95, 96, 97, 103, 104, 105, 106, 109, 110, 111, 112, 113, 114, 115, 118, 119, 121, 122, 123, 133, 134, 135, 136, 137, 138, 139, 149, 150, 160, 162, 163, 164, 165, 174, 177, 180, 183, 184, 190, 191, 201, 210, 211, 212, 220, 221, 222], "excluded_lines": []}, "_validate_vc_structure": {"executed_lines": [], "summary": {"covered_lines": 0, "num_statements": 23, "percent_covered": 0.0, "percent_covered_display": "0", "missing_lines": 23, "excluded_lines": 0}, "missing_lines": [241, 244, 245, 246, 247, 249, 250, 251, 252, 254, 255, 257, 258, 260, 261, 263, 264, 266, 267, 268, 269, 270, 272], "excluded_lines": []}, "_base64url_decode": {"executed_lines": [], "summary": {"covered_lines": 0, "num_statements": 5, "percent_covered": 0.0, "percent_covered_display": "0", "missing_lines": 5, "excluded_lines": 0}, "missing_lines": [285, 286, 287, 290, 292], "excluded_lines": []}, "format_verification_report": {"executed_lines": [], "summary": {"covered_lines": 0, "num_statements": 32, "percent_covered": 0.0, "percent_covered_display": "0", "missing_lines": 32, "excluded_lines": 0}, "missing_lines": [304, 306, 307, 308, 310, 311, 312, 314, 315, 316, 317, 319, 320, 322, 323, 325, 327, 328, 329, 330, 331, 332, 333, 334, 336, 337, 338, 339, 340, 341, 343, 345], "excluded_lines": []}, "": {"executed_lines": [], "summary": {"covered_lines": 0, "num_statements": 22, "percent_covered": 0.0, "percent_covered_display": "0", "missing_lines": 22, "excluded_lines": 0}, "missing_lines": [30, 32, 33, 34, 35, 36, 37, 39, 40, 41, 44, 45, 57, 58, 59, 60, 61, 62, 65, 232, 275, 295], "excluded_lines": []}}, "classes": {"VerificationResult": {"executed_lines": [], "summary": {"covered_lines": 0, "num_statements": 0, "percent_covered": 100.0, "percent_covered_display": "100", "missing_lines": 0, "excluded_lines": 0}, "missing_lines": [], "excluded_lines": []}, "": {"executed_lines": [], "summary": {"covered_lines": 0, "num_statements": 135, "percent_covered": 0.0, "percent_covered_display": "0", "missing_lines": 135, "excluded_lines": 0}, "missing_lines": [30, 32, 33, 34, 35, 36, 37, 39, 40, 41, 44, 45, 57, 58, 59, 60, 61, 62, 65, 82, 85, 86, 87, 88, 89, 95, 96, 97, 103, 104, 105, 106, 109, 110, 111, 112, 113, 114, 115, 118, 119, 121, 122, 123, 133, 134, 135, 136, 137, 138, 139, 149, 150, 160, 162, 163, 164, 165, 174, 177, 180, 183, 184, 190, 191, 201, 210, 211, 212, 220, 221, 222, 232, 241, 244, 245, 246, 247, 249, 250, 251, 252, 254, 255, 257, 258, 260, 261, 263, 264, 266, 267, 268, 269, 270, 272, 275, 285, 286, 287, 290, 292, 295, 304, 306, 307, 308, 310, 311, 312, 314, 315, 316, 317, 319, 320, 322, 323, 325, 327, 328, 329, 330, 331, 332, 333, 334, 336, 337, 338, 339, 340, 341, 343, 345], "excluded_lines": []}}}}, "totals": {"covered_lines": 694, "num_statements": 5277, "percent_covered": 13.151411787000189, "percent_covered_display": "13", "missing_lines": 4583, "excluded_lines": 166}}