{"meta": {"format": 3, "version": "7.11.0", "timestamp": "2025-10-21T22:11:30.103745", "branch_coverage": false, "show_contexts": false}, "files": {"repoq/__init__.py": {"executed_lines": [1], "summary": {"covered_lines": 1, "num_statements": 1, "percent_covered": 100.0, "percent_covered_display": "100", "missing_lines": 0, "excluded_lines": 0}, "missing_lines": [], "excluded_lines": [], "functions": {"": {"executed_lines": [1], "summary": {"covered_lines": 1, "num_statements": 1, "percent_covered": 100.0, "percent_covered_display": "100", "missing_lines": 0, "excluded_lines": 0}, "missing_lines": [], "excluded_lines": []}}, "classes": {"": {"executed_lines": [1], "summary": {"covered_lines": 1, "num_statements": 1, "percent_covered": 100.0, "percent_covered_display": "100", "missing_lines": 0, "excluded_lines": 0}, "missing_lines": [], "excluded_lines": []}}}, "repoq/__main__.py": {"executed_lines": [], "summary": {"covered_lines": 0, "num_statements": 3, "percent_covered": 0.0, "percent_covered_display": "0", "missing_lines": 3, "excluded_lines": 0}, "missing_lines": [3, 5, 6], "excluded_lines": [], "functions": {"": {"executed_lines": [], "summary": {"covered_lines": 0, "num_statements": 3, "percent_covered": 0.0, "percent_covered_display": "0", "missing_lines": 3, "excluded_lines": 0}, "missing_lines": [3, 5, 6], "excluded_lines": []}}, "classes": {"": {"executed_lines": [], "summary": {"covered_lines": 0, "num_statements": 3, "percent_covered": 0.0, "percent_covered_display": "0", "missing_lines": 3, "excluded_lines": 0}, "missing_lines": [3, 5, 6], "excluded_lines": []}}}, "repoq/analyzers/base.py": {"executed_lines": [1, 7, 9, 11, 12, 15, 16, 33, 35, 36], "summary": {"covered_lines": 8, "num_statements": 8, "percent_covered": 100.0, "percent_covered_display": "100", "missing_lines": 0, "excluded_lines": 2}, "missing_lines": [], "excluded_lines": [48, 49], "functions": {"Analyzer.run": {"executed_lines": [], "summary": {"covered_lines": 0, "num_statements": 0, "percent_covered": 100.0, "percent_covered_display": "100", "missing_lines": 0, "excluded_lines": 1}, "missing_lines": [], "excluded_lines": [48]}, "": {"executed_lines": [1, 7, 9, 11, 12, 15, 16, 33, 35, 36], "summary": {"covered_lines": 8, "num_statements": 8, "percent_covered": 100.0, "percent_covered_display": "100", "missing_lines": 0, "excluded_lines": 0}, "missing_lines": [], "excluded_lines": []}}, "classes": {"Analyzer": {"executed_lines": [], "summary": {"covered_lines": 0, "num_statements": 0, "percent_covered": 100.0, "percent_covered_display": "100", "missing_lines": 0, "excluded_lines": 1}, "missing_lines": [], "excluded_lines": [48]}, "": {"executed_lines": [1, 7, 9, 11, 12, 15, 16, 33, 35, 36], "summary": {"covered_lines": 8, "num_statements": 8, "percent_covered": 100.0, "percent_covered_display": "100", "missing_lines": 0, "excluded_lines": 0}, "missing_lines": [], "excluded_lines": []}}}, "repoq/analyzers/ci_qm.py": {"executed_lines": [1, 10, 12, 13, 14, 15, 17, 18, 20, 22, 31, 32, 44, 46, 60, 61], "summary": {"covered_lines": 14, "num_statements": 50, "percent_covered": 28.0, "percent_covered_display": "28", "missing_lines": 36, "excluded_lines": 0}, "missing_lines": [62, 63, 64, 65, 66, 67, 68, 69, 70, 71, 72, 73, 74, 75, 76, 77, 82, 83, 87, 88, 89, 90, 91, 92, 93, 94, 96, 97, 98, 99, 100, 101, 102, 103, 105, 108], "excluded_lines": [], "functions": {"CIQualityAnalyzer.run": {"executed_lines": [60, 61], "summary": {"covered_lines": 2, "num_statements": 38, "percent_covered": 5.2631578947368425, "percent_covered_display": "5", "missing_lines": 36, "excluded_lines": 0}, "missing_lines": [62, 63, 64, 65, 66, 67, 68, 69, 70, 71, 72, 73, 74, 75, 76, 77, 82, 83, 87, 88, 89, 90, 91, 92, 93, 94, 96, 97, 98, 99, 100, 101, 102, 103, 105, 108], "excluded_lines": []}, "": {"executed_lines": [1, 10, 12, 13, 14, 15, 17, 18, 20, 22, 31, 32, 44, 46], "summary": {"covered_lines": 12, "num_statements": 12, "percent_covered": 100.0, "percent_covered_display": "100", "missing_lines": 0, "excluded_lines": 0}, "missing_lines": [], "excluded_lines": []}}, "classes": {"CIQualityAnalyzer": {"executed_lines": [60, 61], "summary": {"covered_lines": 2, "num_statements": 38, "percent_covered": 5.2631578947368425, "percent_covered_display": "5", "missing_lines": 36, "excluded_lines": 0}, "missing_lines": [62, 63, 64, 65, 66, 67, 68, 69, 70, 71, 72, 73, 74, 75, 76, 77, 82, 83, 87, 88, 89, 90, 91, 92, 93, 94, 96, 97, 98, 99, 100, 101, 102, 103, 105, 108], "excluded_lines": []}, "": {"executed_lines": [1, 10, 12, 13, 14, 15, 17, 18, 20, 22, 31, 32, 44, 46], "summary": {"covered_lines": 12, "num_statements": 12, "percent_covered": 100.0, "percent_covered_display": "100", "missing_lines": 0, "excluded_lines": 0}, "missing_lines": [], "excluded_lines": []}}}, "repoq/analyzers/complexity.py": {"executed_lines": [1, 10, 12, 13, 14, 16, 17, 18, 20, 23, 24, 34, 36, 49, 50, 51, 52, 53, 54, 55, 56, 58, 59, 60, 61, 63, 65, 66, 74, 75, 77, 78, 79, 80, 81], "summary": {"covered_lines": 33, "num_statements": 59, "percent_covered": 55.932203389830505, "percent_covered_display": "56", "missing_lines": 26, "excluded_lines": 0}, "missing_lines": [62, 67, 68, 69, 70, 71, 72, 73, 82, 83, 84, 86, 87, 88, 89, 90, 91, 92, 93, 94, 95, 96, 97, 98, 99, 100], "excluded_lines": [], "functions": {"ComplexityAnalyzer.run": {"executed_lines": [49, 50, 51, 52, 53, 54, 55, 56, 58, 59, 60, 61, 63, 65, 66, 74, 75, 77, 78, 79, 80, 81], "summary": {"covered_lines": 22, "num_statements": 48, "percent_covered": 45.833333333333336, "percent_covered_display": "46", "missing_lines": 26, "excluded_lines": 0}, "missing_lines": [62, 67, 68, 69, 70, 71, 72, 73, 82, 83, 84, 86, 87, 88, 89, 90, 91, 92, 93, 94, 95, 96, 97, 98, 99, 100], "excluded_lines": []}, "": {"executed_lines": [1, 10, 12, 13, 14, 16, 17, 18, 20, 23, 24, 34, 36], "summary": {"covered_lines": 11, "num_statements": 11, "percent_covered": 100.0, "percent_covered_display": "100", "missing_lines": 0, "excluded_lines": 0}, "missing_lines": [], "excluded_lines": []}}, "classes": {"ComplexityAnalyzer": {"executed_lines": [49, 50, 51, 52, 53, 54, 55, 56, 58, 59, 60, 61, 63, 65, 66, 74, 75, 77, 78, 79, 80, 81], "summary": {"covered_lines": 22, "num_statements": 48, "percent_covered": 45.833333333333336, "percent_covered_display": "46", "missing_lines": 26, "excluded_lines": 0}, "missing_lines": [62, 67, 68, 69, 70, 71, 72, 73, 82, 83, 84, 86, 87, 88, 89, 90, 91, 92, 93, 94, 95, 96, 97, 98, 99, 100], "excluded_lines": []}, "": {"executed_lines": [1, 10, 12, 13, 14, 16, 17, 18, 20, 23, 24, 34, 36], "summary": {"covered_lines": 11, "num_statements": 11, "percent_covered": 100.0, "percent_covered_display": "100", "missing_lines": 0, "excluded_lines": 0}, "missing_lines": [], "excluded_lines": []}}}, "repoq/analyzers/history.py": {"executed_lines": [1, 13, 15, 16, 17, 18, 20, 29, 30, 32, 35, 45, 46, 48, 51, 52, 64, 66, 79, 80, 81, 82, 85, 86, 87, 89, 101, 103, 104, 106, 107, 110, 116, 117, 118, 119, 120, 121, 128, 129, 131, 132, 140, 150, 151, 178, 191, 194, 195, 196, 197, 199, 217, 218, 219, 237, 249, 250, 258, 259, 260, 261, 262, 268, 271, 272, 273, 276, 285, 286, 287, 288, 289, 290, 291, 292, 295, 296, 297, 298, 299, 300], "summary": {"covered_lines": 80, "num_statements": 150, "percent_covered": 53.333333333333336, "percent_covered_display": "53", "missing_lines": 70, "excluded_lines": 0}, "missing_lines": [47, 83, 84, 152, 153, 154, 155, 156, 157, 158, 159, 160, 161, 162, 163, 164, 165, 169, 170, 172, 173, 174, 175, 179, 180, 181, 182, 184, 185, 186, 187, 188, 189, 192, 200, 204, 205, 206, 207, 208, 209, 210, 211, 212, 213, 214, 215, 220, 221, 222, 223, 224, 225, 226, 227, 228, 229, 230, 231, 232, 234, 235, 238, 239, 240, 247, 251, 270, 293, 294], "excluded_lines": [], "functions": {"_run": {"executed_lines": [45, 46, 48], "summary": {"covered_lines": 3, "num_statements": 4, "percent_covered": 75.0, "percent_covered_display": "75", "missing_lines": 1, "excluded_lines": 0}, "missing_lines": [47], "excluded_lines": []}, "HistoryAnalyzer.run": {"executed_lines": [79, 80, 81, 82, 85, 86, 87], "summary": {"covered_lines": 7, "num_statements": 9, "percent_covered": 77.77777777777777, "percent_covered_display": "78", "missing_lines": 2, "excluded_lines": 0}, "missing_lines": [83, 84], "excluded_lines": []}, "HistoryAnalyzer._run_pydriller": {"executed_lines": [101, 103, 104, 106, 107, 110, 116, 117, 118, 119, 120, 121, 128, 129, 131, 132, 140, 150, 151, 178, 191], "summary": {"covered_lines": 21, "num_statements": 52, "percent_covered": 40.38461538461539, "percent_covered_display": "40", "missing_lines": 31, "excluded_lines": 0}, "missing_lines": [152, 153, 154, 155, 156, 157, 158, 159, 160, 161, 162, 163, 164, 165, 169, 170, 172, 173, 174, 175, 179, 180, 181, 182, 184, 185, 186, 187, 188, 189, 192], "excluded_lines": []}, "HistoryAnalyzer._run_git": {"executed_lines": [195, 196, 197, 199, 217, 218, 219, 237, 249, 250, 258, 259, 260, 261, 262, 268, 271, 272, 273, 276, 285, 286, 287, 288, 289, 290, 291, 292, 295, 296, 297, 298, 299, 300], "summary": {"covered_lines": 34, "num_statements": 70, "percent_covered": 48.57142857142857, "percent_covered_display": "49", "missing_lines": 36, "excluded_lines": 0}, "missing_lines": [200, 204, 205, 206, 207, 208, 209, 210, 211, 212, 213, 214, 215, 220, 221, 222, 223, 224, 225, 226, 227, 228, 229, 230, 231, 232, 234, 235, 238, 239, 240, 247, 251, 270, 293, 294], "excluded_lines": []}, "": {"executed_lines": [1, 13, 15, 16, 17, 18, 20, 29, 30, 32, 35, 51, 52, 64, 66, 89, 194], "summary": {"covered_lines": 15, "num_statements": 15, "percent_covered": 100.0, "percent_covered_display": "100", "missing_lines": 0, "excluded_lines": 0}, "missing_lines": [], "excluded_lines": []}}, "classes": {"HistoryAnalyzer": {"executed_lines": [79, 80, 81, 82, 85, 86, 87, 101, 103, 104, 106, 107, 110, 116, 117, 118, 119, 120, 121, 128, 129, 131, 132, 140, 150, 151, 178, 191, 195, 196, 197, 199, 217, 218, 219, 237, 249, 250, 258, 259, 260, 261, 262, 268, 271, 272, 273, 276, 285, 286, 287, 288, 289, 290, 291, 292, 295, 296, 297, 298, 299, 300], "summary": {"covered_lines": 62, "num_statements": 131, "percent_covered": 47.32824427480916, "percent_covered_display": "47", "missing_lines": 69, "excluded_lines": 0}, "missing_lines": [83, 84, 152, 153, 154, 155, 156, 157, 158, 159, 160, 161, 162, 163, 164, 165, 169, 170, 172, 173, 174, 175, 179, 180, 181, 182, 184, 185, 186, 187, 188, 189, 192, 200, 204, 205, 206, 207, 208, 209, 210, 211, 212, 213, 214, 215, 220, 221, 222, 223, 224, 225, 226, 227, 228, 229, 230, 231, 232, 234, 235, 238, 239, 240, 247, 251, 270, 293, 294], "excluded_lines": []}, "": {"executed_lines": [1, 13, 15, 16, 17, 18, 20, 29, 30, 32, 35, 45, 46, 48, 51, 52, 64, 66, 89, 194], "summary": {"covered_lines": 18, "num_statements": 19, "percent_covered": 94.73684210526316, "percent_covered_display": "95", "missing_lines": 1, "excluded_lines": 0}, "missing_lines": [47], "excluded_lines": []}}}, "repoq/analyzers/hotspots.py": {"executed_lines": [1, 12, 14, 16, 17, 19, 22, 32, 35, 36, 48, 50, 61, 62, 63, 65, 66, 67, 71, 72, 74, 75, 76, 77, 78, 79, 80, 89, 90], "summary": {"covered_lines": 27, "num_statements": 27, "percent_covered": 100.0, "percent_covered_display": "100", "missing_lines": 0, "excluded_lines": 0}, "missing_lines": [], "excluded_lines": [], "functions": {"_norm": {"executed_lines": [32], "summary": {"covered_lines": 1, "num_statements": 1, "percent_covered": 100.0, "percent_covered_display": "100", "missing_lines": 0, "excluded_lines": 0}, "missing_lines": [], "excluded_lines": []}, "HotspotsAnalyzer.run": {"executed_lines": [61, 62, 63, 65, 66, 67, 71, 72, 74, 75, 76, 77, 78, 79, 80, 89, 90], "summary": {"covered_lines": 17, "num_statements": 17, "percent_covered": 100.0, "percent_covered_display": "100", "missing_lines": 0, "excluded_lines": 0}, "missing_lines": [], "excluded_lines": []}, "": {"executed_lines": [1, 12, 14, 16, 17, 19, 22, 35, 36, 48, 50], "summary": {"covered_lines": 9, "num_statements": 9, "percent_covered": 100.0, "percent_covered_display": "100", "missing_lines": 0, "excluded_lines": 0}, "missing_lines": [], "excluded_lines": []}}, "classes": {"HotspotsAnalyzer": {"executed_lines": [61, 62, 63, 65, 66, 67, 71, 72, 74, 75, 76, 77, 78, 79, 80, 89, 90], "summary": {"covered_lines": 17, "num_statements": 17, "percent_covered": 100.0, "percent_covered_display": "100", "missing_lines": 0, "excluded_lines": 0}, "missing_lines": [], "excluded_lines": []}, "": {"executed_lines": [1, 12, 14, 16, 17, 19, 22, 32, 35, 36, 48, 50], "summary": {"covered_lines": 10, "num_statements": 10, "percent_covered": 100.0, "percent_covered_display": "100", "missing_lines": 0, "excluded_lines": 0}, "missing_lines": [], "excluded_lines": []}}}, "repoq/analyzers/structure.py": {"executed_lines": [1, 13, 15, 16, 17, 18, 19, 21, 22, 23, 24, 25, 26, 28, 30, 67, 76, 79, 85, 87, 88, 89, 114, 117, 124, 127, 128, 174, 175, 199, 200, 236, 239, 268, 269, 284, 286, 299, 300, 303, 304, 309, 310, 312, 313, 314, 315, 321, 322, 323, 324, 325, 326, 328, 329, 331, 332, 333, 335, 336, 337, 338, 339, 340, 344, 345, 346, 347, 350, 359, 360, 361, 362, 363, 364, 365, 366, 367, 369, 370, 371, 372, 375, 376, 377, 378, 379, 389, 406, 407, 408, 413, 414, 421, 423, 424, 425, 426, 428, 430, 432, 434, 439, 441, 443, 445, 447, 449, 452, 455, 456, 458, 460, 469], "summary": {"covered_lines": 112, "num_statements": 208, "percent_covered": 53.84615384615385, "percent_covered_display": "54", "missing_lines": 96, "excluded_lines": 0}, "missing_lines": [90, 91, 92, 95, 96, 97, 98, 99, 100, 101, 102, 103, 104, 105, 106, 107, 109, 111, 112, 129, 130, 132, 133, 136, 137, 138, 139, 153, 154, 155, 156, 157, 170, 171, 176, 177, 178, 179, 180, 181, 182, 183, 195, 196, 201, 202, 204, 205, 208, 209, 221, 222, 233, 234, 251, 254, 256, 257, 258, 259, 261, 262, 263, 265, 327, 341, 342, 351, 352, 353, 354, 355, 356, 380, 381, 390, 391, 392, 393, 394, 402, 403, 409, 410, 415, 416, 417, 418, 419, 427, 429, 431, 464, 465, 466, 467], "excluded_lines": [], "functions": {"_is_textlike": {"executed_lines": [76], "summary": {"covered_lines": 1, "num_statements": 1, "percent_covered": 100.0, "percent_covered_display": "100", "missing_lines": 0, "excluded_lines": 0}, "missing_lines": [], "excluded_lines": []}, "_detect_spdx_license": {"executed_lines": [85, 87, 88, 89, 114], "summary": {"covered_lines": 5, "num_statements": 24, "percent_covered": 20.833333333333332, "percent_covered_display": "21", "missing_lines": 19, "excluded_lines": 0}, "missing_lines": [90, 91, 92, 95, 96, 97, 98, 99, 100, 101, 102, 103, 104, 105, 106, 107, 109, 111, 112], "excluded_lines": []}, "_parse_dependency_manifests": {"executed_lines": [124, 127, 128, 174, 175, 199, 200, 236], "summary": {"covered_lines": 8, "num_statements": 43, "percent_covered": 18.6046511627907, "percent_covered_display": "19", "missing_lines": 35, "excluded_lines": 0}, "missing_lines": [129, 130, 132, 133, 136, 137, 138, 139, 153, 154, 155, 156, 157, 170, 171, 176, 177, 178, 179, 180, 181, 182, 183, 195, 196, 201, 202, 204, 205, 208, 209, 221, 222, 233, 234], "excluded_lines": []}, "_parse_python_dep": {"executed_lines": [], "summary": {"covered_lines": 0, "num_statements": 10, "percent_covered": 0.0, "percent_covered_display": "0", "missing_lines": 10, "excluded_lines": 0}, "missing_lines": [251, 254, 256, 257, 258, 259, 261, 262, 263, 265], "excluded_lines": []}, "StructureAnalyzer.run": {"executed_lines": [299, 300, 303, 304, 309, 310, 312, 313, 314, 315, 321, 322, 323, 324, 325, 326, 328, 329, 331, 332, 333, 335, 336, 337, 338, 339, 340, 344, 345, 346, 347, 350, 359, 360, 361, 362, 363, 364, 365, 366, 367, 369, 370, 371, 372, 375, 376, 377, 378, 379, 389, 406, 407, 408, 413, 414, 421, 423, 424, 425, 426, 428, 430, 432, 434, 439, 441], "summary": {"covered_lines": 67, "num_statements": 95, "percent_covered": 70.52631578947368, "percent_covered_display": "71", "missing_lines": 28, "excluded_lines": 0}, "missing_lines": [327, 341, 342, 351, 352, 353, 354, 355, 356, 380, 381, 390, 391, 392, 393, 394, 402, 403, 409, 410, 415, 416, 417, 418, 419, 427, 429, 431], "excluded_lines": []}, "StructureAnalyzer._enrich_with_ontological_analysis": {"executed_lines": [445, 447, 449, 452, 455, 456, 458, 460, 469], "summary": {"covered_lines": 9, "num_statements": 13, "percent_covered": 69.23076923076923, "percent_covered_display": "69", "missing_lines": 4, "excluded_lines": 0}, "missing_lines": [464, 465, 466, 467], "excluded_lines": []}, "": {"executed_lines": [1, 13, 15, 16, 17, 18, 19, 21, 22, 23, 24, 25, 26, 28, 30, 67, 79, 117, 239, 268, 269, 284, 286, 443], "summary": {"covered_lines": 22, "num_statements": 22, "percent_covered": 100.0, "percent_covered_display": "100", "missing_lines": 0, "excluded_lines": 0}, "missing_lines": [], "excluded_lines": []}}, "classes": {"StructureAnalyzer": {"executed_lines": [299, 300, 303, 304, 309, 310, 312, 313, 314, 315, 321, 322, 323, 324, 325, 326, 328, 329, 331, 332, 333, 335, 336, 337, 338, 339, 340, 344, 345, 346, 347, 350, 359, 360, 361, 362, 363, 364, 365, 366, 367, 369, 370, 371, 372, 375, 376, 377, 378, 379, 389, 406, 407, 408, 413, 414, 421, 423, 424, 425, 426, 428, 430, 432, 434, 439, 441, 445, 447, 449, 452, 455, 456, 458, 460, 469], "summary": {"covered_lines": 76, "num_statements": 108, "percent_covered": 70.37037037037037, "percent_covered_display": "70", "missing_lines": 32, "excluded_lines": 0}, "missing_lines": [327, 341, 342, 351, 352, 353, 354, 355, 356, 380, 381, 390, 391, 392, 393, 394, 402, 403, 409, 410, 415, 416, 417, 418, 419, 427, 429, 431, 464, 465, 466, 467], "excluded_lines": []}, "": {"executed_lines": [1, 13, 15, 16, 17, 18, 19, 21, 22, 23, 24, 25, 26, 28, 30, 67, 76, 79, 85, 87, 88, 89, 114, 117, 124, 127, 128, 174, 175, 199, 200, 236, 239, 268, 269, 284, 286, 443], "summary": {"covered_lines": 36, "num_statements": 100, "percent_covered": 36.0, "percent_covered_display": "36", "missing_lines": 64, "excluded_lines": 0}, "missing_lines": [90, 91, 92, 95, 96, 97, 98, 99, 100, 101, 102, 103, 104, 105, 106, 107, 109, 111, 112, 129, 130, 132, 133, 136, 137, 138, 139, 153, 154, 155, 156, 157, 170, 171, 176, 177, 178, 179, 180, 181, 182, 183, 195, 196, 201, 202, 204, 205, 208, 209, 221, 222, 233, 234, 251, 254, 256, 257, 258, 259, 261, 262, 263, 265], "excluded_lines": []}}}, "repoq/analyzers/weakness.py": {"executed_lines": [1, 11, 13, 14, 15, 17, 18, 20, 22, 29, 38, 40, 42, 45, 46, 56, 58, 70, 71, 72, 73, 74, 81, 82, 83, 84, 85, 86, 95, 96, 97], "summary": {"covered_lines": 29, "num_statements": 37, "percent_covered": 78.37837837837837, "percent_covered_display": "78", "missing_lines": 8, "excluded_lines": 0}, "missing_lines": [39, 41, 75, 76, 77, 78, 79, 80], "excluded_lines": [], "functions": {"_severity_for": {"executed_lines": [38, 40, 42], "summary": {"covered_lines": 3, "num_statements": 5, "percent_covered": 60.0, "percent_covered_display": "60", "missing_lines": 2, "excluded_lines": 0}, "missing_lines": [39, 41], "excluded_lines": []}, "WeaknessAnalyzer.run": {"executed_lines": [70, 71, 72, 73, 74, 81, 82, 83, 84, 85, 86, 95, 96, 97], "summary": {"covered_lines": 14, "num_statements": 20, "percent_covered": 70.0, "percent_covered_display": "70", "missing_lines": 6, "excluded_lines": 0}, "missing_lines": [75, 76, 77, 78, 79, 80], "excluded_lines": []}, "": {"executed_lines": [1, 11, 13, 14, 15, 17, 18, 20, 22, 29, 45, 46, 56, 58], "summary": {"covered_lines": 12, "num_statements": 12, "percent_covered": 100.0, "percent_covered_display": "100", "missing_lines": 0, "excluded_lines": 0}, "missing_lines": [], "excluded_lines": []}}, "classes": {"WeaknessAnalyzer": {"executed_lines": [70, 71, 72, 73, 74, 81, 82, 83, 84, 85, 86, 95, 96, 97], "summary": {"covered_lines": 14, "num_statements": 20, "percent_covered": 70.0, "percent_covered_display": "70", "missing_lines": 6, "excluded_lines": 0}, "missing_lines": [75, 76, 77, 78, 79, 80], "excluded_lines": []}, "": {"executed_lines": [1, 11, 13, 14, 15, 17, 18, 20, 22, 29, 38, 40, 42, 45, 46, 56, 58], "summary": {"covered_lines": 15, "num_statements": 17, "percent_covered": 88.23529411764706, "percent_covered_display": "88", "missing_lines": 2, "excluded_lines": 0}, "missing_lines": [39, 41], "excluded_lines": []}}}, "repoq/cli.py": {"executed_lines": [], "summary": {"covered_lines": 0, "num_statements": 328, "percent_covered": 0.0, "percent_covered_display": "0", "missing_lines": 328, "excluded_lines": 0}, "missing_lines": [16, 18, 19, 20, 21, 22, 23, 24, 26, 27, 28, 30, 31, 32, 33, 34, 35, 37, 39, 50, 66, 67, 68, 70, 71, 72, 73, 76, 86, 87, 89, 90, 91, 92, 93, 94, 97, 111, 112, 113, 121, 139, 140, 141, 144, 145, 159, 160, 163, 164, 215, 233, 234, 274, 288, 289, 345, 365, 366, 390, 391, 392, 393, 394, 395, 396, 397, 398, 401, 450, 451, 452, 457, 459, 461, 476, 478, 479, 482, 483, 485, 486, 487, 488, 489, 490, 491, 492, 493, 494, 495, 497, 498, 499, 500, 501, 503, 504, 506, 507, 509, 510, 512, 513, 515, 516, 518, 519, 522, 524, 527, 528, 529, 531, 532, 533, 535, 536, 538, 541, 543, 544, 545, 547, 553, 554, 557, 558, 559, 560, 561, 562, 563, 564, 567, 569, 572, 573, 575, 578, 579, 615, 617, 618, 619, 620, 622, 623, 625, 627, 628, 629, 631, 632, 633, 635, 637, 638, 641, 642, 643, 644, 645, 646, 649, 650, 651, 653, 654, 655, 657, 659, 660, 663, 664, 667, 668, 669, 671, 672, 674, 675, 677, 678, 679, 681, 682, 683, 685, 686, 689, 690, 738, 740, 742, 743, 744, 746, 747, 748, 750, 751, 752, 753, 754, 755, 756, 758, 759, 762, 769, 772, 773, 774, 775, 776, 779, 780, 781, 783, 784, 811, 812, 815, 817, 818, 819, 820, 822, 824, 825, 826, 827, 828, 829, 830, 831, 832, 835, 838, 839, 840, 843, 851, 852, 854, 855, 856, 858, 860, 861, 864, 865, 866, 867, 868, 869, 871, 872, 874, 875, 882, 883, 884, 885, 886, 887, 889, 890, 892, 893, 894, 895, 896, 897, 898, 900, 901, 903, 904, 907, 909, 910, 911, 914, 915, 918, 925, 926, 929, 931, 933, 934, 936, 944, 946, 947, 950, 952, 954, 955, 956, 958, 959, 960, 962, 963, 964, 965, 967, 968, 971, 973, 975, 976, 977, 979, 980, 981, 983, 984, 985, 986, 987, 989, 990, 993, 994], "excluded_lines": [], "functions": {"_infer_project_id_name": {"executed_lines": [], "summary": {"covered_lines": 0, "num_statements": 7, "percent_covered": 0.0, "percent_covered_display": "0", "missing_lines": 7, "excluded_lines": 0}, "missing_lines": [66, 67, 68, 70, 71, 72, 73], "excluded_lines": []}, "_save_md": {"executed_lines": [], "summary": {"covered_lines": 0, "num_statements": 8, "percent_covered": 0.0, "percent_covered_display": "0", "missing_lines": 8, "excluded_lines": 0}, "missing_lines": [86, 87, 89, 90, 91, 92, 93, 94], "excluded_lines": []}, "_apply_config": {"executed_lines": [], "summary": {"covered_lines": 0, "num_statements": 7, "percent_covered": 0.0, "percent_covered_display": "0", "missing_lines": 7, "excluded_lines": 0}, "missing_lines": [111, 112, 113, 121, 139, 140, 141], "excluded_lines": []}, "main": {"executed_lines": [], "summary": {"covered_lines": 0, "num_statements": 2, "percent_covered": 0.0, "percent_covered_display": "0", "missing_lines": 2, "excluded_lines": 0}, "missing_lines": [159, 160], "excluded_lines": []}, "structure": {"executed_lines": [], "summary": {"covered_lines": 0, "num_statements": 1, "percent_covered": 0.0, "percent_covered_display": "0", "missing_lines": 1, "excluded_lines": 0}, "missing_lines": [215], "excluded_lines": []}, "history": {"executed_lines": [], "summary": {"covered_lines": 0, "num_statements": 1, "percent_covered": 0.0, "percent_covered_display": "0", "missing_lines": 1, "excluded_lines": 0}, "missing_lines": [274], "excluded_lines": []}, "full": {"executed_lines": [], "summary": {"covered_lines": 0, "num_statements": 1, "percent_covered": 0.0, "percent_covered_display": "0", "missing_lines": 1, "excluded_lines": 0}, "missing_lines": [345], "excluded_lines": []}, "diff": {"executed_lines": [], "summary": {"covered_lines": 0, "num_statements": 9, "percent_covered": 0.0, "percent_covered_display": "0", "missing_lines": 9, "excluded_lines": 0}, "missing_lines": [390, 391, 392, 393, 394, 395, 396, 397, 398], "excluded_lines": []}, "_run_command": {"executed_lines": [], "summary": {"covered_lines": 0, "num_statements": 70, "percent_covered": 0.0, "percent_covered_display": "0", "missing_lines": 70, "excluded_lines": 0}, "missing_lines": [450, 451, 452, 457, 459, 461, 476, 478, 479, 482, 483, 485, 486, 487, 488, 489, 490, 491, 492, 493, 494, 495, 497, 498, 499, 500, 501, 503, 504, 506, 507, 509, 510, 512, 513, 515, 516, 518, 519, 522, 524, 527, 528, 529, 531, 532, 533, 535, 536, 538, 541, 543, 544, 545, 547, 553, 554, 557, 558, 559, 560, 561, 562, 563, 564, 567, 569, 572, 573, 575], "excluded_lines": []}, "verify": {"executed_lines": [], "summary": {"covered_lines": 0, "num_statements": 49, "percent_covered": 0.0, "percent_covered_display": "0", "missing_lines": 49, "excluded_lines": 0}, "missing_lines": [615, 617, 618, 619, 620, 622, 623, 625, 627, 628, 629, 631, 632, 633, 635, 637, 638, 641, 642, 643, 644, 645, 646, 649, 650, 651, 653, 654, 655, 657, 659, 660, 663, 664, 667, 668, 669, 671, 672, 674, 675, 677, 678, 679, 681, 682, 683, 685, 686], "excluded_lines": []}, "gate": {"executed_lines": [], "summary": {"covered_lines": 0, "num_statements": 46, "percent_covered": 0.0, "percent_covered_display": "0", "missing_lines": 46, "excluded_lines": 0}, "missing_lines": [738, 740, 742, 743, 744, 746, 747, 748, 750, 751, 752, 753, 754, 755, 756, 758, 759, 762, 769, 772, 773, 774, 775, 776, 779, 780, 781, 783, 784, 811, 812, 815, 817, 818, 819, 820, 822, 824, 825, 826, 827, 828, 829, 830, 831, 832], "excluded_lines": []}, "_run_trs_verification": {"executed_lines": [], "summary": {"covered_lines": 0, "num_statements": 41, "percent_covered": 0.0, "percent_covered_display": "0", "missing_lines": 41, "excluded_lines": 0}, "missing_lines": [838, 839, 840, 843, 851, 852, 854, 855, 856, 858, 860, 861, 864, 865, 866, 867, 868, 869, 871, 872, 874, 875, 882, 883, 884, 885, 886, 887, 889, 890, 892, 893, 894, 895, 896, 897, 898, 900, 901, 903, 904], "excluded_lines": []}, "_run_self_application": {"executed_lines": [], "summary": {"covered_lines": 0, "num_statements": 16, "percent_covered": 0.0, "percent_covered_display": "0", "missing_lines": 16, "excluded_lines": 0}, "missing_lines": [909, 910, 911, 914, 915, 918, 925, 926, 929, 931, 933, 934, 936, 944, 946, 947], "excluded_lines": []}, "_print_trs_summary": {"executed_lines": [], "summary": {"covered_lines": 0, "num_statements": 13, "percent_covered": 0.0, "percent_covered_display": "0", "missing_lines": 13, "excluded_lines": 0}, "missing_lines": [952, 954, 955, 956, 958, 959, 960, 962, 963, 964, 965, 967, 968], "excluded_lines": []}, "_print_self_summary": {"executed_lines": [], "summary": {"covered_lines": 0, "num_statements": 14, "percent_covered": 0.0, "percent_covered_display": "0", "missing_lines": 14, "excluded_lines": 0}, "missing_lines": [973, 975, 976, 977, 979, 980, 981, 983, 984, 985, 986, 987, 989, 990], "excluded_lines": []}, "": {"executed_lines": [], "summary": {"covered_lines": 0, "num_statements": 43, "percent_covered": 0.0, "percent_covered_display": "0", "missing_lines": 43, "excluded_lines": 0}, "missing_lines": [16, 18, 19, 20, 21, 22, 23, 24, 26, 27, 28, 30, 31, 32, 33, 34, 35, 37, 39, 50, 76, 97, 144, 145, 163, 164, 233, 234, 288, 289, 365, 366, 401, 578, 579, 689, 690, 835, 907, 950, 971, 993, 994], "excluded_lines": []}}, "classes": {"": {"executed_lines": [], "summary": {"covered_lines": 0, "num_statements": 328, "percent_covered": 0.0, "percent_covered_display": "0", "missing_lines": 328, "excluded_lines": 0}, "missing_lines": [16, 18, 19, 20, 21, 22, 23, 24, 26, 27, 28, 30, 31, 32, 33, 34, 35, 37, 39, 50, 66, 67, 68, 70, 71, 72, 73, 76, 86, 87, 89, 90, 91, 92, 93, 94, 97, 111, 112, 113, 121, 139, 140, 141, 144, 145, 159, 160, 163, 164, 215, 233, 234, 274, 288, 289, 345, 365, 366, 390, 391, 392, 393, 394, 395, 396, 397, 398, 401, 450, 451, 452, 457, 459, 461, 476, 478, 479, 482, 483, 485, 486, 487, 488, 489, 490, 491, 492, 493, 494, 495, 497, 498, 499, 500, 501, 503, 504, 506, 507, 509, 510, 512, 513, 515, 516, 518, 519, 522, 524, 527, 528, 529, 531, 532, 533, 535, 536, 538, 541, 543, 544, 545, 547, 553, 554, 557, 558, 559, 560, 561, 562, 563, 564, 567, 569, 572, 573, 575, 578, 579, 615, 617, 618, 619, 620, 622, 623, 625, 627, 628, 629, 631, 632, 633, 635, 637, 638, 641, 642, 643, 644, 645, 646, 649, 650, 651, 653, 654, 655, 657, 659, 660, 663, 664, 667, 668, 669, 671, 672, 674, 675, 677, 678, 679, 681, 682, 683, 685, 686, 689, 690, 738, 740, 742, 743, 744, 746, 747, 748, 750, 751, 752, 753, 754, 755, 756, 758, 759, 762, 769, 772, 773, 774, 775, 776, 779, 780, 781, 783, 784, 811, 812, 815, 817, 818, 819, 820, 822, 824, 825, 826, 827, 828, 829, 830, 831, 832, 835, 838, 839, 840, 843, 851, 852, 854, 855, 856, 858, 860, 861, 864, 865, 866, 867, 868, 869, 871, 872, 874, 875, 882, 883, 884, 885, 886, 887, 889, 890, 892, 893, 894, 895, 896, 897, 898, 900, 901, 903, 904, 907, 909, 910, 911, 914, 915, 918, 925, 926, 929, 931, 933, 934, 936, 944, 946, 947, 950, 952, 954, 955, 956, 958, 959, 960, 962, 963, 964, 965, 967, 968, 971, 973, 975, 976, 977, 979, 980, 981, 983, 984, 985, 986, 987, 989, 990, 993, 994], "excluded_lines": []}}}, "repoq/config/__init__.py": {"executed_lines": [1, 8, 10], "summary": {"covered_lines": 2, "num_statements": 2, "percent_covered": 100.0, "percent_covered_display": "100", "missing_lines": 0, "excluded_lines": 0}, "missing_lines": [], "excluded_lines": [], "functions": {"": {"executed_lines": [1, 8, 10], "summary": {"covered_lines": 2, "num_statements": 2, "percent_covered": 100.0, "percent_covered_display": "100", "missing_lines": 0, "excluded_lines": 0}, "missing_lines": [], "excluded_lines": []}}, "classes": {"": {"executed_lines": [1, 8, 10], "summary": {"covered_lines": 2, "num_statements": 2, "percent_covered": 100.0, "percent_covered_display": "100", "missing_lines": 0, "excluded_lines": 0}, "missing_lines": [], "excluded_lines": []}}}, "repoq/config/quality_policy.py": {"executed_lines": [1, 44, 46, 47, 48, 50, 54, 55, 56, 57, 58, 59, 62, 63, 64, 70, 71, 73, 74, 76, 82, 83, 84, 85, 88, 89, 90, 96, 97, 99, 100, 102, 110, 111, 112, 118, 119, 121, 122, 124, 132, 133, 134, 141, 142, 143, 145, 146, 148, 155, 156, 157, 164, 165, 166, 168, 177, 179, 181, 182, 184, 191, 192, 193, 200, 201, 202, 204, 213, 215, 216, 218, 225, 226, 227, 233, 234, 236, 237, 239, 241, 244, 250, 251, 252, 261, 262, 263, 264, 265, 267, 276, 279, 280, 285, 286, 287, 288, 293, 294, 295, 296, 301, 302, 303, 304, 309, 310, 312, 324, 326, 330, 331, 332, 333, 334, 337, 338, 339, 343, 352, 353, 355, 361, 363, 398, 399, 402, 403, 405, 414, 417, 420, 423, 424, 426, 429, 430, 433, 446, 447, 449, 450, 452, 459, 460], "summary": {"covered_lines": 133, "num_statements": 147, "percent_covered": 90.47619047619048, "percent_covered_display": "90", "missing_lines": 14, "excluded_lines": 0}, "missing_lines": [178, 240, 242, 282, 290, 298, 306, 327, 340, 418, 421, 425, 427, 457], "excluded_lines": [], "functions": {"GateConfig.from_dict": {"executed_lines": [76], "summary": {"covered_lines": 1, "num_statements": 1, "percent_covered": 100.0, "percent_covered_display": "100", "missing_lines": 0, "excluded_lines": 0}, "missing_lines": [], "excluded_lines": []}, "ConfluenceGateConfig.from_dict": {"executed_lines": [102], "summary": {"covered_lines": 1, "num_statements": 1, "percent_covered": 100.0, "percent_covered_display": "100", "missing_lines": 0, "excluded_lines": 0}, "missing_lines": [], "excluded_lines": []}, "TerminationGateConfig.from_dict": {"executed_lines": [124], "summary": {"covered_lines": 1, "num_statements": 1, "percent_covered": 100.0, "percent_covered_display": "100", "missing_lines": 0, "excluded_lines": 0}, "missing_lines": [], "excluded_lines": []}, "GatesConfig.from_dict": {"executed_lines": [148], "summary": {"covered_lines": 1, "num_statements": 1, "percent_covered": 100.0, "percent_covered_display": "100", "missing_lines": 0, "excluded_lines": 0}, "missing_lines": [], "excluded_lines": []}, "StratificationConfig.is_valid_self_analysis_level": {"executed_lines": [177, 179], "summary": {"covered_lines": 2, "num_statements": 3, "percent_covered": 66.66666666666667, "percent_covered_display": "67", "missing_lines": 1, "excluded_lines": 0}, "missing_lines": [178], "excluded_lines": []}, "StratificationConfig.from_dict": {"executed_lines": [184], "summary": {"covered_lines": 1, "num_statements": 1, "percent_covered": 100.0, "percent_covered_display": "100", "missing_lines": 0, "excluded_lines": 0}, "missing_lines": [], "excluded_lines": []}, "QualityThresholdsConfig.validate_coverage": {"executed_lines": [213], "summary": {"covered_lines": 1, "num_statements": 1, "percent_covered": 100.0, "percent_covered_display": "100", "missing_lines": 0, "excluded_lines": 0}, "missing_lines": [], "excluded_lines": []}, "QualityThresholdsConfig.from_dict": {"executed_lines": [218], "summary": {"covered_lines": 1, "num_statements": 1, "percent_covered": 100.0, "percent_covered_display": "100", "missing_lines": 0, "excluded_lines": 0}, "missing_lines": [], "excluded_lines": []}, "ProjectConfig.from_dict": {"executed_lines": [239, 241, 244], "summary": {"covered_lines": 3, "num_statements": 5, "percent_covered": 60.0, "percent_covered_display": "60", "missing_lines": 2, "excluded_lines": 0}, "missing_lines": [240, 242], "excluded_lines": []}, "QualityPolicy.__init__": {"executed_lines": [276, 279, 280, 285, 286, 287, 288, 293, 294, 295, 296, 301, 302, 303, 304], "summary": {"covered_lines": 15, "num_statements": 19, "percent_covered": 78.94736842105263, "percent_covered_display": "79", "missing_lines": 4, "excluded_lines": 0}, "missing_lines": [282, 290, 298, 306], "excluded_lines": []}, "QualityPolicyParser.parse": {"executed_lines": [324, 326, 330, 331, 332, 333, 334, 337, 338, 339, 343], "summary": {"covered_lines": 11, "num_statements": 13, "percent_covered": 84.61538461538461, "percent_covered_display": "85", "missing_lines": 2, "excluded_lines": 0}, "missing_lines": [327, 340], "excluded_lines": []}, "QualityPolicyGenerator.generate_default": {"executed_lines": [361, 363, 398, 399], "summary": {"covered_lines": 4, "num_statements": 4, "percent_covered": 100.0, "percent_covered_display": "100", "missing_lines": 0, "excluded_lines": 0}, "missing_lines": [], "excluded_lines": []}, "QualityPolicyValidator.validate": {"executed_lines": [414, 417, 420, 423, 424, 426, 429, 430], "summary": {"covered_lines": 8, "num_statements": 12, "percent_covered": 66.66666666666667, "percent_covered_display": "67", "missing_lines": 4, "excluded_lines": 0}, "missing_lines": [418, 421, 425, 427], "excluded_lines": []}, "load_policy": {"executed_lines": [446, 447, 449, 450, 452, 459, 460], "summary": {"covered_lines": 7, "num_statements": 8, "percent_covered": 87.5, "percent_covered_display": "88", "missing_lines": 1, "excluded_lines": 0}, "missing_lines": [457], "excluded_lines": []}, "": {"executed_lines": [1, 44, 46, 47, 48, 50, 54, 55, 56, 57, 58, 59, 62, 63, 64, 70, 71, 73, 74, 82, 83, 84, 85, 88, 89, 90, 96, 97, 99, 100, 110, 111, 112, 118, 119, 121, 122, 132, 133, 134, 141, 142, 143, 145, 146, 155, 156, 157, 164, 165, 166, 168, 181, 182, 191, 192, 193, 200, 201, 202, 204, 215, 216, 225, 226, 227, 233, 234, 236, 237, 250, 251, 252, 261, 262, 263, 264, 265, 267, 309, 310, 312, 352, 353, 355, 402, 403, 405, 433], "summary": {"covered_lines": 76, "num_statements": 76, "percent_covered": 100.0, "percent_covered_display": "100", "missing_lines": 0, "excluded_lines": 0}, "missing_lines": [], "excluded_lines": []}}, "classes": {"GateConfig": {"executed_lines": [76], "summary": {"covered_lines": 1, "num_statements": 1, "percent_covered": 100.0, "percent_covered_display": "100", "missing_lines": 0, "excluded_lines": 0}, "missing_lines": [], "excluded_lines": []}, "SoundnessGateConfig": {"executed_lines": [], "summary": {"covered_lines": 0, "num_statements": 0, "percent_covered": 100.0, "percent_covered_display": "100", "missing_lines": 0, "excluded_lines": 0}, "missing_lines": [], "excluded_lines": []}, "ConfluenceGateConfig": {"executed_lines": [102], "summary": {"covered_lines": 1, "num_statements": 1, "percent_covered": 100.0, "percent_covered_display": "100", "missing_lines": 0, "excluded_lines": 0}, "missing_lines": [], "excluded_lines": []}, "TerminationGateConfig": {"executed_lines": [124], "summary": {"covered_lines": 1, "num_statements": 1, "percent_covered": 100.0, "percent_covered_display": "100", "missing_lines": 0, "excluded_lines": 0}, "missing_lines": [], "excluded_lines": []}, "GatesConfig": {"executed_lines": [148], "summary": {"covered_lines": 1, "num_statements": 1, "percent_covered": 100.0, "percent_covered_display": "100", "missing_lines": 0, "excluded_lines": 0}, "missing_lines": [], "excluded_lines": []}, "StratificationConfig": {"executed_lines": [177, 179, 184], "summary": {"covered_lines": 3, "num_statements": 4, "percent_covered": 75.0, "percent_covered_display": "75", "missing_lines": 1, "excluded_lines": 0}, "missing_lines": [178], "excluded_lines": []}, "QualityThresholdsConfig": {"executed_lines": [213, 218], "summary": {"covered_lines": 2, "num_statements": 2, "percent_covered": 100.0, "percent_covered_display": "100", "missing_lines": 0, "excluded_lines": 0}, "missing_lines": [], "excluded_lines": []}, "ProjectConfig": {"executed_lines": [239, 241, 244], "summary": {"covered_lines": 3, "num_statements": 5, "percent_covered": 60.0, "percent_covered_display": "60", "missing_lines": 2, "excluded_lines": 0}, "missing_lines": [240, 242], "excluded_lines": []}, "QualityPolicy": {"executed_lines": [276, 279, 280, 285, 286, 287, 288, 293, 294, 295, 296, 301, 302, 303, 304], "summary": {"covered_lines": 15, "num_statements": 19, "percent_covered": 78.94736842105263, "percent_covered_display": "79", "missing_lines": 4, "excluded_lines": 0}, "missing_lines": [282, 290, 298, 306], "excluded_lines": []}, "QualityPolicyParser": {"executed_lines": [324, 326, 330, 331, 332, 333, 334, 337, 338, 339, 343], "summary": {"covered_lines": 11, "num_statements": 13, "percent_covered": 84.61538461538461, "percent_covered_display": "85", "missing_lines": 2, "excluded_lines": 0}, "missing_lines": [327, 340], "excluded_lines": []}, "QualityPolicyGenerator": {"executed_lines": [361, 363, 398, 399], "summary": {"covered_lines": 4, "num_statements": 4, "percent_covered": 100.0, "percent_covered_display": "100", "missing_lines": 0, "excluded_lines": 0}, "missing_lines": [], "excluded_lines": []}, "QualityPolicyValidator": {"executed_lines": [414, 417, 420, 423, 424, 426, 429, 430], "summary": {"covered_lines": 8, "num_statements": 12, "percent_covered": 66.66666666666667, "percent_covered_display": "67", "missing_lines": 4, "excluded_lines": 0}, "missing_lines": [418, 421, 425, 427], "excluded_lines": []}, "": {"executed_lines": [1, 44, 46, 47, 48, 50, 54, 55, 56, 57, 58, 59, 62, 63, 64, 70, 71, 73, 74, 82, 83, 84, 85, 88, 89, 90, 96, 97, 99, 100, 110, 111, 112, 118, 119, 121, 122, 132, 133, 134, 141, 142, 143, 145, 146, 155, 156, 157, 164, 165, 166, 168, 181, 182, 191, 192, 193, 200, 201, 202, 204, 215, 216, 225, 226, 227, 233, 234, 236, 237, 250, 251, 252, 261, 262, 263, 264, 265, 267, 309, 310, 312, 352, 353, 355, 402, 403, 405, 433, 446, 447, 449, 450, 452, 459, 460], "summary": {"covered_lines": 83, "num_statements": 84, "percent_covered": 98.80952380952381, "percent_covered_display": "99", "missing_lines": 1, "excluded_lines": 0}, "missing_lines": [457], "excluded_lines": []}}}, "repoq/config/settings.py": {"executed_lines": [1, 13, 15, 16, 17, 18, 20, 22, 25, 26, 27, 36, 37, 38, 39, 42, 43, 44, 72, 73, 74, 75, 86, 87, 88, 89, 90, 91, 92, 93, 94, 95, 96, 97, 98, 99, 100, 103], "summary": {"covered_lines": 35, "num_statements": 51, "percent_covered": 68.62745098039215, "percent_covered_display": "69", "missing_lines": 16, "excluded_lines": 0}, "missing_lines": [121, 122, 124, 125, 126, 128, 129, 130, 131, 132, 133, 134, 135, 136, 137, 138], "excluded_lines": [], "functions": {"load_config": {"executed_lines": [], "summary": {"covered_lines": 0, "num_statements": 16, "percent_covered": 0.0, "percent_covered_display": "0", "missing_lines": 16, "excluded_lines": 0}, "missing_lines": [121, 122, 124, 125, 126, 128, 129, 130, 131, 132, 133, 134, 135, 136, 137, 138], "excluded_lines": []}, "": {"executed_lines": [1, 13, 15, 16, 17, 18, 20, 22, 25, 26, 27, 36, 37, 38, 39, 42, 43, 44, 72, 73, 74, 75, 86, 87, 88, 89, 90, 91, 92, 93, 94, 95, 96, 97, 98, 99, 100, 103], "summary": {"covered_lines": 35, "num_statements": 35, "percent_covered": 100.0, "percent_covered_display": "100", "missing_lines": 0, "excluded_lines": 0}, "missing_lines": [], "excluded_lines": []}}, "classes": {"Thresholds": {"executed_lines": [], "summary": {"covered_lines": 0, "num_statements": 0, "percent_covered": 100.0, "percent_covered_display": "100", "missing_lines": 0, "excluded_lines": 0}, "missing_lines": [], "excluded_lines": []}, "AnalyzeConfig": {"executed_lines": [], "summary": {"covered_lines": 0, "num_statements": 0, "percent_covered": 100.0, "percent_covered_display": "100", "missing_lines": 0, "excluded_lines": 0}, "missing_lines": [], "excluded_lines": []}, "": {"executed_lines": [1, 13, 15, 16, 17, 18, 20, 22, 25, 26, 27, 36, 37, 38, 39, 42, 43, 44, 72, 73, 74, 75, 86, 87, 88, 89, 90, 91, 92, 93, 94, 95, 96, 97, 98, 99, 100, 103], "summary": {"covered_lines": 35, "num_statements": 51, "percent_covered": 68.62745098039215, "percent_covered_display": "69", "missing_lines": 16, "excluded_lines": 0}, "missing_lines": [121, 122, 124, 125, 126, 128, 129, 130, 131, 132, 133, 134, 135, 136, 137, 138], "excluded_lines": []}}}, "repoq/core/deps.py": {"executed_lines": [1, 10, 12, 13, 14, 15, 17, 19, 20, 25, 42, 43, 57, 58, 59, 62, 65, 68], "summary": {"covered_lines": 17, "num_statements": 41, "percent_covered": 41.46341463414634, "percent_covered_display": "41", "missing_lines": 24, "excluded_lines": 0}, "missing_lines": [44, 45, 46, 47, 48, 49, 50, 51, 52, 53, 54, 55, 56, 60, 61, 63, 64, 89, 90, 91, 92, 93, 94, 95], "excluded_lines": [], "functions": {"python_imports": {"executed_lines": [42, 43, 57, 58, 59, 62, 65], "summary": {"covered_lines": 7, "num_statements": 24, "percent_covered": 29.166666666666668, "percent_covered_display": "29", "missing_lines": 17, "excluded_lines": 0}, "missing_lines": [44, 45, 46, 47, 48, 49, 50, 51, 52, 53, 54, 55, 56, 60, 61, 63, 64], "excluded_lines": []}, "js_imports": {"executed_lines": [], "summary": {"covered_lines": 0, "num_statements": 7, "percent_covered": 0.0, "percent_covered_display": "0", "missing_lines": 7, "excluded_lines": 0}, "missing_lines": [89, 90, 91, 92, 93, 94, 95], "excluded_lines": []}, "": {"executed_lines": [1, 10, 12, 13, 14, 15, 17, 19, 20, 25, 68], "summary": {"covered_lines": 10, "num_statements": 10, "percent_covered": 100.0, "percent_covered_display": "100", "missing_lines": 0, "excluded_lines": 0}, "missing_lines": [], "excluded_lines": []}}, "classes": {"": {"executed_lines": [1, 10, 12, 13, 14, 15, 17, 19, 20, 25, 42, 43, 57, 58, 59, 62, 65, 68], "summary": {"covered_lines": 17, "num_statements": 41, "percent_covered": 41.46341463414634, "percent_covered_display": "41", "missing_lines": 24, "excluded_lines": 0}, "missing_lines": [44, 45, 46, 47, 48, 49, 50, 51, 52, 53, 54, 55, 56, 60, 61, 63, 64, 89, 90, 91, 92, 93, 94, 95], "excluded_lines": []}}}, "repoq/core/model.py": {"executed_lines": [1, 8, 10, 11, 12, 15, 31, 33, 36, 59, 61, 64, 65, 66, 82, 83, 84, 85, 86, 87, 88, 89, 92, 93, 94, 112, 113, 114, 115, 116, 117, 118, 119, 120, 121, 124, 125, 126, 151, 152, 153, 154, 155, 156, 157, 158, 159, 160, 161, 162, 163, 164, 165, 166, 167, 170, 171, 172, 190, 191, 192, 193, 194, 195, 196, 197, 198, 199, 200, 203, 204, 205, 216, 217, 218, 219, 220, 221, 224, 225, 226, 234, 235, 236, 239, 240, 241, 250, 251, 252, 253, 256, 257, 258, 268, 269, 270, 271, 272, 275, 276, 277, 285, 286, 287, 290, 291, 292, 302, 303, 304, 305, 306, 309, 310, 311, 338, 339, 340, 341, 342, 343, 344, 345, 346, 347, 348, 349, 350, 351, 352, 353, 354, 355, 357], "summary": {"covered_lines": 123, "num_statements": 126, "percent_covered": 97.61904761904762, "percent_covered_display": "98", "missing_lines": 3, "excluded_lines": 0}, "missing_lines": [32, 60, 364], "excluded_lines": [], "functions": {"hash_email": {"executed_lines": [31, 33], "summary": {"covered_lines": 2, "num_statements": 3, "percent_covered": 66.66666666666667, "percent_covered_display": "67", "missing_lines": 1, "excluded_lines": 0}, "missing_lines": [32], "excluded_lines": []}, "foaf_sha1": {"executed_lines": [59, 61], "summary": {"covered_lines": 2, "num_statements": 3, "percent_covered": 66.66666666666667, "percent_covered_display": "67", "missing_lines": 1, "excluded_lines": 0}, "missing_lines": [60], "excluded_lines": []}, "Project.to_dict": {"executed_lines": [], "summary": {"covered_lines": 0, "num_statements": 1, "percent_covered": 0.0, "percent_covered_display": "0", "missing_lines": 1, "excluded_lines": 0}, "missing_lines": [364], "excluded_lines": []}, "": {"executed_lines": [1, 8, 10, 11, 12, 15, 36, 64, 65, 66, 82, 83, 84, 85, 86, 87, 88, 89, 92, 93, 94, 112, 113, 114, 115, 116, 117, 118, 119, 120, 121, 124, 125, 126, 151, 152, 153, 154, 155, 156, 157, 158, 159, 160, 161, 162, 163, 164, 165, 166, 167, 170, 171, 172, 190, 191, 192, 193, 194, 195, 196, 197, 198, 199, 200, 203, 204, 205, 216, 217, 218, 219, 220, 221, 224, 225, 226, 234, 235, 236, 239, 240, 241, 250, 251, 252, 253, 256, 257, 258, 268, 269, 270, 271, 272, 275, 276, 277, 285, 286, 287, 290, 291, 292, 302, 303, 304, 305, 306, 309, 310, 311, 338, 339, 340, 341, 342, 343, 344, 345, 346, 347, 348, 349, 350, 351, 352, 353, 354, 355, 357], "summary": {"covered_lines": 119, "num_statements": 119, "percent_covered": 100.0, "percent_covered_display": "100", "missing_lines": 0, "excluded_lines": 0}, "missing_lines": [], "excluded_lines": []}}, "classes": {"Issue": {"executed_lines": [], "summary": {"covered_lines": 0, "num_statements": 0, "percent_covered": 100.0, "percent_covered_display": "100", "missing_lines": 0, "excluded_lines": 0}, "missing_lines": [], "excluded_lines": []}, "Person": {"executed_lines": [], "summary": {"covered_lines": 0, "num_statements": 0, "percent_covered": 100.0, "percent_covered_display": "100", "missing_lines": 0, "excluded_lines": 0}, "missing_lines": [], "excluded_lines": []}, "File": {"executed_lines": [], "summary": {"covered_lines": 0, "num_statements": 0, "percent_covered": 100.0, "percent_covered_display": "100", "missing_lines": 0, "excluded_lines": 0}, "missing_lines": [], "excluded_lines": []}, "Module": {"executed_lines": [], "summary": {"covered_lines": 0, "num_statements": 0, "percent_covered": 100.0, "percent_covered_display": "100", "missing_lines": 0, "excluded_lines": 0}, "missing_lines": [], "excluded_lines": []}, "DependencyEdge": {"executed_lines": [], "summary": {"covered_lines": 0, "num_statements": 0, "percent_covered": 100.0, "percent_covered_display": "100", "missing_lines": 0, "excluded_lines": 0}, "missing_lines": [], "excluded_lines": []}, "CouplingEdge": {"executed_lines": [], "summary": {"covered_lines": 0, "num_statements": 0, "percent_covered": 100.0, "percent_covered_display": "100", "missing_lines": 0, "excluded_lines": 0}, "missing_lines": [], "excluded_lines": []}, "Commit": {"executed_lines": [], "summary": {"covered_lines": 0, "num_statements": 0, "percent_covered": 100.0, "percent_covered_display": "100", "missing_lines": 0, "excluded_lines": 0}, "missing_lines": [], "excluded_lines": []}, "VersionResource": {"executed_lines": [], "summary": {"covered_lines": 0, "num_statements": 0, "percent_covered": 100.0, "percent_covered_display": "100", "missing_lines": 0, "excluded_lines": 0}, "missing_lines": [], "excluded_lines": []}, "TestCase": {"executed_lines": [], "summary": {"covered_lines": 0, "num_statements": 0, "percent_covered": 100.0, "percent_covered_display": "100", "missing_lines": 0, "excluded_lines": 0}, "missing_lines": [], "excluded_lines": []}, "TestResult": {"executed_lines": [], "summary": {"covered_lines": 0, "num_statements": 0, "percent_covered": 100.0, "percent_covered_display": "100", "missing_lines": 0, "excluded_lines": 0}, "missing_lines": [], "excluded_lines": []}, "Project": {"executed_lines": [], "summary": {"covered_lines": 0, "num_statements": 1, "percent_covered": 0.0, "percent_covered_display": "0", "missing_lines": 1, "excluded_lines": 0}, "missing_lines": [364], "excluded_lines": []}, "": {"executed_lines": [1, 8, 10, 11, 12, 15, 31, 33, 36, 59, 61, 64, 65, 66, 82, 83, 84, 85, 86, 87, 88, 89, 92, 93, 94, 112, 113, 114, 115, 116, 117, 118, 119, 120, 121, 124, 125, 126, 151, 152, 153, 154, 155, 156, 157, 158, 159, 160, 161, 162, 163, 164, 165, 166, 167, 170, 171, 172, 190, 191, 192, 193, 194, 195, 196, 197, 198, 199, 200, 203, 204, 205, 216, 217, 218, 219, 220, 221, 224, 225, 226, 234, 235, 236, 239, 240, 241, 250, 251, 252, 253, 256, 257, 258, 268, 269, 270, 271, 272, 275, 276, 277, 285, 286, 287, 290, 291, 292, 302, 303, 304, 305, 306, 309, 310, 311, 338, 339, 340, 341, 342, 343, 344, 345, 346, 347, 348, 349, 350, 351, 352, 353, 354, 355, 357], "summary": {"covered_lines": 123, "num_statements": 125, "percent_covered": 98.4, "percent_covered_display": "98", "missing_lines": 2, "excluded_lines": 0}, "missing_lines": [32, 60], "excluded_lines": []}}}, "repoq/core/stratification_guard.py": {"executed_lines": [1, 18, 20, 21, 23, 27, 28, 29, 35, 36, 39, 40, 41, 47, 48, 51, 52, 76, 82, 83, 85, 107, 109, 111, 113, 119, 124, 142, 144, 170, 171, 176, 177, 181, 183, 214, 217, 218, 223, 224, 225, 230, 232, 234, 244, 246, 255, 256, 258, 268, 270, 275, 286, 288, 299, 300, 302, 317, 318, 320, 322, 323, 338, 339, 341, 364, 365, 369, 370], "summary": {"covered_lines": 64, "num_statements": 68, "percent_covered": 94.11764705882354, "percent_covered_display": "94", "missing_lines": 4, "excluded_lines": 2}, "missing_lines": [271, 273, 366, 375], "excluded_lines": [23, 24], "functions": {"StratificationGuard.__init__": {"executed_lines": [82, 83], "summary": {"covered_lines": 2, "num_statements": 2, "percent_covered": 100.0, "percent_covered_display": "100", "missing_lines": 0, "excluded_lines": 0}, "missing_lines": [], "excluded_lines": []}, "StratificationGuard.check_transition": {"executed_lines": [107, 109, 111, 113, 119], "summary": {"covered_lines": 5, "num_statements": 5, "percent_covered": 100.0, "percent_covered_display": "100", "missing_lines": 0, "excluded_lines": 0}, "missing_lines": [], "excluded_lines": []}, "StratificationGuard.quote": {"executed_lines": [142], "summary": {"covered_lines": 1, "num_statements": 1, "percent_covered": 100.0, "percent_covered_display": "100", "missing_lines": 0, "excluded_lines": 0}, "missing_lines": [], "excluded_lines": []}, "StratificationGuard.unquote": {"executed_lines": [170, 171, 176, 177, 181], "summary": {"covered_lines": 5, "num_statements": 5, "percent_covered": 100.0, "percent_covered_display": "100", "missing_lines": 0, "excluded_lines": 0}, "missing_lines": [], "excluded_lines": []}, "StratificationGuard.meta_eval": {"executed_lines": [214, 217, 218, 223, 224, 225, 230, 232], "summary": {"covered_lines": 8, "num_statements": 8, "percent_covered": 100.0, "percent_covered_display": "100", "missing_lines": 0, "excluded_lines": 0}, "missing_lines": [], "excluded_lines": []}, "StratificationGuard._has_cycle": {"executed_lines": [244], "summary": {"covered_lines": 1, "num_statements": 1, "percent_covered": 100.0, "percent_covered_display": "100", "missing_lines": 0, "excluded_lines": 0}, "missing_lines": [], "excluded_lines": []}, "StratificationGuard._exceeds_max_depth": {"executed_lines": [255, 256], "summary": {"covered_lines": 2, "num_statements": 2, "percent_covered": 100.0, "percent_covered_display": "100", "missing_lines": 0, "excluded_lines": 0}, "missing_lines": [], "excluded_lines": []}, "StratificationGuard._safe_eval": {"executed_lines": [268, 270], "summary": {"covered_lines": 2, "num_statements": 4, "percent_covered": 50.0, "percent_covered_display": "50", "missing_lines": 2, "excluded_lines": 0}, "missing_lines": [271, 273], "excluded_lines": []}, "StratificationGuard.get_current_level": {"executed_lines": [286], "summary": {"covered_lines": 1, "num_statements": 1, "percent_covered": 100.0, "percent_covered_display": "100", "missing_lines": 0, "excluded_lines": 0}, "missing_lines": [], "excluded_lines": []}, "StratificationGuard.push_level": {"executed_lines": [299, 300], "summary": {"covered_lines": 2, "num_statements": 2, "percent_covered": 100.0, "percent_covered_display": "100", "missing_lines": 0, "excluded_lines": 0}, "missing_lines": [], "excluded_lines": []}, "StratificationGuard.pop_level": {"executed_lines": [317, 318, 320], "summary": {"covered_lines": 3, "num_statements": 3, "percent_covered": 100.0, "percent_covered_display": "100", "missing_lines": 0, "excluded_lines": 0}, "missing_lines": [], "excluded_lines": []}, "StratificationGuard.from_policy": {"executed_lines": [338, 339], "summary": {"covered_lines": 2, "num_statements": 2, "percent_covered": 100.0, "percent_covered_display": "100", "missing_lines": 0, "excluded_lines": 0}, "missing_lines": [], "excluded_lines": []}, "StratificationGuard.check_transition_with_policy": {"executed_lines": [364, 365, 369, 370], "summary": {"covered_lines": 4, "num_statements": 6, "percent_covered": 66.66666666666667, "percent_covered_display": "67", "missing_lines": 2, "excluded_lines": 0}, "missing_lines": [366, 375], "excluded_lines": []}, "": {"executed_lines": [1, 18, 20, 21, 23, 27, 28, 29, 35, 36, 39, 40, 41, 47, 48, 51, 52, 76, 85, 124, 144, 183, 234, 246, 258, 275, 288, 302, 322, 323, 341], "summary": {"covered_lines": 26, "num_statements": 26, "percent_covered": 100.0, "percent_covered_display": "100", "missing_lines": 0, "excluded_lines": 2}, "missing_lines": [], "excluded_lines": [23, 24]}}, "classes": {"TransitionResult": {"executed_lines": [], "summary": {"covered_lines": 0, "num_statements": 0, "percent_covered": 100.0, "percent_covered_display": "100", "missing_lines": 0, "excluded_lines": 0}, "missing_lines": [], "excluded_lines": []}, "LeveledExpression": {"executed_lines": [], "summary": {"covered_lines": 0, "num_statements": 0, "percent_covered": 100.0, "percent_covered_display": "100", "missing_lines": 0, "excluded_lines": 0}, "missing_lines": [], "excluded_lines": []}, "StratificationGuard": {"executed_lines": [82, 83, 107, 109, 111, 113, 119, 142, 170, 171, 176, 177, 181, 214, 217, 218, 223, 224, 225, 230, 232, 244, 255, 256, 268, 270, 286, 299, 300, 317, 318, 320, 338, 339, 364, 365, 369, 370], "summary": {"covered_lines": 38, "num_statements": 42, "percent_covered": 90.47619047619048, "percent_covered_display": "90", "missing_lines": 4, "excluded_lines": 0}, "missing_lines": [271, 273, 366, 375], "excluded_lines": []}, "": {"executed_lines": [1, 18, 20, 21, 23, 27, 28, 29, 35, 36, 39, 40, 41, 47, 48, 51, 52, 76, 85, 124, 144, 183, 234, 246, 258, 275, 288, 302, 322, 323, 341], "summary": {"covered_lines": 26, "num_statements": 26, "percent_covered": 100.0, "percent_covered_display": "100", "missing_lines": 0, "excluded_lines": 2}, "missing_lines": [], "excluded_lines": [23, 24]}}}, "repoq/core/utils.py": {"executed_lines": [1, 9, 11, 12, 13, 14, 16, 18, 53, 68, 69, 70, 71, 74, 90, 91, 92, 93, 96], "summary": {"covered_lines": 18, "num_statements": 35, "percent_covered": 51.42857142857143, "percent_covered_display": "51", "missing_lines": 17, "excluded_lines": 0}, "missing_lines": [118, 119, 120, 121, 122, 124, 126, 127, 128, 129, 130, 131, 132, 133, 134, 135, 136], "excluded_lines": [], "functions": {"guess_language": {"executed_lines": [68, 69, 70, 71], "summary": {"covered_lines": 4, "num_statements": 4, "percent_covered": 100.0, "percent_covered_display": "100", "missing_lines": 0, "excluded_lines": 0}, "missing_lines": [], "excluded_lines": []}, "is_excluded": {"executed_lines": [90, 91, 92, 93], "summary": {"covered_lines": 4, "num_statements": 4, "percent_covered": 100.0, "percent_covered_display": "100", "missing_lines": 0, "excluded_lines": 0}, "missing_lines": [], "excluded_lines": []}, "checksum_file": {"executed_lines": [], "summary": {"covered_lines": 0, "num_statements": 17, "percent_covered": 0.0, "percent_covered_display": "0", "missing_lines": 17, "excluded_lines": 0}, "missing_lines": [118, 119, 120, 121, 122, 124, 126, 127, 128, 129, 130, 131, 132, 133, 134, 135, 136], "excluded_lines": []}, "": {"executed_lines": [1, 9, 11, 12, 13, 14, 16, 18, 53, 74, 96], "summary": {"covered_lines": 10, "num_statements": 10, "percent_covered": 100.0, "percent_covered_display": "100", "missing_lines": 0, "excluded_lines": 0}, "missing_lines": [], "excluded_lines": []}}, "classes": {"": {"executed_lines": [1, 9, 11, 12, 13, 14, 16, 18, 53, 68, 69, 70, 71, 74, 90, 91, 92, 93, 96], "summary": {"covered_lines": 18, "num_statements": 35, "percent_covered": 51.42857142857143, "percent_covered_display": "51", "missing_lines": 17, "excluded_lines": 0}, "missing_lines": [118, 119, 120, 121, 122, 124, 126, 127, 128, 129, 130, 131, 132, 133, 134, 135, 136], "excluded_lines": []}}}, "repoq/gate.py": {"executed_lines": [1, 15, 17, 18, 19, 20, 21, 22, 24, 25, 26, 29, 30, 31, 41, 42, 43, 44, 45, 48, 132, 173, 194, 214, 232, 233, 259, 260, 268], "summary": {"covered_lines": 27, "num_statements": 69, "percent_covered": 39.130434782608695, "percent_covered_display": "39", "missing_lines": 42, "excluded_lines": 1}, "missing_lines": [82, 85, 86, 89, 90, 93, 96, 97, 100, 103, 104, 105, 108, 109, 110, 111, 116, 117, 121, 123, 143, 150, 152, 153, 154, 155, 157, 159, 160, 161, 162, 163, 164, 166, 167, 168, 170, 185, 201, 202, 209, 211], "excluded_lines": [215], "functions": {"run_quality_gate": {"executed_lines": [], "summary": {"covered_lines": 0, "num_statements": 20, "percent_covered": 0.0, "percent_covered_display": "0", "missing_lines": 20, "excluded_lines": 0}, "missing_lines": [82, 85, 86, 89, 90, 93, 96, 97, 100, 103, 104, 105, 108, 109, 110, 111, 116, 117, 121, 123], "excluded_lines": []}, "_analyze_repo": {"executed_lines": [], "summary": {"covered_lines": 0, "num_statements": 17, "percent_covered": 0.0, "percent_covered_display": "0", "missing_lines": 17, "excluded_lines": 0}, "missing_lines": [143, 150, 152, 153, 154, 155, 157, 159, 160, 161, 162, 163, 164, 166, 167, 168, 170], "excluded_lines": []}, "_checkout_ref": {"executed_lines": [], "summary": {"covered_lines": 0, "num_statements": 1, "percent_covered": 0.0, "percent_covered_display": "0", "missing_lines": 1, "excluded_lines": 0}, "missing_lines": [185], "excluded_lines": []}, "_cleanup_worktree": {"executed_lines": [], "summary": {"covered_lines": 0, "num_statements": 4, "percent_covered": 0.0, "percent_covered_display": "0", "missing_lines": 4, "excluded_lines": 0}, "missing_lines": [201, 202, 209, 211], "excluded_lines": []}, "format_gate_report": {"executed_lines": [232, 233, 259, 260, 268], "summary": {"covered_lines": 5, "num_statements": 5, "percent_covered": 100.0, "percent_covered_display": "100", "missing_lines": 0, "excluded_lines": 1}, "missing_lines": [], "excluded_lines": [215]}, "": {"executed_lines": [1, 15, 17, 18, 19, 20, 21, 22, 24, 25, 26, 29, 30, 31, 41, 42, 43, 44, 45, 48, 132, 173, 194, 214], "summary": {"covered_lines": 22, "num_statements": 22, "percent_covered": 100.0, "percent_covered_display": "100", "missing_lines": 0, "excluded_lines": 0}, "missing_lines": [], "excluded_lines": []}}, "classes": {"GateResult": {"executed_lines": [], "summary": {"covered_lines": 0, "num_statements": 0, "percent_covered": 100.0, "percent_covered_display": "100", "missing_lines": 0, "excluded_lines": 0}, "missing_lines": [], "excluded_lines": []}, "": {"executed_lines": [1, 15, 17, 18, 19, 20, 21, 22, 24, 25, 26, 29, 30, 31, 41, 42, 43, 44, 45, 48, 132, 173, 194, 214, 232, 233, 259, 260, 268], "summary": {"covered_lines": 27, "num_statements": 69, "percent_covered": 39.130434782608695, "percent_covered_display": "39", "missing_lines": 42, "excluded_lines": 1}, "missing_lines": [82, 85, 86, 89, 90, 93, 96, 97, 100, 103, 104, 105, 108, 109, 110, 111, 116, 117, 121, 123, 143, 150, 152, 153, 154, 155, 157, 159, 160, 161, 162, 163, 164, 166, 167, 168, 170, 185, 201, 202, 209, 211], "excluded_lines": [215]}}}, "repoq/logging.py": {"executed_lines": [], "summary": {"covered_lines": 0, "num_statements": 10, "percent_covered": 0.0, "percent_covered_display": "0", "missing_lines": 10, "excluded_lines": 0}, "missing_lines": [9, 11, 13, 16, 30, 31, 32, 33, 34, 35], "excluded_lines": [], "functions": {"setup_logging": {"executed_lines": [], "summary": {"covered_lines": 0, "num_statements": 6, "percent_covered": 0.0, "percent_covered_display": "0", "missing_lines": 6, "excluded_lines": 0}, "missing_lines": [30, 31, 32, 33, 34, 35], "excluded_lines": []}, "": {"executed_lines": [], "summary": {"covered_lines": 0, "num_statements": 4, "percent_covered": 0.0, "percent_covered_display": "0", "missing_lines": 4, "excluded_lines": 0}, "missing_lines": [9, 11, 13, 16], "excluded_lines": []}}, "classes": {"": {"executed_lines": [], "summary": {"covered_lines": 0, "num_statements": 10, "percent_covered": 0.0, "percent_covered_display": "0", "missing_lines": 10, "excluded_lines": 0}, "missing_lines": [9, 11, 13, 16, 30, 31, 32, 33, 34, 35], "excluded_lines": []}}}, "repoq/normalize/__init__.py": {"executed_lines": [1, 32, 33, 34, 35, 36, 46, 58], "summary": {"covered_lines": 7, "num_statements": 7, "percent_covered": 100.0, "percent_covered_display": "100", "missing_lines": 0, "excluded_lines": 0}, "missing_lines": [], "excluded_lines": [], "functions": {"": {"executed_lines": [1, 32, 33, 34, 35, 36, 46, 58], "summary": {"covered_lines": 7, "num_statements": 7, "percent_covered": 100.0, "percent_covered_display": "100", "missing_lines": 0, "excluded_lines": 0}, "missing_lines": [], "excluded_lines": []}}, "classes": {"": {"executed_lines": [1, 32, 33, 34, 35, 36, 46, 58], "summary": {"covered_lines": 7, "num_statements": 7, "percent_covered": 100.0, "percent_covered_display": "100", "missing_lines": 0, "excluded_lines": 0}, "missing_lines": [], "excluded_lines": []}}}, "repoq/normalize/base.py": {"executed_lines": [1, 24, 25, 26, 27, 29, 31, 34, 35, 47, 48, 60, 61, 79, 80, 92, 133, 134, 135, 153, 154, 155, 156, 158, 188, 189, 190, 203, 204, 205, 206, 208, 244, 248], "summary": {"covered_lines": 30, "num_statements": 89, "percent_covered": 33.70786516853933, "percent_covered_display": "34", "missing_lines": 59, "excluded_lines": 0}, "missing_lines": [58, 77, 90, 108, 109, 110, 112, 113, 114, 115, 116, 117, 118, 119, 120, 122, 123, 125, 127, 168, 170, 171, 173, 174, 176, 179, 180, 185, 224, 225, 226, 229, 232, 233, 234, 237, 240, 242, 246, 264, 266, 267, 268, 269, 272, 273, 276, 277, 278, 280, 283, 284, 285, 287, 290, 291, 293, 294, 296], "excluded_lines": [], "functions": {"Term.size": {"executed_lines": [], "summary": {"covered_lines": 0, "num_statements": 1, "percent_covered": 0.0, "percent_covered_display": "0", "missing_lines": 1, "excluded_lines": 0}, "missing_lines": [58], "excluded_lines": []}, "Term.matches": {"executed_lines": [], "summary": {"covered_lines": 0, "num_statements": 1, "percent_covered": 0.0, "percent_covered_display": "0", "missing_lines": 1, "excluded_lines": 0}, "missing_lines": [77], "excluded_lines": []}, "Term.substitute": {"executed_lines": [], "summary": {"covered_lines": 0, "num_statements": 1, "percent_covered": 0.0, "percent_covered_display": "0", "missing_lines": 1, "excluded_lines": 0}, "missing_lines": [90], "excluded_lines": []}, "Term.normalize": {"executed_lines": [], "summary": {"covered_lines": 0, "num_statements": 16, "percent_covered": 0.0, "percent_covered_display": "0", "missing_lines": 16, "excluded_lines": 0}, "missing_lines": [108, 109, 110, 112, 113, 114, 115, 116, 117, 118, 119, 120, 122, 123, 125, 127], "excluded_lines": []}, "Rule.apply": {"executed_lines": [], "summary": {"covered_lines": 0, "num_statements": 9, "percent_covered": 0.0, "percent_covered_display": "0", "missing_lines": 9, "excluded_lines": 0}, "missing_lines": [168, 170, 171, 173, 174, 176, 179, 180, 185], "excluded_lines": []}, "RewriteSystem.normalize": {"executed_lines": [], "summary": {"covered_lines": 0, "num_statements": 10, "percent_covered": 0.0, "percent_covered_display": "0", "missing_lines": 10, "excluded_lines": 0}, "missing_lines": [224, 225, 226, 229, 232, 233, 234, 237, 240, 242], "excluded_lines": []}, "RewriteSystem.clear_cache": {"executed_lines": [], "summary": {"covered_lines": 0, "num_statements": 1, "percent_covered": 0.0, "percent_covered_display": "0", "missing_lines": 1, "excluded_lines": 0}, "missing_lines": [246], "excluded_lines": []}, "RewriteSystem.check_critical_pairs": {"executed_lines": [], "summary": {"covered_lines": 0, "num_statements": 20, "percent_covered": 0.0, "percent_covered_display": "0", "missing_lines": 20, "excluded_lines": 0}, "missing_lines": [264, 266, 267, 268, 269, 272, 273, 276, 277, 278, 280, 283, 284, 285, 287, 290, 291, 293, 294, 296], "excluded_lines": []}, "": {"executed_lines": [1, 24, 25, 26, 27, 29, 31, 34, 35, 47, 48, 60, 61, 79, 80, 92, 133, 134, 135, 153, 154, 155, 156, 158, 188, 189, 190, 203, 204, 205, 206, 208, 244, 248], "summary": {"covered_lines": 30, "num_statements": 30, "percent_covered": 100.0, "percent_covered_display": "100", "missing_lines": 0, "excluded_lines": 0}, "missing_lines": [], "excluded_lines": []}}, "classes": {"Term": {"executed_lines": [], "summary": {"covered_lines": 0, "num_statements": 19, "percent_covered": 0.0, "percent_covered_display": "0", "missing_lines": 19, "excluded_lines": 0}, "missing_lines": [58, 77, 90, 108, 109, 110, 112, 113, 114, 115, 116, 117, 118, 119, 120, 122, 123, 125, 127], "excluded_lines": []}, "Rule": {"executed_lines": [], "summary": {"covered_lines": 0, "num_statements": 9, "percent_covered": 0.0, "percent_covered_display": "0", "missing_lines": 9, "excluded_lines": 0}, "missing_lines": [168, 170, 171, 173, 174, 176, 179, 180, 185], "excluded_lines": []}, "RewriteSystem": {"executed_lines": [], "summary": {"covered_lines": 0, "num_statements": 31, "percent_covered": 0.0, "percent_covered_display": "0", "missing_lines": 31, "excluded_lines": 0}, "missing_lines": [224, 225, 226, 229, 232, 233, 234, 237, 240, 242, 246, 264, 266, 267, 268, 269, 272, 273, 276, 277, 278, 280, 283, 284, 285, 287, 290, 291, 293, 294, 296], "excluded_lines": []}, "": {"executed_lines": [1, 24, 25, 26, 27, 29, 31, 34, 35, 47, 48, 60, 61, 79, 80, 92, 133, 134, 135, 153, 154, 155, 156, 158, 188, 189, 190, 203, 204, 205, 206, 208, 244, 248], "summary": {"covered_lines": 30, "num_statements": 30, "percent_covered": 100.0, "percent_covered_display": "100", "missing_lines": 0, "excluded_lines": 0}, "missing_lines": [], "excluded_lines": []}}}, "repoq/normalize/filters_trs.py": {"executed_lines": [1, 21, 22, 23, 24, 25, 28, 29, 30, 31, 32, 35, 36, 37, 39, 43, 48, 49, 50, 52, 54, 56, 58, 61, 64, 67, 70, 71, 72, 74, 77, 78, 80, 82, 83, 85, 86, 88, 93, 94, 95, 97, 98, 99, 101, 103, 104, 107, 108, 109, 111, 113, 115, 116, 119, 120, 121, 123, 124, 126, 128, 132, 134, 137, 138, 139, 142, 143, 144, 146, 147, 150, 151, 153, 154, 155, 156, 158, 160, 161, 164, 167, 170, 172, 173, 174, 175, 177, 179, 180, 181, 183, 184, 185, 187, 189, 191, 192, 193, 194, 196, 198, 199, 200, 201, 202, 204, 206, 207, 209, 210, 211, 212, 213, 214, 221, 223, 226, 227, 228, 229, 230, 231, 232, 233, 234, 235, 238, 239, 240, 245, 247, 248, 249, 251, 252, 253, 255, 257, 258, 261, 262, 263, 265, 267, 269, 271, 276, 280, 282, 283, 286, 289, 290, 291, 292, 293, 294, 297, 298, 299, 300, 301, 302, 303, 304, 305, 308, 311, 314, 315, 316, 317, 318, 319, 320, 321, 322, 324, 327, 333, 334, 336, 340, 342, 343, 347, 354, 358, 359, 361, 362, 363, 364, 365, 368, 371, 374, 375, 376, 379, 380, 382, 385, 391, 392, 395, 399, 400, 403, 404, 406, 409, 410, 412, 414, 417, 439, 441, 442, 445, 446, 448, 450, 451, 452, 453, 454, 457, 458, 459, 460, 461, 464, 466, 467, 469, 470, 472, 473, 474, 475, 476, 478, 481, 486, 488, 489, 490, 491, 492, 494, 501, 502, 504, 506, 507, 508, 513, 515, 518, 520, 523, 526, 531, 534, 535, 536, 537, 538, 539, 542, 545, 547, 549, 551, 552, 554, 569, 579, 596, 598, 607, 630, 633, 635, 636, 637, 640, 642, 643, 645, 646, 652, 653, 654, 655, 656, 661, 688, 690, 691, 695, 696, 715, 716, 718, 722, 725, 739, 749, 750, 751, 758, 759, 760, 761, 762, 763, 768, 780, 781, 782, 783, 791, 793, 799, 800, 806, 808, 812], "summary": {"covered_lines": 324, "num_statements": 483, "percent_covered": 67.0807453416149, "percent_covered_display": "67", "missing_lines": 159, "excluded_lines": 0}, "missing_lines": [41, 45, 90, 129, 133, 135, 218, 219, 224, 243, 272, 273, 274, 277, 337, 349, 351, 396, 420, 421, 424, 425, 428, 429, 430, 433, 434, 436, 493, 495, 496, 498, 509, 510, 511, 516, 528, 529, 556, 557, 558, 560, 561, 563, 564, 565, 566, 567, 571, 572, 574, 575, 576, 577, 581, 582, 584, 585, 587, 588, 589, 590, 591, 592, 593, 600, 601, 602, 603, 604, 605, 609, 612, 613, 614, 616, 617, 618, 621, 622, 623, 624, 626, 658, 699, 700, 701, 702, 703, 704, 705, 709, 711, 712, 713, 719, 740, 741, 742, 745, 746, 748, 752, 753, 755, 765, 784, 786, 787, 788, 794, 795, 796, 798, 802, 814, 815, 816, 817, 820, 828, 829, 832, 833, 834, 835, 837, 838, 839, 842, 848, 849, 850, 851, 852, 853, 856, 857, 859, 860, 863, 865, 866, 867, 868, 870, 871, 872, 873, 874, 875, 878, 880, 889, 890, 891, 892, 894, 895], "excluded_lines": [], "functions": {"FilterTerm.to_canonical": {"executed_lines": [], "summary": {"covered_lines": 0, "num_statements": 1, "percent_covered": 0.0, "percent_covered_display": "0", "missing_lines": 1, "excluded_lines": 0}, "missing_lines": [41], "excluded_lines": []}, "FilterTerm.sort_key": {"executed_lines": [], "summary": {"covered_lines": 0, "num_statements": 1, "percent_covered": 0.0, "percent_covered_display": "0", "missing_lines": 1, "excluded_lines": 0}, "missing_lines": [45], "excluded_lines": []}, "GlobPattern.__post_init__": {"executed_lines": [56], "summary": {"covered_lines": 1, "num_statements": 1, "percent_covered": 100.0, "percent_covered_display": "100", "missing_lines": 0, "excluded_lines": 0}, "missing_lines": [], "excluded_lines": []}, "GlobPattern._normalize_pattern": {"executed_lines": [61, 64, 67, 70, 74, 77, 78, 80], "summary": {"covered_lines": 8, "num_statements": 8, "percent_covered": 100.0, "percent_covered_display": "100", "missing_lines": 0, "excluded_lines": 0}, "missing_lines": [], "excluded_lines": []}, "GlobPattern._normalize_pattern.sort_char_class": {"executed_lines": [71, 72], "summary": {"covered_lines": 2, "num_statements": 2, "percent_covered": 100.0, "percent_covered_display": "100", "missing_lines": 0, "excluded_lines": 0}, "missing_lines": [], "excluded_lines": []}, "GlobPattern.to_canonical": {"executed_lines": [83], "summary": {"covered_lines": 1, "num_statements": 1, "percent_covered": 100.0, "percent_covered_display": "100", "missing_lines": 0, "excluded_lines": 0}, "missing_lines": [], "excluded_lines": []}, "GlobPattern.sort_key": {"executed_lines": [86], "summary": {"covered_lines": 1, "num_statements": 1, "percent_covered": 100.0, "percent_covered_display": "100", "missing_lines": 0, "excluded_lines": 0}, "missing_lines": [], "excluded_lines": []}, "GlobPattern.matches": {"executed_lines": [], "summary": {"covered_lines": 0, "num_statements": 1, "percent_covered": 0.0, "percent_covered_display": "0", "missing_lines": 1, "excluded_lines": 0}, "missing_lines": [90], "excluded_lines": []}, "FileProperty.to_canonical": {"executed_lines": [103, 104, 107, 108, 109, 111, 113], "summary": {"covered_lines": 7, "num_statements": 7, "percent_covered": 100.0, "percent_covered_display": "100", "missing_lines": 0, "excluded_lines": 0}, "missing_lines": [], "excluded_lines": []}, "FileProperty.sort_key": {"executed_lines": [116], "summary": {"covered_lines": 1, "num_statements": 1, "percent_covered": 100.0, "percent_covered_display": "100", "missing_lines": 0, "excluded_lines": 0}, "missing_lines": [], "excluded_lines": []}, "LogicalFilter.__post_init__": {"executed_lines": [128, 132, 134], "summary": {"covered_lines": 3, "num_statements": 6, "percent_covered": 50.0, "percent_covered_display": "50", "missing_lines": 3, "excluded_lines": 0}, "missing_lines": [129, 133, 135], "excluded_lines": []}, "LogicalFilter.to_canonical": {"executed_lines": [138, 139, 142, 143, 144], "summary": {"covered_lines": 5, "num_statements": 5, "percent_covered": 100.0, "percent_covered_display": "100", "missing_lines": 0, "excluded_lines": 0}, "missing_lines": [], "excluded_lines": []}, "LogicalFilter.sort_key": {"executed_lines": [147], "summary": {"covered_lines": 1, "num_statements": 1, "percent_covered": 100.0, "percent_covered_display": "100", "missing_lines": 0, "excluded_lines": 0}, "missing_lines": [], "excluded_lines": []}, "FilterExpression.__init__": {"executed_lines": [154, 155, 156], "summary": {"covered_lines": 3, "num_statements": 3, "percent_covered": 100.0, "percent_covered_display": "100", "missing_lines": 0, "excluded_lines": 0}, "missing_lines": [], "excluded_lines": []}, "FilterExpression.to_dnf": {"executed_lines": [160, 161, 164, 167, 170, 172, 173, 174, 175], "summary": {"covered_lines": 9, "num_statements": 9, "percent_covered": 100.0, "percent_covered_display": "100", "missing_lines": 0, "excluded_lines": 0}, "missing_lines": [], "excluded_lines": []}, "FilterExpression.to_cnf": {"executed_lines": [179, 180, 181, 183, 184, 185], "summary": {"covered_lines": 6, "num_statements": 6, "percent_covered": 100.0, "percent_covered_display": "100", "missing_lines": 0, "excluded_lines": 0}, "missing_lines": [], "excluded_lines": []}, "FilterExpression._to_sympy": {"executed_lines": [189, 191, 192, 193, 194, 196, 198, 199, 200, 201, 202, 204, 206, 207, 209, 210, 211, 212, 213, 214], "summary": {"covered_lines": 20, "num_statements": 22, "percent_covered": 90.9090909090909, "percent_covered_display": "91", "missing_lines": 2, "excluded_lines": 0}, "missing_lines": [218, 219], "excluded_lines": []}, "FilterExpression._from_sympy": {"executed_lines": [223, 226, 227, 228, 229, 230, 231, 232, 233, 234, 235, 238, 239, 240], "summary": {"covered_lines": 14, "num_statements": 16, "percent_covered": 87.5, "percent_covered_display": "88", "missing_lines": 2, "excluded_lines": 0}, "missing_lines": [224, 243], "excluded_lines": []}, "FilterExpression.simplify": {"executed_lines": [247, 248, 249, 251, 252, 253], "summary": {"covered_lines": 6, "num_statements": 6, "percent_covered": 100.0, "percent_covered_display": "100", "missing_lines": 0, "excluded_lines": 0}, "missing_lines": [], "excluded_lines": []}, "FilterExpression.is_equivalent": {"executed_lines": [257, 258, 261, 262, 263, 265], "summary": {"covered_lines": 6, "num_statements": 6, "percent_covered": 100.0, "percent_covered_display": "100", "missing_lines": 0, "excluded_lines": 0}, "missing_lines": [], "excluded_lines": []}, "FilterExpression.to_canonical": {"executed_lines": [269], "summary": {"covered_lines": 1, "num_statements": 1, "percent_covered": 100.0, "percent_covered_display": "100", "missing_lines": 0, "excluded_lines": 0}, "missing_lines": [], "excluded_lines": []}, "FilterExpression.__eq__": {"executed_lines": [], "summary": {"covered_lines": 0, "num_statements": 3, "percent_covered": 0.0, "percent_covered_display": "0", "missing_lines": 3, "excluded_lines": 0}, "missing_lines": [272, 273, 274], "excluded_lines": []}, "FilterExpression.__hash__": {"executed_lines": [], "summary": {"covered_lines": 0, "num_statements": 1, "percent_covered": 0.0, "percent_covered_display": "0", "missing_lines": 1, "excluded_lines": 0}, "missing_lines": [277], "excluded_lines": []}, "simplify_glob_patterns": {"executed_lines": [282, 283, 286, 289, 290, 291, 292, 293, 294, 297, 298, 299, 300, 301, 302, 303, 304, 305, 308, 311, 314, 315, 316, 317, 318, 319, 320, 321, 322, 324], "summary": {"covered_lines": 30, "num_statements": 30, "percent_covered": 100.0, "percent_covered_display": "100", "missing_lines": 0, "excluded_lines": 0}, "missing_lines": [], "excluded_lines": []}, "_advanced_pattern_subsumes": {"executed_lines": [333, 334, 336, 340, 342, 343, 347], "summary": {"covered_lines": 7, "num_statements": 10, "percent_covered": 70.0, "percent_covered_display": "70", "missing_lines": 3, "excluded_lines": 0}, "missing_lines": [337, 349, 351], "excluded_lines": []}, "_glob_to_regex": {"executed_lines": [358, 359, 361, 368, 371, 374, 375, 376, 379, 380, 382], "summary": {"covered_lines": 11, "num_statements": 11, "percent_covered": 100.0, "percent_covered_display": "100", "missing_lines": 0, "excluded_lines": 0}, "missing_lines": [], "excluded_lines": []}, "_glob_to_regex.replace_char_class": {"executed_lines": [362, 363, 364, 365], "summary": {"covered_lines": 4, "num_statements": 4, "percent_covered": 100.0, "percent_covered_display": "100", "missing_lines": 0, "excluded_lines": 0}, "missing_lines": [], "excluded_lines": []}, "_regex_subsumes": {"executed_lines": [391, 392, 395, 399, 400, 403, 404, 406, 409, 410, 412, 414], "summary": {"covered_lines": 12, "num_statements": 13, "percent_covered": 92.3076923076923, "percent_covered_display": "92", "missing_lines": 1, "excluded_lines": 0}, "missing_lines": [396], "excluded_lines": []}, "_simple_pattern_subsumes": {"executed_lines": [], "summary": {"covered_lines": 0, "num_statements": 10, "percent_covered": 0.0, "percent_covered_display": "0", "missing_lines": 10, "excluded_lines": 0}, "missing_lines": [420, 421, 424, 425, 428, 429, 430, 433, 434, 436], "excluded_lines": []}, "_merge_adjacent_patterns": {"executed_lines": [441, 442, 445, 446, 448, 450, 451, 452, 453, 454, 457, 458, 459, 460, 461, 464, 466, 467, 469, 470, 472, 473, 474, 475, 476, 478], "summary": {"covered_lines": 26, "num_statements": 26, "percent_covered": 100.0, "percent_covered_display": "100", "missing_lines": 0, "excluded_lines": 0}, "missing_lines": [], "excluded_lines": []}, "_would_improve_pattern_set": {"executed_lines": [486, 488, 489, 490, 491, 492, 494], "summary": {"covered_lines": 7, "num_statements": 11, "percent_covered": 63.63636363636363, "percent_covered_display": "64", "missing_lines": 4, "excluded_lines": 0}, "missing_lines": [493, 495, 496, 498], "excluded_lines": []}, "AdvancedFilterParser.__init__": {"executed_lines": [506, 507, 508], "summary": {"covered_lines": 3, "num_statements": 6, "percent_covered": 50.0, "percent_covered_display": "50", "missing_lines": 3, "excluded_lines": 0}, "missing_lines": [509, 510, 511], "excluded_lines": []}, "AdvancedFilterParser.parse_complex_expression": {"executed_lines": [515, 518, 520, 523, 526], "summary": {"covered_lines": 5, "num_statements": 8, "percent_covered": 62.5, "percent_covered_display": "62", "missing_lines": 3, "excluded_lines": 0}, "missing_lines": [516, 528, 529], "excluded_lines": []}, "AdvancedFilterParser._preprocess_filter_expression": {"executed_lines": [534, 535, 536, 537, 538, 539, 542, 545, 547], "summary": {"covered_lines": 9, "num_statements": 9, "percent_covered": 100.0, "percent_covered_display": "100", "missing_lines": 0, "excluded_lines": 0}, "missing_lines": [], "excluded_lines": []}, "AdvancedFilterParser._ast_to_filter_term": {"executed_lines": [551, 552, 554, 569, 579, 596], "summary": {"covered_lines": 6, "num_statements": 33, "percent_covered": 18.181818181818183, "percent_covered_display": "18", "missing_lines": 27, "excluded_lines": 0}, "missing_lines": [556, 557, 558, 560, 561, 563, 564, 565, 566, 567, 571, 572, 574, 575, 576, 577, 581, 582, 584, 585, 587, 588, 589, 590, 591, 592, 593], "excluded_lines": []}, "AdvancedFilterParser._extract_string_literal": {"executed_lines": [], "summary": {"covered_lines": 0, "num_statements": 6, "percent_covered": 
[...]
8.69047619047619, "percent_covered_display": "39", "missing_lines": 206, "excluded_lines": 2}, "missing_lines": [39, 40, 41, 88, 93, 98, 102, 103, 105, 106, 107, 108, 110, 113, 114, 117, 119, 120, 121, 123, 124, 125, 129, 130, 132, 133, 134, 135, 136, 137, 138, 140, 144, 145, 147, 148, 151, 152, 154, 158, 159, 161, 164, 165, 166, 167, 168, 170, 177, 185, 186, 191, 195, 197, 198, 200, 202, 214, 215, 216, 227, 228, 229, 239, 243, 245, 246, 249, 250, 251, 252, 262, 263, 264, 265, 274, 283, 286, 287, 289, 290, 291, 292, 294, 298, 301, 312, 313, 315, 316, 317, 318, 320, 321, 332, 333, 334, 335, 345, 349, 352, 353, 354, 362, 370, 373, 374, 376, 377, 378, 380, 381, 382, 383, 385, 389, 392, 393, 395, 396, 397, 398, 400, 401, 412, 413, 415, 416, 418, 419, 427, 428, 436, 437, 446, 450, 453, 454, 456, 457, 465, 480, 518, 521, 522, 523, 524, 528, 529, 530, 531, 534, 535, 536, 543, 571, 576, 577, 579, 580, 583, 584, 585, 588, 589, 592, 598, 608, 609, 683, 750, 753, 754, 755, 756, 757, 758, 761, 762, 763, 765, 769, 771, 772, 775, 776, 778, 779, 781, 782, 792, 796, 798, 799, 802, 803, 805, 806, 808, 809, 819, 825, 830, 834, 856, 861], "excluded_lines": [19, 20], "functions": {"OntologyPlugin.__init__": {"executed_lines": [76, 77, 78, 79, 80], "summary": {"covered_lines": 5, "num_statements": 5, "percent_covered": 100.0, "percent_covered_display": "100", "missing_lines": 0, "excluded_lines": 0}, "missing_lines": [], "excluded_lines": []}, "OntologyPlugin.detect_applicability": {"executed_lines": [], "summary": {"covered_lines": 0, "num_statements": 1, "percent_covered": 0.0, "percent_covered_display": "0", "missing_lines": 1, "excluded_lines": 0}, "missing_lines": [88], "excluded_lines": []}, "OntologyPlugin.extract_concepts": {"executed_lines": [], "summary": {"covered_lines": 0, "num_statements": 1, "percent_covered": 0.0, "percent_covered_display": "0", "missing_lines": 1, "excluded_lines": 0}, "missing_lines": [93], "excluded_lines": []}, "OntologyPlugin.validate_constraints": {"executed_lines": [], "summary": {"covered_lines": 0, "num_statements": 1, "percent_covered": 0.0, "percent_covered_display": "0", "missing_lines": 1, "excluded_lines": 0}, "missing_lines": [98], "excluded_lines": []}, "OntologyPlugin.load_ontology": {"executed_lines": [], "summary": {"covered_lines": 0, "num_statements": 16, "percent_covered": 0.0, "percent_covered_display": "0", "missing_lines": 16, "excluded_lines": 0}, "missing_lines": [102, 103, 105, 106, 107, 108, 110, 113, 114, 117, 119, 120, 121, 123, 124, 125], "excluded_lines": []}, "OntologyPlugin.get_concept_hierarchy": {"executed_lines": [], "summary": {"covered_lines": 0, "num_statements": 10, "percent_covered": 0.0, "percent_covered_display": "0", "missing_lines": 10, "excluded_lines": 0}, "missing_lines": [129, 130, 132, 133, 134, 135, 136, 137, 138, 140], "excluded_lines": []}, "OntologyPlugin.get_properties": {"executed_lines": [], "summary": {"covered_lines": 0, "num_statements": 7, "percent_covered": 0.0, "percent_covered_display": "0", "missing_lines": 7, "excluded_lines": 0}, "missing_lines": [144, 145, 147, 148, 151, 152, 154], "excluded_lines": []}, "OntologyPlugin.infer_relationships": {"executed_lines": [], "summary": {"covered_lines": 0, "num_statements": 9, "percent_covered": 0.0, "percent_covered_display": "0", "missing_lines": 9, "excluded_lines": 0}, "missing_lines": [158, 159, 161, 164, 165, 166, 167, 168, 170], "excluded_lines": []}, "OntologyPlugin._apply_inference_rule": {"executed_lines": [], "summary": {"covered_lines": 0, "num_statements": 1, "percent_covered": 0.0, "percent_covered_display": "0", "missing_lines": 1, "excluded_lines": 0}, "missing_lines": [177], "excluded_lines": []}, "CodeOntologyPlugin.detect_applicability": {"executed_lines": [], "summary": {"covered_lines": 0, "num_statements": 3, "percent_covered": 0.0, "percent_covered_display": "0", "missing_lines": 3, "excluded_lines": 0}, "missing_lines": [185, 186, 191], "excluded_lines": []}, "CodeOntologyPlugin.extract_concepts": {"executed_lines": [], "summary": {"covered_lines": 0, "num_statements": 12, "percent_covered": 0.0, "percent_covered_display": "0", "missing_lines": 12, "excluded_lines": 0}, "missing_lines": [195, 197, 198, 200, 202, 214, 215, 216, 227, 228, 229, 239], "excluded_lines": []}, "CodeOntologyPlugin.validate_constraints": {"executed_lines": [], "summary": {"covered_lines": 0, "num_statements": 12, "percent_covered": 0.0, "percent_covered_display": "0", "missing_lines": 12, "excluded_lines": 0}, "missing_lines": [243, 245, 246, 249, 250, 251, 252, 262, 263, 264, 265, 274], "excluded_lines": []}, "C4ModelPlugin.detect_applicability": {"executed_lines": [], "summary": {"covered_lines": 0, "num_statements": 8, "percent_covered": 0.0, "percent_covered_display": "0", "missing_lines": 8, "excluded_lines": 0}, "missing_lines": [283, 286, 287, 289, 290, 291, 292, 294], "excluded_lines": []}, "C4ModelPlugin.extract_concepts": {"executed_lines": [], "summary": {"covered_lines": 0, "num_statements": 15, "percent_covered": 0.0, "percent_covered_display": "0", "missing_lines": 15, "excluded_lines": 0}, "missing_lines": [298, 301, 312, 313, 315, 316, 317, 318, 320, 321, 332, 333, 334, 335, 345], "excluded_lines": []}, "C4ModelPlugin.validate_constraints": {"executed_lines": [], "summary": {"covered_lines": 0, "num_statements": 5, "percent_covered": 0.0, "percent_covered_display": "0", "missing_lines": 5, "excluded_lines": 0}, "missing_lines": [349, 352, 353, 354, 362], "excluded_lines": []}, "DDDOntologyPlugin.detect_applicability": {"executed_lines": [], "summary": {"covered_lines": 0, "num_statements": 11, "percent_covered": 0.0, "percent_covered_display": "0", "missing_lines": 11, "excluded_lines": 0}, "missing_lines": [370, 373, 374, 376, 377, 378, 380, 381, 382, 383, 385], "excluded_lines": []}, "DDDOntologyPlugin.extract_concepts": {"executed_lines": [], "summary": {"covered_lines": 0, "num_statements": 20, "percent_covered": 0.0, "percent_covered_display": "0", "missing_lines": 20, "excluded_lines": 0}, "missing_lines": [389, 392, 393, 395, 396, 397, 398, 400, 401, 412, 413, 415, 416, 418, 419, 427, 428, 436, 437, 446], "excluded_lines": []}, "DDDOntologyPlugin.validate_constraints": {"executed_lines": [], "summary": {"covered_lines": 0, "num_statements": 6, "percent_covered": 0.0, "percent_covered_display": "0", "missing_lines": 6, "excluded_lines": 0}, "missing_lines": [450, 453, 454, 456, 457, 465], "excluded_lines": []}, "OntologyManager.__init__": {"executed_lines": [472, 473, 474, 475], "summary": {"covered_lines": 4, "num_statements": 4, "percent_covered": 100.0, "percent_covered_display": "100", "missing_lines": 0, "excluded_lines": 0}, "missing_lines": [], "excluded_lines": []}, "OntologyManager.load_plugins": {"executed_lines": [479, 483, 486, 488, 489], "summary": {"covered_lines": 5, "num_statements": 6, "percent_covered": 83.33333333333333, "percent_covered_display": "83", "missing_lines": 1, "excluded_lines": 0}, "missing_lines": [480], "excluded_lines": []}, "OntologyManager._register_builtin_plugins": {"executed_lines": [493, 499, 500, 501, 502, 512, 513], "summary": {"covered_lines": 7, "num_statements": 7, "percent_covered": 100.0, "percent_covered_display": "100", "missing_lines": 0, "excluded_lines": 0}, "missing_lines": [], "excluded_lines": []}, "OntologyManager._load_custom_plugins": {"executed_lines": [517, 520], "summary": {"covered_lines": 2, "num_statements": 7, "percent_covered": 28.571428571428573, "percent_covered_display": "29", "missing_lines": 5, "excluded_lines": 0}, "missing_lines": [518, 521, 522, 523, 524], "excluded_lines": []}, "OntologyManager._load_custom_plugin": {"executed_lines": [], "summary": {"covered_lines": 0, "num_statements": 8, "percent_covered": 0.0, "percent_covered_display": "0", "missing_lines": 8, "excluded_lines": 0}, "missing_lines": [528, 529, 530, 531, 534, 535, 536, 543], "excluded_lines": []}, "OntologyManager.analyze_project": {"executed_lines": [555, 564, 565, 568, 569, 570, 573, 575, 602, 603, 604, 607, 612, 621], "summary": {"covered_lines": 14, "num_statements": 28, "percent_covered": 50.0, "percent_covered_display": "50", "missing_lines": 14, "excluded_lines": 0}, "missing_lines": [571, 576, 577, 579, 580, 583, 584, 585, 588, 589, 592, 598, 608, 609], "excluded_lines": []}, "OntologyManager.analyze_project_structure": {"executed_lines": [634, 637], "summary": {"covered_lines": 2, "num_statements": 2, "percent_covered": 100.0, "percent_covered_display": "100", "missing_lines": 0, "excluded_lines": 0}, "missing_lines": [], "excluded_lines": []}, "OntologyManager._project_to_dict": {"executed_lines": [642, 643, 647], "summary": {"covered_lines": 3, "num_statements": 3, "percent_covered": 100.0, "percent_covered_display": "100", "missing_lines": 0, "excluded_lines": 0}, "missing_lines": [], "excluded_lines": []}, "OntologyManager._file_to_dict": {"executed_lines": [660], "summary": {"covered_lines": 1, "num_statements": 1, "percent_covered": 100.0, "percent_covered_display": "100", "missing_lines": 0, "excluded_lines": 0}, "missing_lines": [], "excluded_lines": []}, "OntologyManager._module_to_dict": {"executed_lines": [672], "summary": {"covered_lines": 1, "num_statements": 1, "percent_covered": 100.0, "percent_covered_display": "100", "missing_lines": 0, "excluded_lines": 0}, "missing_lines": [], "excluded_lines": []}, "OntologyManager._dependency_to_dict": {"executed_lines": [], "summary": {"covered_lines": 0, "num_statements": 1, "percent_covered": 0.0, "percent_covered_display": "0", "missing_lines": 1, "excluded_lines": 0}, "missing_lines": [683], "excluded_lines": []}, "OntologyManager._apply_cross_ontology_inference": {"executed_lines": [], "summary": {"covered_lines": 0, "num_statements": 11, "percent_covered": 0.0, "percent_covered_display": "0", "missing_lines": 11, "excluded_lines": 0}, "missing_lines": [750, 753, 754, 755, 756, 757, 758, 761, 762, 763, 765], "excluded_lines": []}, "OntologyManager._map_code_to_c4": {"executed_lines": [], "summary": {"covered_lines": 0, "num_statements": 10, "percent_covered": 0.0, "percent_covered_display": "0", "missing_lines": 10, "excluded_lines": 0}, "missing_lines": [769, 771, 772, 775, 776, 778, 779, 781, 782, 792], "excluded_lines": []}, "OntologyManager._map_ddd_to_c4": {"executed_lines": [], "summary": {"covered_lines": 0, "num_statements": 10, "percent_covered": 0.0, "percent_covered_display": "0", "missing_lines": 10, "excluded_lines": 0}, "missing_lines": [796, 798, 799, 802, 803, 805, 806, 808, 809, 819], "excluded_lines": []}, "OntologyManager._map_code_to_ddd": {"executed_lines": [], "summary": {"covered_lines": 0, "num_statements": 2, "percent_covered": 0.0, "percent_covered_display": "0", "missing_lines": 2, "excluded_lines": 0}, "missing_lines": [825, 830], "excluded_lines": []}, "OntologyManager.get_ontology_summary": {"executed_lines": [], "summary": {"covered_lines": 0, "num_statements": 1, "percent_covered": 0.0, "percent_covered_display": "0", "missing_lines": 1, "excluded_lines": 0}, "missing_lines": [834], "excluded_lines": []}, "analyze_with_ontologies": {"executed_lines": [], "summary": {"covered_lines": 0, "num_statements": 1, "percent_covered": 0.0, "percent_covered_display": "0", "missing_lines": 1, "excluded_lines": 0}, "missing_lines": [856], "excluded_lines": []}, "get_supported_ontologies": {"executed_lines": [], "summary": {"covered_lines": 0, "num_statements": 1, "percent_covered": 0.0, "percent_covered_display": "0", "missing_lines": 1, "excluded_lines": 0}, "missing_lines": [861], "excluded_lines": []}, "": {"executed_lines": [1, 8, 9, 10, 11, 12, 13, 14, 17, 19, 22, 24, 25, 26, 27, 28, 29, 30, 31, 33, 34, 35, 36, 38, 43, 46, 47, 49, 50, 51, 52, 53, 54, 57, 58, 59, 61, 62, 63, 64, 65, 66, 67, 68, 69, 72, 73, 75, 82, 83, 90, 91, 95, 96, 100, 127, 142, 156, 172, 180, 181, 183, 193, 241, 277, 278, 280, 296, 347, 365, 366, 368, 387, 448, 468, 469, 471, 477, 491, 515, 526, 545, 623, 639, 658, 670, 681, 746, 767, 794, 821, 832, 851, 854, 859], "summary": {"covered_lines": 86, "num_statements": 89, "percent_covered": 96.62921348314607, "percent_covered_display": "97", "missing_lines": 3, "excluded_lines": 2}, "missing_lines": [39, 40, 41], "excluded_lines": [19, 20]}}, "classes": {"OntologyType": {"executed_lines": [], "summary": {"covered_lines": 0, "num_statements": 0, "percent_covered": 100.0, "percent_covered_display": "100", "missing_lines": 0, "excluded_lines": 0}, "missing_lines": [], "excluded_lines": []}, "OntologyMetadata": {"executed_lines": [], "summary": {"covered_lines": 0, "num_statements": 0, "percent_covered": 100.0, "percent_covered_display": "100", "missing_lines": 0, "excluded_lines": 0}, "missing_lines": [], "excluded_lines": []}, "OntologyPlugin": {"executed_lines": [76, 77, 78, 79, 80], "summary": {"covered_lines": 5, "num_statements": 51, "percent_covered": 9.803921568627452, "percent_covered_display": "10", "missing_lines": 46, "excluded_lines": 0}, "missing_lines": [88, 93, 98, 102, 103, 105, 106, 107, 108, 110, 113, 114, 117, 119, 120, 121, 123, 124, 125, 129, 130, 132, 133, 134, 135, 136, 137, 138, 140, 144, 145, 147, 148, 151, 152, 154, 158, 159, 161, 164, 165, 166, 167, 168, 170, 177], "excluded_lines": []}, "CodeOntologyPlugin": {"executed_lines": [], "summary": {"covered_lines": 0, "num_statements": 27, "percent_covered": 0.0, "percent_covered_display": "0", "missing_lines": 27, "excluded_lines": 0}, "missing_lines": [185, 186, 191, 195, 197, 198, 200, 202, 214, 215, 216, 227, 228, 229, 239, 243, 245, 246, 249, 250, 251, 252, 262, 263, 264, 265, 274], "excluded_lines": []}, "C4ModelPlugin": {"executed_lines": [], "summary": {"covered_lines": 0, "num_statements": 28, "percent_covered": 0.0, "percent_covered_display": "0", "missing_lines": 28, "excluded_lines": 0}, "missing_lines": [283, 286, 287, 289, 290, 291, 292, 294, 298, 301, 312, 313, 315, 316, 317, 318, 320, 321, 332, 333, 334, 335, 345, 349, 352, 353, 354, 362], "excluded_lines": []}, "DDDOntologyPlugin": {"executed_lines": [], "summary": {"covered_lines": 0, "num_statements": 37, "percent_covered": 0.0, "percent_covered_display": "0", "missing_lines": 37, "excluded_lines": 0}, "missing_lines": [370, 373, 374, 376, 377, 378, 380, 381, 382, 383, 385, 389, 392, 393, 395, 396, 397, 398, 400, 401, 412, 413, 415, 416, 418, 419, 427, 428, 436, 437, 446, 450, 453, 454, 456, 457, 465], "excluded_lines": []}, "OntologyManager": {"executed_lines": [472, 473, 474, 475, 479, 483, 486, 488, 489, 493, 499, 500, 501, 502, 512, 513, 517, 520, 555, 564, 565, 568, 569, 570, 573, 575, 602, 603, 604, 607, 612, 621, 634, 637, 642, 643, 647, 660, 672], "summary": {"covered_lines": 39, "num_statements": 102, "percent_covered": 38.23529411764706, "percent_covered_display": "38", "missing_lines": 63, "excluded_lines": 0}, "missing_lines": [480, 518, 521, 522, 523, 524, 528, 529, 530, 531, 534, 535, 536, 543, 571, 576, 577, 579, 580, 583, 584, 585, 588, 589, 592, 598, 608, 609, 683, 750, 753, 754, 755, 756, 757, 758, 761, 762, 763, 765, 769, 771, 772, 775, 776, 778, 779, 781, 782, 792, 796, 798, 799, 802, 803, 805, 806, 808, 809, 819, 825, 830, 834], "excluded_lines": []}, "": {"executed_lines": [1, 8, 9, 10, 11, 12, 13, 14, 17, 19, 22, 24, 25, 26, 27, 28, 29, 30, 31, 33, 34, 35, 36, 38, 43, 46, 47, 49, 50, 51, 52, 53, 54, 57, 58, 59, 61, 62, 63, 64, 65, 66, 67, 68, 69, 72, 73, 75, 82, 83, 90, 91, 95, 96, 100, 127, 142, 156, 172, 180, 181, 183, 193, 241, 277, 278, 280, 296, 347, 365, 366, 368, 387, 448, 468, 469, 471, 477, 491, 515, 526, 545, 623, 639, 658, 670, 681, 746, 767, 794, 821, 832, 851, 854, 859], "summary": {"covered_lines": 86, "num_statements": 91, "percent_covered": 94.50549450549451, "percent_covered_display": "95", "missing_lines": 5, "excluded_lines": 2}, "missing_lines": [39, 40, 41, 856, 861], "excluded_lines": [19, 20]}}}, "repoq/pipeline.py": {"executed_lines": [1, 8, 10, 12, 13, 14, 15, 16, 17, 18, 19, 21, 24, 49, 50, 51, 52, 53, 54, 55, 56, 57], "summary": {"covered_lines": 21, "num_statements": 21, "percent_covered": 100.0, "percent_covered_display": "100", "missing_lines": 0, "excluded_lines": 0}, "missing_lines": [], "excluded_lines": [], "functions": {"run_pipeline": {"executed_lines": [49, 50, 51, 52, 53, 54, 55, 56, 57], "summary": {"covered_lines": 9, "num_statements": 9, "percent_covered": 100.0, "percent_covered_display": "100", "missing_lines": 0, "excluded_lines": 0}, "missing_lines": [], "excluded_lines": []}, "": {"executed_lines": [1, 8, 10, 12, 13, 14, 15, 16, 17, 18, 19, 21, 24], "summary": {"covered_lines": 12, "num_statements": 12, "percent_covered": 100.0, "percent_covered_display": "100", "missing_lines": 0, "excluded_lines": 0}, "missing_lines": [], "excluded_lines": []}}, "classes": {"": {"executed_lines": [1, 8, 10, 12, 13, 14, 15, 16, 17, 18, 19, 21, 24, 49, 50, 51, 52, 53, 54, 55, 56, 57], "summary": {"covered_lines": 21, "num_statements": 21, "percent_covered": 100.0, "percent_covered_display": "100", "missing_lines": 0, "excluded_lines": 0}, "missing_lines": [], "excluded_lines": []}}}, "repoq/quality.py": {"executed_lines": [1, 17, 19, 20, 22, 25, 26, 27, 39, 40, 41, 42, 43, 44, 45, 47, 49, 50, 51, 52, 53, 54, 57, 79, 81, 83, 98, 99, 100, 101, 104, 107, 115, 116, 120, 121, 123, 124, 125, 126, 129, 132, 135, 141, 152, 161, 162, 163, 164, 165, 166, 167, 168, 169, 172, 175], "summary": {"covered_lines": 54, "num_statements": 56, "percent_covered": 96.42857142857143, "percent_covered_display": "96", "missing_lines": 2, "excluded_lines": 0}, "missing_lines": [170, 192], "excluded_lines": [], "functions": {"QualityMetrics.__post_init__": {"executed_lines": [49, 50, 51, 52, 53, 54], "summary": {"covered_lines": 6, "num_statements": 6, "percent_covered": 100.0, "percent_covered_display": "100", "missing_lines": 0, "excluded_lines": 0}, "missing_lines": [], "excluded_lines": []}, "compute_quality_score": {"executed_lines": [79, 81, 83, 98, 99, 100, 101, 104, 107, 115, 116, 120, 121, 123, 124, 125, 126, 129, 132, 135, 141], "summary": {"covered_lines": 21, "num_statements": 21, "percent_covered": 100.0, "percent_covered_display": "100", "missing_lines": 0, "excluded_lines": 0}, "missing_lines": [], "excluded_lines": []}, "_compute_grade": {"executed_lines": [161, 162, 163, 164, 165, 166, 167, 168, 169, 172], "summary": {"covered_lines": 10, "num_statements": 11, "percent_covered": 90.9090909090909, "percent_covered_display": "91", "missing_lines": 1, "excluded_lines": 0}, "missing_lines": [170], "excluded_lines": []}, "compare_metrics": {"executed_lines": [], "summary": {"covered_lines": 0, "num_statements": 1, "percent_covered": 0.0, "percent_covered_display": "0", "missing_lines": 1, "excluded_lines": 0}, "missing_lines": [192], "excluded_lines": []}, "": {"executed_lines": [1, 17, 19, 20, 22, 25, 26, 27, 39, 40, 41, 42, 43, 44, 45, 47, 57, 152, 175], "summary": {"covered_lines": 17, "num_statements": 17, "percent_covered": 100.0, "percent_covered_display": "100", "missing_lines": 0, "excluded_lines": 0}, "missing_lines": [], "excluded_lines": []}}, "classes": {"QualityMetrics": {"executed_lines": [49, 50, 51, 52, 53, 54], "summary": {"covered_lines": 6, "num_statements": 6, "percent_covered": 100.0, "percent_covered_display": "100", "missing_lines": 0, "excluded_lines": 0}, "missing_lines": [], "excluded_lines": []}, "": {"executed_lines": [1, 17, 19, 20, 22, 25, 26, 27, 39, 40, 41, 42, 43, 44, 45, 47, 57, 79, 81, 83, 98, 99, 100, 101, 104, 107, 115, 116, 120, 121, 123, 124, 125, 126, 129, 132, 135, 141, 152, 161, 162, 163, 164, 165, 166, 167, 168, 169, 172, 175], "summary": {"covered_lines": 48, "num_statements": 50, "percent_covered": 96.0, "percent_covered_display": "96", "missing_lines": 2, "excluded_lines": 0}, "missing_lines": [170, 192], "excluded_lines": []}}}}, "totals": {"covered_lines": 2410, "num_statements": 3827, "percent_covered": 62.973608570681996, "percent_covered_display": "63", "missing_lines": 1417, "excluded_lines": 9}}